#
# There is insufficient memory for the Java Runtime Environment to continue.
# Native memory allocation (malloc) failed to allocate 1903632 bytes. Error detail: Chunk::new
# Possible reasons:
#   The system is out of physical RAM or swap space
#   This process is running with CompressedOops enabled, and the Java Heap may be blocking the growth of the native heap
# Possible solutions:
#   Reduce memory load on the system
#   Increase physical memory or swap space
#   Check if swap backing store is full
#   Decrease Java heap size (-Xmx/-Xms)
#   Decrease number of Java threads
#   Decrease Java thread stack sizes (-Xss)
#   Set larger code cache with -XX:ReservedCodeCacheSize=
#   JVM is running with Unscaled Compressed Oops mode in which the Java heap is
#     placed in the first 4GB address space. The Java Heap base address is the
#     maximum limit for the native heap growth. Please use -XX:HeapBaseMinAddress
#     to set the Java Heap base and to place the Java Heap above 4GB virtual address.
# This output file may be truncated or incomplete.
#
#  Out of Memory Error (arena.cpp:168), pid=5532, tid=22260
#
# JRE version: OpenJDK Runtime Environment Temurin-21.0.10+7 (21.0.10+7) (build 21.0.10+7-LTS)
# Java VM: OpenJDK 64-Bit Server VM Temurin-21.0.10+7 (21.0.10+7-LTS, mixed mode, sharing, tiered, compressed oops, compressed class ptrs, parallel gc, windows-amd64)
# No core dump will be written. Minidumps are not enabled by default on client versions of Windows
#

---------------  S U M M A R Y ------------

Command Line: --add-modules=ALL-SYSTEM --add-opens=java.base/java.util=ALL-UNNAMED --add-opens=java.base/java.lang=ALL-UNNAMED --add-opens=java.base/sun.nio.fs=ALL-UNNAMED -Declipse.application=org.eclipse.jdt.ls.core.id1 -Dosgi.bundles.defaultStartLevel=4 -Declipse.product=org.eclipse.jdt.ls.core.product -Djava.import.generatesMetadataFilesAtProjectRoot=false -DDetectVMInstallationsJob.disabled=true -Dfile.encoding=utf8 -XX:+UseParallelGC -XX:GCTimeRatio=4 -XX:AdaptiveSizePolicyWeight=90 -Dsun.zip.disableMemoryMapping=true -Xmx2G -Xms100m -Xlog:disable -javaagent:c:\Users\duc.tran5\.antigravity\extensions\redhat.java-1.54.0-win32-x64\lombok\lombok-1.18.39-4050.jar -XX:+HeapDumpOnOutOfMemoryError -XX:HeapDumpPath=c:\Users\duc.tran5\AppData\Roaming\Antigravity\User\workspaceStorage\c0dd5a1957e00520c58bfd4cc7775f38\redhat.java -Daether.dependencyCollector.impl=bf c:\Users\duc.tran5\.antigravity\extensions\redhat.java-1.54.0-win32-x64\server\plugins\org.eclipse.equinox.launcher_1.7.100.v20251111-0406.jar -configuration c:\Users\duc.tran5\AppData\Roaming\Antigravity\User\globalStorage\redhat.java\1.54.0\config_win -data c:\Users\duc.tran5\AppData\Roaming\Antigravity\User\workspaceStorage\c0dd5a1957e00520c58bfd4cc7775f38\redhat.java\jdt_ws --pipe=\\.\pipe\lsp-f38098f2fee7492cfd29a2810be38834-sock

Host: Intel(R) Core(TM) i3-14100, 8 cores, 15G,  Windows 11 , 64 bit Build 26100 (10.0.26100.8246)
Time: Thu Apr 23 09:00:50 2026 SE Asia Standard Time elapsed time: 10.618864 seconds (0d 0h 0m 10s)

---------------  T H R E A D  ---------------

Current thread (0x000001b762f862f0):  JavaThread "C2 CompilerThread1" daemon [_thread_in_native, id=22260, stack(0x000000777a600000,0x000000777a700000) (1024K)]


Current CompileTask:
C2:10618 4734   !   4       org.eclipse.osgi.internal.loader.classpath.ClasspathManager::defineClass (636 bytes)

Stack: [0x000000777a600000,0x000000777a700000]
Native frames: (J=compiled Java code, j=interpreted, Vv=VM code, C=native code)
V  [jvm.dll+0x6d7a39]
V  [jvm.dll+0x8b4b26]
V  [jvm.dll+0x8b70de]
V  [jvm.dll+0x8b77c3]
V  [jvm.dll+0x284346]
V  [jvm.dll+0xc66ed]
V  [jvm.dll+0xc6c31]
V  [jvm.dll+0x3bec3b]
V  [jvm.dll+0x38b162]
V  [jvm.dll+0x38a5aa]
V  [jvm.dll+0x24c560]
V  [jvm.dll+0x24bb40]
V  [jvm.dll+0x1cb34e]
V  [jvm.dll+0x25b85d]
V  [jvm.dll+0x259dea]
V  [jvm.dll+0x3f857e]
V  [jvm.dll+0x85f59d]
V  [jvm.dll+0x6d626d]
C  [ucrtbase.dll+0x37b0]
C  [KERNEL32.DLL+0x2e8d7]
C  [ntdll.dll+0x8c3fc]


---------------  P R O C E S S  ---------------

Threads class SMR info:
_java_thread_list=0x000001b765ede4e0, length=40, elements={
0x000001b701fa1890, 0x000001b704304ac0, 0x000001b704307010, 0x000001b70430cfa0,
0x000001b70430d610, 0x000001b704310080, 0x000001b704313810, 0x000001b7043198f0,
0x000001b75d678100, 0x000001b75d896b70, 0x000001b75d8dbc00, 0x000001b76252b7c0,
0x000001b7624e0810, 0x000001b762809880, 0x000001b762809ef0, 0x000001b762bad230,
0x000001b7627b07c0, 0x000001b762f862f0, 0x000001b7621b3e50, 0x000001b7628932c0,
0x000001b762893950, 0x000001b762893fe0, 0x000001b762894670, 0x000001b762894d00,
0x000001b763ddcc30, 0x000001b762895390, 0x000001b762895a20, 0x000001b7628925a0,
0x000001b763293640, 0x000001b763291570, 0x000001b763294360, 0x000001b763291c00,
0x000001b763292290, 0x000001b763292920, 0x000001b763292fb0, 0x000001b763290ee0,
0x000001b763295710, 0x000001b763297150, 0x000001b763293cd0, 0x000001b763295da0
}

Java Threads: ( => current thread )
  0x000001b701fa1890 JavaThread "main"                              [_thread_blocked, id=2636, stack(0x0000007778c00000,0x0000007778d00000) (1024K)]
  0x000001b704304ac0 JavaThread "Reference Handler"          daemon [_thread_blocked, id=28800, stack(0x0000007779000000,0x0000007779100000) (1024K)]
  0x000001b704307010 JavaThread "Finalizer"                  daemon [_thread_blocked, id=21840, stack(0x0000007779100000,0x0000007779200000) (1024K)]
  0x000001b70430cfa0 JavaThread "Signal Dispatcher"          daemon [_thread_blocked, id=15212, stack(0x0000007779200000,0x0000007779300000) (1024K)]
  0x000001b70430d610 JavaThread "Attach Listener"            daemon [_thread_blocked, id=27448, stack(0x0000007779300000,0x0000007779400000) (1024K)]
  0x000001b704310080 JavaThread "Service Thread"             daemon [_thread_blocked, id=30140, stack(0x0000007779400000,0x0000007779500000) (1024K)]
  0x000001b704313810 JavaThread "Monitor Deflation Thread"   daemon [_thread_blocked, id=23132, stack(0x0000007779500000,0x0000007779600000) (1024K)]
  0x000001b7043198f0 JavaThread "C2 CompilerThread0"         daemon [_thread_in_native, id=4820, stack(0x0000007779600000,0x0000007779700000) (1024K)]
  0x000001b75d678100 JavaThread "C1 CompilerThread0"         daemon [_thread_blocked, id=30036, stack(0x0000007779700000,0x0000007779800000) (1024K)]
  0x000001b75d896b70 JavaThread "Common-Cleaner"             daemon [_thread_blocked, id=28064, stack(0x0000007779800000,0x0000007779900000) (1024K)]
  0x000001b75d8dbc00 JavaThread "Notification Thread"        daemon [_thread_blocked, id=9908, stack(0x0000007779900000,0x0000007779a00000) (1024K)]
  0x000001b76252b7c0 JavaThread "Active Thread: Equinox Container: dfbc1ddc-f3a9-420f-a2af-718e1ecd05b9"        [_thread_blocked, id=11172, stack(0x000000777a100000,0x000000777a200000) (1024K)]
  0x000001b7624e0810 JavaThread "Refresh Thread: Equinox Container: dfbc1ddc-f3a9-420f-a2af-718e1ecd05b9" daemon [_thread_blocked, id=27672, stack(0x000000777a300000,0x000000777a400000) (1024K)]
  0x000001b762809880 JavaThread "Framework Event Dispatcher: Equinox Container: dfbc1ddc-f3a9-420f-a2af-718e1ecd05b9" daemon [_thread_blocked, id=12640, stack(0x000000777a400000,0x000000777a500000) (1024K)]
  0x000001b762809ef0 JavaThread "Start Level: Equinox Container: dfbc1ddc-f3a9-420f-a2af-718e1ecd05b9" daemon [_thread_blocked, id=22220, stack(0x000000777a500000,0x000000777a600000) (1024K)]
  0x000001b762bad230 JavaThread "Bundle File Closer"         daemon [_thread_blocked, id=14920, stack(0x000000777a700000,0x000000777a800000) (1024K)]
  0x000001b7627b07c0 JavaThread "SCR Component Actor"        daemon [_thread_blocked, id=30324, stack(0x0000007779a00000,0x0000007779b00000) (1024K)]
=>0x000001b762f862f0 JavaThread "C2 CompilerThread1"         daemon [_thread_in_native, id=22260, stack(0x000000777a600000,0x000000777a700000) (1024K)]
  0x000001b7621b3e50 JavaThread "Worker-JM"                         [_thread_blocked, id=19780, stack(0x000000777a900000,0x000000777aa00000) (1024K)]
  0x000001b7628932c0 JavaThread "Worker-0: Repository registry initialization"        [_thread_in_vm, id=25408, stack(0x000000777a800000,0x000000777a900000) (1024K)]
  0x000001b762893950 JavaThread "Worker-1: Updating Maven Dependencies"        [_thread_blocked, id=23248, stack(0x000000777aa00000,0x000000777ab00000) (1024K)]
  0x000001b762893fe0 JavaThread "Java indexing"              daemon [_thread_blocked, id=8052, stack(0x000000777ab00000,0x000000777ac00000) (1024K)]
  0x000001b762894670 JavaThread "Worker-2: Initialize After Load"        [_thread_blocked, id=26516, stack(0x000000777ac00000,0x000000777ad00000) (1024K)]
  0x000001b762894d00 JavaThread "Worker-3"                          [_thread_blocked, id=8808, stack(0x000000777ad00000,0x000000777ae00000) (1024K)]
  0x000001b763ddcc30 JavaThread "C2 CompilerThread2"         daemon [_thread_in_native, id=21376, stack(0x000000777ae00000,0x000000777af00000) (1024K)]
  0x000001b762895390 JavaThread "JNA Cleaner"                daemon [_thread_blocked, id=11296, stack(0x000000777af00000,0x000000777b000000) (1024K)]
  0x000001b762895a20 JavaThread "Worker-4"                          [_thread_blocked, id=12612, stack(0x000000777b200000,0x000000777b300000) (1024K)]
  0x000001b7628925a0 JavaThread "Worker-5"                          [_thread_blocked, id=14348, stack(0x000000777b300000,0x000000777b400000) (1024K)]
  0x000001b763293640 JavaThread "Thread-1"                   daemon [_thread_in_native, id=20232, stack(0x000000777b400000,0x000000777b500000) (1024K)]
  0x000001b763291570 JavaThread "Thread-2"                   daemon [_thread_in_native, id=22740, stack(0x000000777b500000,0x000000777b600000) (1024K)]
  0x000001b763294360 JavaThread "Thread-3"                   daemon [_thread_in_native, id=14180, stack(0x000000777b600000,0x000000777b700000) (1024K)]
  0x000001b763291c00 JavaThread "Thread-4"                   daemon [_thread_in_native, id=7000, stack(0x000000777b700000,0x000000777b800000) (1024K)]
  0x000001b763292290 JavaThread "Thread-5"                   daemon [_thread_in_native, id=20572, stack(0x000000777b800000,0x000000777b900000) (1024K)]
  0x000001b763292920 JavaThread "Thread-6"                   daemon [_thread_in_native, id=26848, stack(0x000000777b900000,0x000000777ba00000) (1024K)]
  0x000001b763292fb0 JavaThread "Thread-7"                   daemon [_thread_in_native, id=24008, stack(0x000000777ba00000,0x000000777bb00000) (1024K)]
  0x000001b763290ee0 JavaThread "Thread-8"                   daemon [_thread_in_native, id=23976, stack(0x000000777bb00000,0x000000777bc00000) (1024K)]
  0x000001b763295710 JavaThread "Thread-9"                   daemon [_thread_in_native, id=20328, stack(0x000000777bc00000,0x000000777bd00000) (1024K)]
  0x000001b763297150 JavaThread "pool-2-thread-1"                   [_thread_blocked, id=29304, stack(0x000000777bd00000,0x000000777be00000) (1024K)]
  0x000001b763293cd0 JavaThread "WorkspaceEventsHandler"            [_thread_blocked, id=26144, stack(0x000000777be00000,0x000000777bf00000) (1024K)]
  0x000001b763295da0 JavaThread "pool-1-thread-1"                   [_thread_blocked, id=13100, stack(0x000000777bf00000,0x000000777c000000) (1024K)]
Total: 40

Other Threads:
  0x000001b7042f1de0 VMThread "VM Thread"                           [id=9756, stack(0x0000007778f00000,0x0000007779000000) (1024K)]
  0x000001b70420ca00 WatcherThread "VM Periodic Task Thread"        [id=1332, stack(0x0000007778e00000,0x0000007778f00000) (1024K)]
  0x000001b7043a74a0 WorkerThread "GC Thread#0"                     [id=8632, stack(0x0000007778d00000,0x0000007778e00000) (1024K)]
  0x000001b762057ed0 WorkerThread "GC Thread#1"                     [id=6104, stack(0x0000007779b00000,0x0000007779c00000) (1024K)]
  0x000001b7624e3190 WorkerThread "GC Thread#2"                     [id=20332, stack(0x0000007779c00000,0x0000007779d00000) (1024K)]
  0x000001b762058280 WorkerThread "GC Thread#3"                     [id=24392, stack(0x0000007779d00000,0x0000007779e00000) (1024K)]
  0x000001b762058630 WorkerThread "GC Thread#4"                     [id=23484, stack(0x0000007779e00000,0x0000007779f00000) (1024K)]
  0x000001b7620589e0 WorkerThread "GC Thread#5"                     [id=10344, stack(0x0000007779f00000,0x000000777a000000) (1024K)]
  0x000001b7620591a0 WorkerThread "GC Thread#6"                     [id=16700, stack(0x000000777a000000,0x000000777a100000) (1024K)]
  0x000001b7625cdff0 WorkerThread "GC Thread#7"                     [id=10664, stack(0x000000777a200000,0x000000777a300000) (1024K)]
Total: 10

Threads with active compile tasks:
C2 CompilerThread0  10646 5066   !   4       org.eclipse.osgi.internal.loader.BundleLoader::findImportedSource (29 bytes)
C2 CompilerThread1  10646 4734   !   4       org.eclipse.osgi.internal.loader.classpath.ClasspathManager::defineClass (636 bytes)
C2 CompilerThread2  10646 4935       4       org.eclipse.osgi.internal.loader.BundleLoader::addExportedProvidersFor (167 bytes)
Total: 3

VM state: not at safepoint (normal execution)

VM Mutex/Monitor currently owned by a thread: None

Heap address: 0x0000000080000000, size: 2048 MB, Compressed Oops mode: 32-bit

CDS archive(s) mapped at: [0x000001b71b000000-0x000001b71bba0000-0x000001b71bba0000), size 12189696, SharedBaseAddress: 0x000001b71b000000, ArchiveRelocationMode: 1.
Compressed class space mapped at: 0x000001b71c000000-0x000001b75c000000, reserved size: 1073741824
Narrow klass base: 0x000001b71b000000, Narrow klass shift: 0, Narrow klass range: 0x100000000

GC Precious Log:
 CardTable entry size: 512
 CPUs: 8 total, 8 available
 Memory: 16125M
 Large Page Support: Disabled
 NUMA Support: Disabled
 Compressed Oops: Enabled (32-bit)
 Alignments: Space 512K, Generation 512K, Heap 2M
 Heap Min Capacity: 100M
 Heap Initial Capacity: 100M
 Heap Max Capacity: 2G
 Pre-touch: Disabled
 Parallel Workers: 8

Heap:
 PSYoungGen      total 23040K, used 4090K [0x00000000d5580000, 0x00000000d7380000, 0x0000000100000000)
  eden space 22016K, 15% used [0x00000000d5580000,0x00000000d58ba1d8,0x00000000d6b00000)
  from space 1024K, 100% used [0x00000000d7280000,0x00000000d7380000,0x00000000d7380000)
  to   space 2560K, 0% used [0x00000000d6e80000,0x00000000d6e80000,0x00000000d7100000)
 ParOldGen       total 68608K, used 20434K [0x0000000080000000, 0x0000000084300000, 0x00000000d5580000)
  object space 68608K, 29% used [0x0000000080000000,0x00000000813f49a8,0x0000000084300000)
 Metaspace       used 40137K, committed 41216K, reserved 1114112K
  class space    used 4334K, committed 4800K, reserved 1048576K

Card table byte_map: [0x000001b703d20000,0x000001b704130000] _byte_map_base: 0x000001b703920000

Marking Bits: (ParMarkBitMap*) 0x00007ffa42de3450
 Begin Bits: [0x000001b716830000, 0x000001b718830000)
 End Bits:   [0x000001b718830000, 0x000001b71a830000)

Polling page: 0x000001b7021c0000

Metaspace:

Usage:
  Non-class:     34.97 MB used.
      Class:      4.23 MB used.
       Both:     39.20 MB used.

Virtual space:
  Non-class space:       64.00 MB reserved,      35.56 MB ( 56%) committed,  1 nodes.
      Class space:        1.00 GB reserved,       4.69 MB ( <1%) committed,  1 nodes.
             Both:        1.06 GB reserved,      40.25 MB (  4%) committed. 

Chunk freelists:
   Non-Class:  12.09 MB
       Class:  11.27 MB
        Both:  23.36 MB

MaxMetaspaceSize: unlimited
CompressedClassSpaceSize: 1.00 GB
Initial GC threshold: 21.00 MB
Current GC threshold: 58.38 MB
CDS: on
 - commit_granule_bytes: 65536.
 - commit_granule_words: 8192.
 - virtual_space_node_default_size: 8388608.
 - enlarge_chunks_in_place: 1.
 - use_allocation_guard: 0.


Internal statistics:

num_allocs_failed_limit: 8.
num_arena_births: 726.
num_arena_deaths: 14.
num_vsnodes_births: 2.
num_vsnodes_deaths: 0.
num_space_committed: 644.
num_space_uncommitted: 0.
num_chunks_returned_to_freelist: 22.
num_chunks_taken_from_freelist: 2459.
num_chunk_merges: 12.
num_chunk_splits: 1553.
num_chunks_enlarged: 912.
num_inconsistent_stats: 0.

CodeHeap 'non-profiled nmethods': size=120000Kb used=2439Kb max_used=2477Kb free=117560Kb
 bounds [0x000001b70f050000, 0x000001b70f2e0000, 0x000001b716580000]
CodeHeap 'profiled nmethods': size=120000Kb used=9383Kb max_used=9880Kb free=110616Kb
 bounds [0x000001b707580000, 0x000001b707f30000, 0x000001b70eab0000]
CodeHeap 'non-nmethods': size=5760Kb used=1355Kb max_used=1439Kb free=4404Kb
 bounds [0x000001b70eab0000, 0x000001b70ed20000, 0x000001b70f050000]
CodeCache: size=245760Kb, used=13177Kb, max_used=13796Kb, free=232580Kb
 total_blobs=5163, nmethods=4514, adapters=555, full_count=0
Compilation: enabled, stopped_count=0, restarted_count=0

Compilation events (20 events):
Event: 9.588 Thread 0x000001b75d678100 nmethod 5062 0x000001b707610a90 code [0x000001b707610c80, 0x000001b707611008]
Event: 9.588 Thread 0x000001b75d678100 5063       3       com.google.common.collect.Iterators::getOnlyElement (18 bytes)
Event: 9.588 Thread 0x000001b75d678100 nmethod 5063 0x000001b707610510 code [0x000001b7076106e0, 0x000001b707610950]
Event: 9.593 Thread 0x000001b75d678100 5064       3       java.lang.Class::createAnnotationData (185 bytes)
Event: 9.594 Thread 0x000001b75d678100 nmethod 5064 0x000001b70760e890 code [0x000001b70760ebe0, 0x000001b70760ff28]
Event: 9.594 Thread 0x000001b75d678100 5065       3       java.lang.Class$Atomic::casAnnotationData (13 bytes)
Event: 9.594 Thread 0x000001b75d678100 nmethod 5065 0x000001b70760e510 code [0x000001b70760e6a0, 0x000001b70760e7c0]
Event: 9.599 Thread 0x000001b75d678100 5067       3       sun.reflect.generics.parser.SignatureParser::parseTypeArguments (109 bytes)
Event: 9.600 Thread 0x000001b75d678100 nmethod 5067 0x000001b7075ef510 code [0x000001b7075ef7e0, 0x000001b7075f0688]
Event: 9.600 Thread 0x000001b75d678100 5068       3       com.google.inject.spi.InjectionPoint::forInstanceMethodsAndFields (8 bytes)
Event: 9.600 Thread 0x000001b75d678100 nmethod 5068 0x000001b70760de90 code [0x000001b70760e060, 0x000001b70760e278]
Event: 9.601 Thread 0x000001b7043198f0 nmethod 5059 0x000001b70f0dad10 code [0x000001b70f0dafc0, 0x000001b70f0dc508]
Event: 9.601 Thread 0x000001b7043198f0 5066   !   4       org.eclipse.osgi.internal.loader.BundleLoader::findImportedSource (29 bytes)
Event: 9.608 Thread 0x000001b75d678100 5069       3       com.google.inject.spi.InjectionPoint$InjectableMember::<init> (50 bytes)
Event: 9.609 Thread 0x000001b75d678100 nmethod 5069 0x000001b7075eed10 code [0x000001b7075eef00, 0x000001b7075ef378]
Event: 9.609 Thread 0x000001b75d678100 5070       3       com.google.inject.spi.InjectionPoint$InjectableMembers::add (42 bytes)
Event: 9.609 Thread 0x000001b75d678100 nmethod 5070 0x000001b7075ee890 code [0x000001b7075eea40, 0x000001b7075eec38]
Event: 9.610 Thread 0x000001b75d678100 5072       3       com.google.inject.spi.InjectionPoint$InjectableField::toInjectionPoint (20 bytes)
Event: 9.610 Thread 0x000001b75d678100 nmethod 5072 0x000001b7075ee410 code [0x000001b7075ee5c0, 0x000001b7075ee780]
Event: 9.610 Thread 0x000001b75d678100 5073   !   3       com.google.inject.spi.InjectionPoint::<init> (153 bytes)

GC Heap History (20 events):
Event: 6.792 GC heap before
{Heap before GC invocations=9 (full 1):
 PSYoungGen      total 28160K, used 3812K [0x00000000d5580000, 0x00000000d7980000, 0x0000000100000000)
  eden space 24064K, 0% used [0x00000000d5580000,0x00000000d5580000,0x00000000d6d00000)
  from space 4096K, 93% used [0x00000000d7580000,0x00000000d79390e0,0x00000000d7980000)
  to   space 5632K, 0% used [0x00000000d6e80000,0x00000000d6e80000,0x00000000d7400000)
 ParOldGen       total 68608K, used 11454K [0x0000000080000000, 0x0000000084300000, 0x00000000d5580000)
  object space 68608K, 16% used [0x0000000080000000,0x0000000080b2fac8,0x0000000084300000)
 Metaspace       used 20662K, committed 21504K, reserved 1114112K
  class space    used 2125K, committed 2496K, reserved 1048576K
}
Event: 6.823 GC heap after
{Heap after GC invocations=9 (full 1):
 PSYoungGen      total 28160K, used 0K [0x00000000d5580000, 0x00000000d7980000, 0x0000000100000000)
  eden space 24064K, 0% used [0x00000000d5580000,0x00000000d5580000,0x00000000d6d00000)
  from space 4096K, 0% used [0x00000000d7580000,0x00000000d7580000,0x00000000d7980000)
  to   space 5632K, 0% used [0x00000000d6e80000,0x00000000d6e80000,0x00000000d7400000)
 ParOldGen       total 68608K, used 13120K [0x0000000080000000, 0x0000000084300000, 0x00000000d5580000)
  object space 68608K, 19% used [0x0000000080000000,0x0000000080cd0368,0x0000000084300000)
 Metaspace       used 20649K, committed 21504K, reserved 1114112K
  class space    used 2122K, committed 2496K, reserved 1048576K
}
Event: 7.137 GC heap before
{Heap before GC invocations=10 (full 1):
 PSYoungGen      total 28160K, used 24061K [0x00000000d5580000, 0x00000000d7980000, 0x0000000100000000)
  eden space 24064K, 99% used [0x00000000d5580000,0x00000000d6cff4f8,0x00000000d6d00000)
  from space 4096K, 0% used [0x00000000d7580000,0x00000000d7580000,0x00000000d7980000)
  to   space 5632K, 0% used [0x00000000d6e80000,0x00000000d6e80000,0x00000000d7400000)
 ParOldGen       total 68608K, used 13120K [0x0000000080000000, 0x0000000084300000, 0x00000000d5580000)
  object space 68608K, 19% used [0x0000000080000000,0x0000000080cd0368,0x0000000084300000)
 Metaspace       used 24301K, committed 25152K, reserved 1114112K
  class space    used 2392K, committed 2752K, reserved 1048576K
}
Event: 7.139 GC heap after
{Heap after GC invocations=10 (full 1):
 PSYoungGen      total 29184K, used 480K [0x00000000d5580000, 0x00000000d7600000, 0x0000000100000000)
  eden space 23552K, 0% used [0x00000000d5580000,0x00000000d5580000,0x00000000d6c80000)
  from space 5632K, 8% used [0x00000000d6e80000,0x00000000d6ef83d8,0x00000000d7400000)
  to   space 2048K, 0% used [0x00000000d7400000,0x00000000d7400000,0x00000000d7600000)
 ParOldGen       total 68608K, used 13120K [0x0000000080000000, 0x0000000084300000, 0x00000000d5580000)
  object space 68608K, 19% used [0x0000000080000000,0x0000000080cd0368,0x0000000084300000)
 Metaspace       used 24301K, committed 25152K, reserved 1114112K
  class space    used 2392K, committed 2752K, reserved 1048576K
}
Event: 7.577 GC heap before
{Heap before GC invocations=11 (full 1):
 PSYoungGen      total 29184K, used 24032K [0x00000000d5580000, 0x00000000d7600000, 0x0000000100000000)
  eden space 23552K, 100% used [0x00000000d5580000,0x00000000d6c80000,0x00000000d6c80000)
  from space 5632K, 8% used [0x00000000d6e80000,0x00000000d6ef83d8,0x00000000d7400000)
  to   space 2048K, 0% used [0x00000000d7400000,0x00000000d7400000,0x00000000d7600000)
 ParOldGen       total 68608K, used 13120K [0x0000000080000000, 0x0000000084300000, 0x00000000d5580000)
  object space 68608K, 19% used [0x0000000080000000,0x0000000080cd0368,0x0000000084300000)
 Metaspace       used 25590K, committed 26368K, reserved 1114112K
  class space    used 2488K, committed 2816K, reserved 1048576K
}
Event: 7.579 GC heap after
{Heap after GC invocations=11 (full 1):
 PSYoungGen      total 25088K, used 1907K [0x00000000d5580000, 0x00000000d7600000, 0x0000000100000000)
  eden space 23040K, 0% used [0x00000000d5580000,0x00000000d5580000,0x00000000d6c00000)
  from space 2048K, 93% used [0x00000000d7400000,0x00000000d75dce90,0x00000000d7600000)
  to   space 2560K, 0% used [0x00000000d7100000,0x00000000d7100000,0x00000000d7380000)
 ParOldGen       total 68608K, used 13910K [0x0000000080000000, 0x0000000084300000, 0x00000000d5580000)
  object space 68608K, 20% used [0x0000000080000000,0x0000000080d95878,0x0000000084300000)
 Metaspace       used 25590K, committed 26368K, reserved 1114112K
  class space    used 2488K, committed 2816K, reserved 1048576K
}
Event: 7.920 GC heap before
{Heap before GC invocations=12 (full 1):
 PSYoungGen      total 25088K, used 24947K [0x00000000d5580000, 0x00000000d7600000, 0x0000000100000000)
  eden space 23040K, 100% used [0x00000000d5580000,0x00000000d6c00000,0x00000000d6c00000)
  from space 2048K, 93% used [0x00000000d7400000,0x00000000d75dce90,0x00000000d7600000)
  to   space 2560K, 0% used [0x00000000d7100000,0x00000000d7100000,0x00000000d7380000)
 ParOldGen       total 68608K, used 13910K [0x0000000080000000, 0x0000000084300000, 0x00000000d5580000)
  object space 68608K, 20% used [0x0000000080000000,0x0000000080d95878,0x0000000084300000)
 Metaspace       used 29483K, committed 30464K, reserved 1114112K
  class space    used 2968K, committed 3392K, reserved 1048576K
}
Event: 7.923 GC heap after
{Heap after GC invocations=12 (full 1):
 PSYoungGen      total 24064K, used 1069K [0x00000000d5580000, 0x00000000d7480000, 0x0000000100000000)
  eden space 22528K, 0% used [0x00000000d5580000,0x00000000d5580000,0x00000000d6b80000)
  from space 1536K, 69% used [0x00000000d7100000,0x00000000d720b460,0x00000000d7280000)
  to   space 1536K, 0% used [0x00000000d7300000,0x00000000d7300000,0x00000000d7480000)
 ParOldGen       total 68608K, used 15725K [0x0000000080000000, 0x0000000084300000, 0x00000000d5580000)
  object space 68608K, 22% used [0x0000000080000000,0x0000000080f5b780,0x0000000084300000)
 Metaspace       used 29483K, committed 30464K, reserved 1114112K
  class space    used 2968K, committed 3392K, reserved 1048576K
}
Event: 8.534 GC heap before
{Heap before GC invocations=13 (full 1):
 PSYoungGen      total 24064K, used 23597K [0x00000000d5580000, 0x00000000d7480000, 0x0000000100000000)
  eden space 22528K, 100% used [0x00000000d5580000,0x00000000d6b80000,0x00000000d6b80000)
  from space 1536K, 69% used [0x00000000d7100000,0x00000000d720b460,0x00000000d7280000)
  to   space 1536K, 0% used [0x00000000d7300000,0x00000000d7300000,0x00000000d7480000)
 ParOldGen       total 68608K, used 15725K [0x0000000080000000, 0x0000000084300000, 0x00000000d5580000)
  object space 68608K, 22% used [0x0000000080000000,0x0000000080f5b780,0x0000000084300000)
 Metaspace       used 31745K, committed 32704K, reserved 1114112K
  class space    used 3266K, committed 3712K, reserved 1048576K
}
Event: 8.537 GC heap after
{Heap after GC invocations=13 (full 1):
 PSYoungGen      total 23040K, used 816K [0x00000000d5580000, 0x00000000d7400000, 0x0000000100000000)
  eden space 22016K, 0% used [0x00000000d5580000,0x00000000d5580000,0x00000000d6b00000)
  from space 1024K, 79% used [0x00000000d7300000,0x00000000d73cc208,0x00000000d7400000)
  to   space 1024K, 0% used [0x00000000d7200000,0x00000000d7200000,0x00000000d7300000)
 ParOldGen       total 68608K, used 16538K [0x0000000080000000, 0x0000000084300000, 0x00000000d5580000)
  object space 68608K, 24% used [0x0000000080000000,0x0000000081026a68,0x0000000084300000)
 Metaspace       used 31745K, committed 32704K, reserved 1114112K
  class space    used 3266K, committed 3712K, reserved 1048576K
}
Event: 8.759 GC heap before
{Heap before GC invocations=14 (full 1):
 PSYoungGen      total 23040K, used 22832K [0x00000000d5580000, 0x00000000d7400000, 0x0000000100000000)
  eden space 22016K, 100% used [0x00000000d5580000,0x00000000d6b00000,0x00000000d6b00000)
  from space 1024K, 79% used [0x00000000d7300000,0x00000000d73cc208,0x00000000d7400000)
  to   space 1024K, 0% used [0x00000000d7200000,0x00000000d7200000,0x00000000d7300000)
 ParOldGen       total 68608K, used 16538K [0x0000000080000000, 0x0000000084300000, 0x00000000d5580000)
  object space 68608K, 24% used [0x0000000080000000,0x0000000081026a68,0x0000000084300000)
 Metaspace       used 33787K, committed 34816K, reserved 1114112K
  class space    used 3509K, committed 3968K, reserved 1048576K
}
Event: 8.761 GC heap after
{Heap after GC invocations=14 (full 1):
 PSYoungGen      total 23040K, used 1009K [0x00000000d5580000, 0x00000000d7380000, 0x0000000100000000)
  eden space 22016K, 0% used [0x00000000d5580000,0x00000000d5580000,0x00000000d6b00000)
  from space 1024K, 98% used [0x00000000d7200000,0x00000000d72fc750,0x00000000d7300000)
  to   space 512K, 0% used [0x00000000d7300000,0x00000000d7300000,0x00000000d7380000)
 ParOldGen       total 68608K, used 17389K [0x0000000080000000, 0x0000000084300000, 0x00000000d5580000)
  object space 68608K, 25% used [0x0000000080000000,0x00000000810fb580,0x0000000084300000)
 Metaspace       used 33787K, committed 34816K, reserved 1114112K
  class space    used 3509K, committed 3968K, reserved 1048576K
}
Event: 8.860 GC heap before
{Heap before GC invocations=15 (full 1):
 PSYoungGen      total 23040K, used 12099K [0x00000000d5580000, 0x00000000d7380000, 0x0000000100000000)
  eden space 22016K, 50% used [0x00000000d5580000,0x00000000d6054758,0x00000000d6b00000)
  from space 1024K, 98% used [0x00000000d7200000,0x00000000d72fc750,0x00000000d7300000)
  to   space 512K, 0% used [0x00000000d7300000,0x00000000d7300000,0x00000000d7380000)
 ParOldGen       total 68608K, used 17389K [0x0000000080000000, 0x0000000084300000, 0x00000000d5580000)
  object space 68608K, 25% used [0x0000000080000000,0x00000000810fb580,0x0000000084300000)
 Metaspace       used 34857K, committed 35840K, reserved 1114112K
  class space    used 3645K, committed 4096K, reserved 1048576K
}
Event: 8.861 GC heap after
{Heap after GC invocations=15 (full 1):
 PSYoungGen      total 22528K, used 384K [0x00000000d5580000, 0x00000000d7380000, 0x0000000100000000)
  eden space 22016K, 0% used [0x00000000d5580000,0x00000000d5580000,0x00000000d6b00000)
  from space 512K, 75% used [0x00000000d7300000,0x00000000d7360000,0x00000000d7380000)
  to   space 1024K, 0% used [0x00000000d7180000,0x00000000d7180000,0x00000000d7280000)
 ParOldGen       total 68608K, used 18704K [0x0000000080000000, 0x0000000084300000, 0x00000000d5580000)
  object space 68608K, 27% used [0x0000000080000000,0x00000000812441c8,0x0000000084300000)
 Metaspace       used 34857K, committed 35840K, reserved 1114112K
  class space    used 3645K, committed 4096K, reserved 1048576K
}
Event: 8.861 GC heap before
{Heap before GC invocations=16 (full 2):
 PSYoungGen      total 22528K, used 384K [0x00000000d5580000, 0x00000000d7380000, 0x0000000100000000)
  eden space 22016K, 0% used [0x00000000d5580000,0x00000000d5580000,0x00000000d6b00000)
  from space 512K, 75% used [0x00000000d7300000,0x00000000d7360000,0x00000000d7380000)
  to   space 1024K, 0% used [0x00000000d7180000,0x00000000d7180000,0x00000000d7280000)
 ParOldGen       total 68608K, used 18704K [0x0000000080000000, 0x0000000084300000, 0x00000000d5580000)
  object space 68608K, 27% used [0x0000000080000000,0x00000000812441c8,0x0000000084300000)
 Metaspace       used 34857K, committed 35840K, reserved 1114112K
  class space    used 3645K, committed 4096K, reserved 1048576K
}
Event: 8.890 GC heap after
{Heap after GC invocations=16 (full 2):
 PSYoungGen      total 22528K, used 0K [0x00000000d5580000, 0x00000000d7380000, 0x0000000100000000)
  eden space 22016K, 0% used [0x00000000d5580000,0x00000000d5580000,0x00000000d6b00000)
  from space 512K, 0% used [0x00000000d7300000,0x00000000d7300000,0x00000000d7380000)
  to   space 1024K, 0% used [0x00000000d7180000,0x00000000d7180000,0x00000000d7280000)
 ParOldGen       total 68608K, used 18101K [0x0000000080000000, 0x0000000084300000, 0x00000000d5580000)
  object space 68608K, 26% used [0x0000000080000000,0x00000000811ad798,0x0000000084300000)
 Metaspace       used 34857K, committed 35840K, reserved 1114112K
  class space    used 3645K, committed 4096K, reserved 1048576K
}
Event: 9.101 GC heap before
{Heap before GC invocations=17 (full 2):
 PSYoungGen      total 22528K, used 22016K [0x00000000d5580000, 0x00000000d7380000, 0x0000000100000000)
  eden space 22016K, 100% used [0x00000000d5580000,0x00000000d6b00000,0x00000000d6b00000)
  from space 512K, 0% used [0x00000000d7300000,0x00000000d7300000,0x00000000d7380000)
  to   space 1024K, 0% used [0x00000000d7180000,0x00000000d7180000,0x00000000d7280000)
 ParOldGen       total 68608K, used 18101K [0x0000000080000000, 0x0000000084300000, 0x00000000d5580000)
  object space 68608K, 26% used [0x0000000080000000,0x00000000811ad798,0x0000000084300000)
 Metaspace       used 37334K, committed 38336K, reserved 1114112K
  class space    used 3975K, committed 4416K, reserved 1048576K
}
Event: 9.103 GC heap after
{Heap after GC invocations=17 (full 2):
 PSYoungGen      total 23040K, used 1024K [0x00000000d5580000, 0x00000000d7380000, 0x0000000100000000)
  eden space 22016K, 0% used [0x00000000d5580000,0x00000000d5580000,0x00000000d6b00000)
  from space 1024K, 100% used [0x00000000d7180000,0x00000000d7280000,0x00000000d7280000)
  to   space 1024K, 0% used [0x00000000d7280000,0x00000000d7280000,0x00000000d7380000)
 ParOldGen       total 68608K, used 19172K [0x0000000080000000, 0x0000000084300000, 0x00000000d5580000)
  object space 68608K, 27% used [0x0000000080000000,0x00000000812b9098,0x0000000084300000)
 Metaspace       used 37334K, committed 38336K, reserved 1114112K
  class space    used 3975K, committed 4416K, reserved 1048576K
}
Event: 9.552 GC heap before
{Heap before GC invocations=18 (full 2):
 PSYoungGen      total 23040K, used 23040K [0x00000000d5580000, 0x00000000d7380000, 0x0000000100000000)
  eden space 22016K, 100% used [0x00000000d5580000,0x00000000d6b00000,0x00000000d6b00000)
  from space 1024K, 100% used [0x00000000d7180000,0x00000000d7280000,0x00000000d7280000)
  to   space 1024K, 0% used [0x00000000d7280000,0x00000000d7280000,0x00000000d7380000)
 ParOldGen       total 68608K, used 19172K [0x0000000080000000, 0x0000000084300000, 0x00000000d5580000)
  object space 68608K, 27% used [0x0000000080000000,0x00000000812b9098,0x0000000084300000)
 Metaspace       used 39906K, committed 41024K, reserved 1114112K
  class space    used 4304K, committed 4800K, reserved 1048576K
}
Event: 9.555 GC heap after
{Heap after GC invocations=18 (full 2):
 PSYoungGen      total 23040K, used 1024K [0x00000000d5580000, 0x00000000d7380000, 0x0000000100000000)
  eden space 22016K, 0% used [0x00000000d5580000,0x00000000d5580000,0x00000000d6b00000)
  from space 1024K, 100% used [0x00000000d7280000,0x00000000d7380000,0x00000000d7380000)
  to   space 2560K, 0% used [0x00000000d6e80000,0x00000000d6e80000,0x00000000d7100000)
 ParOldGen       total 68608K, used 20434K [0x0000000080000000, 0x0000000084300000, 0x00000000d5580000)
  object space 68608K, 29% used [0x0000000080000000,0x00000000813f49a8,0x0000000084300000)
 Metaspace       used 39906K, committed 41024K, reserved 1114112K
  class space    used 4304K, committed 4800K, reserved 1048576K
}

Dll operation events (12 events):
Event: 0.023 Loaded shared library c:\Users\duc.tran5\.antigravity\extensions\redhat.java-1.54.0-win32-x64\jre\21.0.10-win32-x86_64\bin\java.dll
Event: 0.113 Loaded shared library c:\Users\duc.tran5\.antigravity\extensions\redhat.java-1.54.0-win32-x64\jre\21.0.10-win32-x86_64\bin\zip.dll
Event: 0.136 Loaded shared library C:\Users\duc.tran5\.antigravity\extensions\redhat.java-1.54.0-win32-x64\jre\21.0.10-win32-x86_64\bin\instrument.dll
Event: 0.144 Loaded shared library C:\Users\duc.tran5\.antigravity\extensions\redhat.java-1.54.0-win32-x64\jre\21.0.10-win32-x86_64\bin\net.dll
Event: 0.148 Loaded shared library C:\Users\duc.tran5\.antigravity\extensions\redhat.java-1.54.0-win32-x64\jre\21.0.10-win32-x86_64\bin\nio.dll
Event: 0.158 Loaded shared library C:\Users\duc.tran5\.antigravity\extensions\redhat.java-1.54.0-win32-x64\jre\21.0.10-win32-x86_64\bin\zip.dll
Event: 0.198 Loaded shared library C:\Users\duc.tran5\.antigravity\extensions\redhat.java-1.54.0-win32-x64\jre\21.0.10-win32-x86_64\bin\jimage.dll
Event: 0.336 Loaded shared library c:\Users\duc.tran5\.antigravity\extensions\redhat.java-1.54.0-win32-x64\jre\21.0.10-win32-x86_64\bin\verify.dll
Event: 2.448 Loaded shared library C:\Users\duc.tran5\AppData\Roaming\Antigravity\User\globalStorage\redhat.java\1.54.0\config_win\org.eclipse.equinox.launcher\org.eclipse.equinox.launcher.win32.win32.x86_64_1.3.0.v20260203-2149\eclipse_11919.dll
Event: 7.631 Loaded shared library C:\Users\duc.tran5\.antigravity\extensions\redhat.java-1.54.0-win32-x64\jre\21.0.10-win32-x86_64\bin\management.dll
Event: 7.634 Loaded shared library C:\Users\duc.tran5\.antigravity\extensions\redhat.java-1.54.0-win32-x64\jre\21.0.10-win32-x86_64\bin\management_ext.dll
Event: 8.420 Loaded shared library C:\Users\duc.tran5\AppData\Local\Temp\jna-784639854\jna10913675946323018883.dll

Deoptimization events (20 events):
Event: 9.239 Thread 0x000001b763295da0 Uncommon trap: trap_request=0xffffff45 fr.pc=0x000001b70f222dcc relative=0x0000000000000b4c
Event: 9.239 Thread 0x000001b763295da0 Uncommon trap: reason=unstable_if action=reinterpret pc=0x000001b70f222dcc method=org.eclipse.osgi.internal.loader.BundleLoader.getPackageName(Ljava/lang/String;)Ljava/lang/String; @ 12 c2
Event: 9.239 Thread 0x000001b763295da0 DEOPT PACKING pc=0x000001b70f222dcc sp=0x000000777bffdce0
Event: 9.239 Thread 0x000001b763295da0 DEOPT UNPACKING pc=0x000001b70eb03aa2 sp=0x000000777bffdc50 mode 2
Event: 9.549 Thread 0x000001b7628932c0 Uncommon trap: trap_request=0xffffffd6 fr.pc=0x000001b70f1545e8 relative=0x00000000000000c8
Event: 9.549 Thread 0x000001b7628932c0 Uncommon trap: reason=array_check action=maybe_recompile pc=0x000001b70f1545e8 method=java.util.stream.Nodes$FixedNodeBuilder.accept(Ljava/lang/Object;)V @ 28 c2
Event: 9.549 Thread 0x000001b7628932c0 DEOPT PACKING pc=0x000001b70f1545e8 sp=0x000000777a8fe100
Event: 9.549 Thread 0x000001b7628932c0 DEOPT UNPACKING pc=0x000001b70eb03aa2 sp=0x000000777a8fe080 mode 2
Event: 9.549 Thread 0x000001b7628932c0 Uncommon trap: trap_request=0xffffffd6 fr.pc=0x000001b70f1545e8 relative=0x00000000000000c8
Event: 9.549 Thread 0x000001b7628932c0 Uncommon trap: reason=array_check action=maybe_recompile pc=0x000001b70f1545e8 method=java.util.stream.Nodes$FixedNodeBuilder.accept(Ljava/lang/Object;)V @ 28 c2
Event: 9.549 Thread 0x000001b7628932c0 DEOPT PACKING pc=0x000001b70f1545e8 sp=0x000000777a8fe100
Event: 9.549 Thread 0x000001b7628932c0 DEOPT UNPACKING pc=0x000001b70eb03aa2 sp=0x000000777a8fe080 mode 2
Event: 9.549 Thread 0x000001b7628932c0 Uncommon trap: trap_request=0xffffffd6 fr.pc=0x000001b70f1545e8 relative=0x00000000000000c8
Event: 9.550 Thread 0x000001b7628932c0 Uncommon trap: reason=array_check action=maybe_recompile pc=0x000001b70f1545e8 method=java.util.stream.Nodes$FixedNodeBuilder.accept(Ljava/lang/Object;)V @ 28 c2
Event: 9.550 Thread 0x000001b7628932c0 DEOPT PACKING pc=0x000001b70f1545e8 sp=0x000000777a8fe100
Event: 9.550 Thread 0x000001b7628932c0 DEOPT UNPACKING pc=0x000001b70eb03aa2 sp=0x000000777a8fe080 mode 2
Event: 9.550 Thread 0x000001b7628932c0 Uncommon trap: trap_request=0xffffffd6 fr.pc=0x000001b70f1545e8 relative=0x00000000000000c8
Event: 9.550 Thread 0x000001b7628932c0 Uncommon trap: reason=array_check action=maybe_recompile pc=0x000001b70f1545e8 method=java.util.stream.Nodes$FixedNodeBuilder.accept(Ljava/lang/Object;)V @ 28 c2
Event: 9.550 Thread 0x000001b7628932c0 DEOPT PACKING pc=0x000001b70f1545e8 sp=0x000000777a8fe100
Event: 9.550 Thread 0x000001b7628932c0 DEOPT UNPACKING pc=0x000001b70eb03aa2 sp=0x000000777a8fe080 mode 2

Classes loaded (20 events):
Event: 9.166 Loading class jdk/internal/reflect/MethodHandleIntegerFieldAccessorImpl
Event: 9.166 Loading class jdk/internal/reflect/MethodHandleIntegerFieldAccessorImpl done
Event: 9.212 Loading class java/util/concurrent/CompletionService
Event: 9.212 Loading class java/util/concurrent/CompletionService done
Event: 9.316 Loading class sun/reflect/generics/scope/ConstructorScope
Event: 9.316 Loading class sun/reflect/generics/scope/ConstructorScope done
Event: 9.316 Loading class sun/reflect/generics/tree/VoidDescriptor
Event: 9.316 Loading class sun/reflect/generics/tree/VoidDescriptor done
Event: 9.332 Loading class java/nio/channels/SocketChannel
Event: 9.332 Loading class java/nio/channels/NetworkChannel
Event: 9.332 Loading class java/nio/channels/NetworkChannel done
Event: 9.332 Loading class java/nio/channels/spi/AbstractSelectableChannel
Event: 9.333 Loading class java/nio/channels/SelectableChannel
Event: 9.333 Loading class java/nio/channels/SelectableChannel done
Event: 9.333 Loading class java/nio/channels/spi/AbstractSelectableChannel done
Event: 9.333 Loading class java/nio/channels/SocketChannel done
Event: 9.336 Loading class java/nio/channels/ServerSocketChannel
Event: 9.337 Loading class java/nio/channels/ServerSocketChannel done
Event: 9.550 Loading class java/nio/file/AccessDeniedException
Event: 9.550 Loading class java/nio/file/AccessDeniedException done

Classes unloaded (7 events):
Event: 6.796 Thread 0x000001b7042f1de0 Unloading class 0x000001b71c1aec00 'java/lang/invoke/LambdaForm$MH+0x000001b71c1aec00'
Event: 6.796 Thread 0x000001b7042f1de0 Unloading class 0x000001b71c1ae800 'java/lang/invoke/LambdaForm$MH+0x000001b71c1ae800'
Event: 6.796 Thread 0x000001b7042f1de0 Unloading class 0x000001b71c1ae400 'java/lang/invoke/LambdaForm$MH+0x000001b71c1ae400'
Event: 6.796 Thread 0x000001b7042f1de0 Unloading class 0x000001b71c1ae000 'java/lang/invoke/LambdaForm$MH+0x000001b71c1ae000'
Event: 6.796 Thread 0x000001b7042f1de0 Unloading class 0x000001b71c1adc00 'java/lang/invoke/LambdaForm$BMH+0x000001b71c1adc00'
Event: 6.796 Thread 0x000001b7042f1de0 Unloading class 0x000001b71c1ad800 'java/lang/invoke/LambdaForm$DMH+0x000001b71c1ad800'
Event: 6.796 Thread 0x000001b7042f1de0 Unloading class 0x000001b71c1ac400 'java/lang/invoke/LambdaForm$DMH+0x000001b71c1ac400'

Classes redefined (0 events):
No events

Internal exceptions (20 events):
Event: 7.678 Thread 0x000001b762893950 Exception <a 'java/lang/NoSuchMethodError'{0x00000000d5bc7660}: 'int java.lang.invoke.Invokers$Holder.linkToTargetMethod(java.lang.Object, java.lang.Object, java.lang.Object)'> (0x00000000d5bc7660) 
thrown [s\src\hotspot\share\interpreter\linkResolver.cpp, line 773]
Event: 7.742 Thread 0x000001b762809ef0 Exception <a 'java/lang/ClassNotFoundException'{0x00000000d5faa300}: com/sun/org/apache/xml/internal/serializer/spi/XMLEntitiesProvider> (0x00000000d5faa300) 
thrown [s\src\hotspot\share\classfile\systemDictionary.cpp, line 312]
Event: 7.970 Thread 0x000001b762809ef0 Exception <a 'java/lang/NoSuchMethodError'{0x00000000d57a61d0}: 'void java.lang.invoke.DirectMethodHandle$Holder.invokeSpecial(java.lang.Object, java.lang.Object, java.lang.Object, int)'> (0x00000000d57a61d0) 
thrown [s\src\hotspot\share\interpreter\linkResolver.cpp, line 773]
Event: 7.997 Thread 0x000001b762809ef0 Exception <a 'java/lang/NoSuchMethodError'{0x00000000d58e1a08}: 'long java.lang.invoke.Invokers$Holder.invokeExact_MT(java.lang.Object, java.lang.Object)'> (0x00000000d58e1a08) 
thrown [s\src\hotspot\share\interpreter\linkResolver.cpp, line 773]
Event: 8.075 Thread 0x000001b762809ef0 Exception <a 'java/io/FileNotFoundException'{0x00000000d5a81368}> (0x00000000d5a81368) 
thrown [s\src\hotspot\share\prims\jni.cpp, line 520]
Event: 8.242 Thread 0x000001b7628932c0 Exception <a 'java/lang/NoClassDefFoundError'{0x00000000d5fee2b8}: javax/enterprise/inject/Typed> (0x00000000d5fee2b8) 
thrown [s\src\hotspot\share\classfile\systemDictionary.cpp, line 301]
Event: 8.488 Thread 0x000001b762809ef0 Exception <a 'java/lang/UnsatisfiedLinkError'{0x00000000d695e870}: The specified procedure could not be found.
> (0x00000000d695e870) 
thrown [s\src\hotspot\share\prims\jni.cpp, line 539]
Event: 8.493 Thread 0x000001b762809ef0 Exception <a 'java/io/FileNotFoundException'{0x00000000d6986d80}> (0x00000000d6986d80) 
thrown [s\src\hotspot\share\prims\jni.cpp, line 520]
Event: 8.542 Thread 0x000001b762809ef0 Exception <a 'java/io/FileNotFoundException'{0x00000000d5600e70}> (0x00000000d5600e70) 
thrown [s\src\hotspot\share\prims\jni.cpp, line 520]
Event: 8.569 Thread 0x000001b762809ef0 Exception <a 'java/lang/NoSuchMethodError'{0x00000000d5712e80}: 'void java.lang.invoke.DelegatingMethodHandle$Holder.reinvoke_L(java.lang.Object, java.lang.Object, int)'> (0x00000000d5712e80) 
thrown [s\src\hotspot\share\interpreter\linkResolver.cpp, line 773]
Event: 8.570 Thread 0x000001b762809ef0 Exception <a 'java/lang/NoSuchMethodError'{0x00000000d57f9818}: 'int java.lang.invoke.Invokers$Holder.invokeExact_MT(java.lang.Object, java.lang.Object, java.lang.Object)'> (0x00000000d57f9818) 
thrown [s\src\hotspot\share\interpreter\linkResolver.cpp, line 773]
Event: 8.573 Thread 0x000001b762809ef0 Exception <a 'java/lang/UnsatisfiedLinkError'{0x00000000d5807ef0}: The specified procedure could not be found.
> (0x00000000d5807ef0) 
thrown [s\src\hotspot\share\prims\jni.cpp, line 539]
Event: 8.592 Thread 0x000001b762809ef0 Exception <a 'java/lang/NoSuchMethodError'{0x00000000d5814cb8}: 'void java.lang.invoke.Invokers$Holder.invokeExact_MT(java.lang.Object, java.lang.Object, int, java.lang.Object)'> (0x00000000d5814cb8) 
thrown [s\src\hotspot\share\interpreter\linkResolver.cpp, line 773]
Event: 8.741 Thread 0x000001b762894d00 Exception <a 'java/lang/NoSuchMethodError'{0x00000000d698ba90}: 'void java.lang.invoke.DirectMethodHandle$Holder.invokeStaticInit(java.lang.Object, java.lang.Object, java.lang.Object, java.lang.Object)'> (0x00000000d698ba90) 
thrown [s\src\hotspot\share\interpreter\linkResolver.cpp, line 773]
Event: 8.786 Thread 0x000001b701fa1890 Exception <a 'java/lang/NoSuchMethodError'{0x00000000d58a1e08}: 'java.lang.Object java.lang.invoke.DirectMethodHandle$Holder.invokeStatic(java.lang.Object, long, java.lang.Object)'> (0x00000000d58a1e08) 
thrown [s\src\hotspot\share\interpreter\linkResolver.cpp, line 773]
Event: 8.789 Thread 0x000001b701fa1890 Exception <a 'java/lang/NoSuchMethodError'{0x00000000d58df9f8}: 'java.lang.Object java.lang.invoke.DirectMethodHandle$Holder.invokeStaticInit(java.lang.Object, long, java.lang.Object)'> (0x00000000d58df9f8) 
thrown [s\src\hotspot\share\interpreter\linkResolver.cpp, line 773]
Event: 8.789 Thread 0x000001b701fa1890 Exception <a 'java/lang/NoSuchMethodError'{0x00000000d58e50b8}: 'java.lang.Object java.lang.invoke.DirectMethodHandle$Holder.newInvokeSpecial(java.lang.Object, long)'> (0x00000000d58e50b8) 
thrown [s\src\hotspot\share\interpreter\linkResolver.cpp, line 773]
Event: 9.073 Thread 0x000001b701fa1890 Exception <a 'java/lang/NoSuchMethodError'{0x00000000d68666b0}: 'void java.lang.invoke.DirectMethodHandle$Holder.invokeSpecial(java.lang.Object, java.lang.Object, java.lang.Object, java.lang.Object, java.lang.Object, java.lang.Object)'> (0x00000000d68666b0) 
thrown [s\src\hotspot\share\interpreter\linkResolver.cpp, line 773]
Event: 9.074 Thread 0x000001b701fa1890 Exception <a 'java/lang/IncompatibleClassChangeError'{0x00000000d68a2458}: Found class java.lang.Object, but interface was expected> (0x00000000d68a2458) 
thrown [s\src\hotspot\share\interpreter\linkResolver.cpp, line 840]
Event: 9.074 Thread 0x000001b701fa1890 Exception <a 'java/lang/IncompatibleClassChangeError'{0x00000000d68a4170}: Found class java.lang.Object, but interface was expected> (0x00000000d68a4170) 
thrown [s\src\hotspot\share\interpreter\linkResolver.cpp, line 840]

ZGC Phase Switch (0 events):
No events

VM Operations (20 events):
Event: 8.174 Executing non-safepoint VM operation: HandshakeAllThreads (Deoptimize) done
Event: 8.470 Executing non-safepoint VM operation: HandshakeAllThreads (Deoptimize)
Event: 8.470 Executing non-safepoint VM operation: HandshakeAllThreads (Deoptimize) done
Event: 8.518 Executing safepoint VM operation: ParallelGCFailedAllocation (Allocation Failure)
Event: 8.537 Executing safepoint VM operation: ParallelGCFailedAllocation (Allocation Failure) done
Event: 8.759 Executing safepoint VM operation: ParallelGCFailedAllocation (Allocation Failure)
Event: 8.761 Executing safepoint VM operation: ParallelGCFailedAllocation (Allocation Failure) done
Event: 8.860 Executing safepoint VM operation: CollectForMetadataAllocation (Metadata GC Threshold)
Event: 8.890 Executing safepoint VM operation: CollectForMetadataAllocation (Metadata GC Threshold) done
Event: 8.970 Executing non-safepoint VM operation: HandshakeAllThreads (Deoptimize)
Event: 8.985 Executing non-safepoint VM operation: HandshakeAllThreads (Deoptimize) done
Event: 9.077 Executing non-safepoint VM operation: HandshakeAllThreads (Deoptimize)
Event: 9.077 Executing non-safepoint VM operation: HandshakeAllThreads (Deoptimize) done
Event: 9.100 Executing safepoint VM operation: ParallelGCFailedAllocation (Allocation Failure)
Event: 9.103 Executing safepoint VM operation: ParallelGCFailedAllocation (Allocation Failure) done
Event: 9.334 Executing non-safepoint VM operation: HandshakeAllThreads (Deoptimize)
Event: 9.335 Executing non-safepoint VM operation: HandshakeAllThreads (Deoptimize) done
Event: 9.552 Executing safepoint VM operation: ParallelGCFailedAllocation (Allocation Failure)
Event: 9.555 Executing safepoint VM operation: ParallelGCFailedAllocation (Allocation Failure) done
Event: 10.569 Executing safepoint VM operation: Cleanup

Memory protections (0 events):
No events

Nmethod flushes (20 events):
Event: 8.875 Thread 0x000001b7042f1de0 flushing  nmethod 0x000001b707bb2e10
Event: 8.875 Thread 0x000001b7042f1de0 flushing  nmethod 0x000001b707bb4010
Event: 8.875 Thread 0x000001b7042f1de0 flushing  nmethod 0x000001b707bb4c90
Event: 8.875 Thread 0x000001b7042f1de0 flushing  nmethod 0x000001b707bb5410
Event: 8.875 Thread 0x000001b7042f1de0 flushing  nmethod 0x000001b707bb5d90
Event: 8.875 Thread 0x000001b7042f1de0 flushing  nmethod 0x000001b707bb6690
Event: 8.875 Thread 0x000001b7042f1de0 flushing  nmethod 0x000001b707bb7b10
Event: 8.875 Thread 0x000001b7042f1de0 flushing  nmethod 0x000001b707bb9010
Event: 8.875 Thread 0x000001b7042f1de0 flushing  nmethod 0x000001b707bb9a90
Event: 8.875 Thread 0x000001b7042f1de0 flushing  nmethod 0x000001b707bbb310
Event: 8.875 Thread 0x000001b7042f1de0 flushing  nmethod 0x000001b707bbb810
Event: 8.875 Thread 0x000001b7042f1de0 flushing  nmethod 0x000001b707bbc790
Event: 8.875 Thread 0x000001b7042f1de0 flushing  nmethod 0x000001b707be4990
Event: 8.875 Thread 0x000001b7042f1de0 flushing  nmethod 0x000001b707bf5c10
Event: 8.875 Thread 0x000001b7042f1de0 flushing  nmethod 0x000001b707bf8810
Event: 8.875 Thread 0x000001b7042f1de0 flushing  nmethod 0x000001b707c03010
Event: 8.875 Thread 0x000001b7042f1de0 flushing  nmethod 0x000001b707c51090
Event: 8.875 Thread 0x000001b7042f1de0 flushing  nmethod 0x000001b707c63590
Event: 8.875 Thread 0x000001b7042f1de0 flushing  nmethod 0x000001b707c96f90
Event: 8.875 Thread 0x000001b7042f1de0 flushing  nmethod 0x000001b707cccd90

Events (20 events):
Event: 5.978 Thread 0x000001b762809ef0 Thread added: 0x000001b762893950
Event: 7.363 Thread 0x000001b762809ef0 Thread added: 0x000001b762893fe0
Event: 7.610 Thread 0x000001b7628932c0 Thread added: 0x000001b762894670
Event: 7.829 Thread 0x000001b762894670 Thread added: 0x000001b762894d00
Event: 8.257 Thread 0x000001b75d678100 Thread added: 0x000001b763ddcc30
Event: 8.477 Thread 0x000001b762809ef0 Thread added: 0x000001b762895390
Event: 8.656 Thread 0x000001b762894d00 Thread added: 0x000001b762895a20
Event: 8.719 Thread 0x000001b762895a20 Thread added: 0x000001b7628925a0
Event: 8.803 Thread 0x000001b701fa1890 Thread added: 0x000001b763293640
Event: 8.804 Thread 0x000001b701fa1890 Thread added: 0x000001b763291570
Event: 8.804 Thread 0x000001b701fa1890 Thread added: 0x000001b763294360
Event: 8.804 Thread 0x000001b701fa1890 Thread added: 0x000001b763291c00
Event: 8.804 Thread 0x000001b701fa1890 Thread added: 0x000001b763292290
Event: 8.805 Thread 0x000001b701fa1890 Thread added: 0x000001b763292920
Event: 8.805 Thread 0x000001b701fa1890 Thread added: 0x000001b763292fb0
Event: 8.805 Thread 0x000001b701fa1890 Thread added: 0x000001b763290ee0
Event: 8.805 Thread 0x000001b701fa1890 Thread added: 0x000001b763295710
Event: 8.852 Thread 0x000001b701fa1890 Thread added: 0x000001b763297150
Event: 9.100 Thread 0x000001b701fa1890 Thread added: 0x000001b763293cd0
Event: 9.104 Thread 0x000001b701fa1890 Thread added: 0x000001b763295da0


Dynamic libraries:
0x00007ff6a1320000 - 0x00007ff6a132e000 	c:\Users\duc.tran5\.antigravity\extensions\redhat.java-1.54.0-win32-x64\jre\21.0.10-win32-x86_64\bin\java.exe
0x00007ffaeeae0000 - 0x00007ffaeed47000 	C:\WINDOWS\SYSTEM32\ntdll.dll
0x00007ffaed450000 - 0x00007ffaed519000 	C:\WINDOWS\System32\KERNEL32.DLL
0x00007ffaec3e0000 - 0x00007ffaec7d4000 	C:\WINDOWS\System32\KERNELBASE.dll
0x0000000076060000 - 0x00000000760fe000 	C:\ProgramData\Symantec\Symantec Endpoint Protection\14.3.10148.8000.105\Data\Sysfer\x64\sysfer.dll
0x00007ffaeb520000 - 0x00007ffaeb66b000 	C:\WINDOWS\System32\ucrtbase.dll
0x00007ffacd4a0000 - 0x00007ffacd4b8000 	c:\Users\duc.tran5\.antigravity\extensions\redhat.java-1.54.0-win32-x64\jre\21.0.10-win32-x86_64\bin\jli.dll
0x00007ffaed280000 - 0x00007ffaed445000 	C:\WINDOWS\System32\USER32.dll
0x00007ffaec3b0000 - 0x00007ffaec3d7000 	C:\WINDOWS\System32\win32u.dll
0x00007ffad43c0000 - 0x00007ffad4653000 	C:\WINDOWS\WinSxS\amd64_microsoft.windows.common-controls_6595b64144ccf1df_6.0.26100.8115_none_3e075c82e3354f9c\COMCTL32.dll
0x00007ffaecec0000 - 0x00007ffaeceeb000 	C:\WINDOWS\System32\GDI32.dll
0x00007ffaee200000 - 0x00007ffaee2a9000 	C:\WINDOWS\System32\msvcrt.dll
0x00007ffaeb670000 - 0x00007ffaeb79b000 	C:\WINDOWS\System32\gdi32full.dll
0x00007ffaeb910000 - 0x00007ffaeb9b3000 	C:\WINDOWS\System32\msvcp_win.dll
0x00007ffaccdd0000 - 0x00007ffaccdee000 	c:\Users\duc.tran5\.antigravity\extensions\redhat.java-1.54.0-win32-x64\jre\21.0.10-win32-x86_64\bin\VCRUNTIME140.dll
0x00007ffaee2b0000 - 0x00007ffaee2e2000 	C:\WINDOWS\System32\IMM32.DLL
0x00007ffacd510000 - 0x00007ffacd51c000 	c:\Users\duc.tran5\.antigravity\extensions\redhat.java-1.54.0-win32-x64\jre\21.0.10-win32-x86_64\bin\vcruntime140_1.dll
0x00007ffab8b80000 - 0x00007ffab8c0d000 	c:\Users\duc.tran5\.antigravity\extensions\redhat.java-1.54.0-win32-x64\jre\21.0.10-win32-x86_64\bin\msvcp140.dll
0x00007ffa42120000 - 0x00007ffa42ec1000 	c:\Users\duc.tran5\.antigravity\extensions\redhat.java-1.54.0-win32-x64\jre\21.0.10-win32-x86_64\bin\server\jvm.dll
0x00007ffaece00000 - 0x00007ffaeceb6000 	C:\WINDOWS\System32\ADVAPI32.dll
0x00007ffaee9e0000 - 0x00007ffaeea87000 	C:\WINDOWS\System32\sechost.dll
0x00007ffaecff0000 - 0x00007ffaed108000 	C:\WINDOWS\System32\RPCRT4.dll
0x00007ffaee7f0000 - 0x00007ffaee870000 	C:\WINDOWS\System32\WS2_32.dll
0x00007ffaeb210000 - 0x00007ffaeb26e000 	C:\WINDOWS\SYSTEM32\POWRPROF.dll
0x00007ffae30d0000 - 0x00007ffae3106000 	C:\WINDOWS\SYSTEM32\WINMM.dll
0x00007ffad8c50000 - 0x00007ffad8c5b000 	C:\WINDOWS\SYSTEM32\VERSION.dll
0x00007ffaeb1f0000 - 0x00007ffaeb204000 	C:\WINDOWS\SYSTEM32\UMPDC.dll
0x00007ffaea100000 - 0x00007ffaea11b000 	C:\WINDOWS\SYSTEM32\kernel.appcore.dll
0x00007ffacd490000 - 0x00007ffacd49a000 	c:\Users\duc.tran5\.antigravity\extensions\redhat.java-1.54.0-win32-x64\jre\21.0.10-win32-x86_64\bin\jimage.dll
0x00007ffab2f40000 - 0x00007ffab3182000 	C:\WINDOWS\SYSTEM32\DBGHELP.DLL
0x00007ffaee3b0000 - 0x00007ffaee732000 	C:\WINDOWS\System32\combase.dll
0x00007ffaec8f0000 - 0x00007ffaec9c8000 	C:\WINDOWS\System32\OLEAUT32.dll
0x00007ffac3770000 - 0x00007ffac37ab000 	C:\WINDOWS\SYSTEM32\dbgcore.DLL
0x00007ffaeb7a0000 - 0x00007ffaeb845000 	C:\WINDOWS\System32\bcryptPrimitives.dll
0x00007ffacd450000 - 0x00007ffacd45f000 	c:\Users\duc.tran5\.antigravity\extensions\redhat.java-1.54.0-win32-x64\jre\21.0.10-win32-x86_64\bin\instrument.dll
0x00007ffacae50000 - 0x00007ffacae70000 	c:\Users\duc.tran5\.antigravity\extensions\redhat.java-1.54.0-win32-x64\jre\21.0.10-win32-x86_64\bin\java.dll
0x00007ffaed5b0000 - 0x00007ffaedd17000 	C:\WINDOWS\System32\SHELL32.dll
0x00007ffaeb3b0000 - 0x00007ffaeb51a000 	C:\WINDOWS\System32\wintypes.dll
0x00007ffaeb9c0000 - 0x00007ffaec228000 	C:\WINDOWS\System32\windows.storage.dll
0x00007ffaee8e0000 - 0x00007ffaee9d8000 	C:\WINDOWS\System32\SHCORE.dll
0x00007ffaec880000 - 0x00007ffaec8e6000 	C:\WINDOWS\System32\shlwapi.dll
0x00007ffaeb2d0000 - 0x00007ffaeb2f9000 	C:\WINDOWS\SYSTEM32\profapi.dll
0x00007ffaca8c0000 - 0x00007ffaca8d8000 	c:\Users\duc.tran5\.antigravity\extensions\redhat.java-1.54.0-win32-x64\jre\21.0.10-win32-x86_64\bin\zip.dll
0x00007ffaccf20000 - 0x00007ffaccf30000 	C:\Users\duc.tran5\.antigravity\extensions\redhat.java-1.54.0-win32-x64\jre\21.0.10-win32-x86_64\bin\net.dll
0x00007ffae5840000 - 0x00007ffae596d000 	C:\WINDOWS\SYSTEM32\WINHTTP.dll
0x00007ffaea650000 - 0x00007ffaea6bc000 	C:\WINDOWS\system32\mswsock.dll
0x00007ffaca330000 - 0x00007ffaca346000 	C:\Users\duc.tran5\.antigravity\extensions\redhat.java-1.54.0-win32-x64\jre\21.0.10-win32-x86_64\bin\nio.dll
0x00007ffacb220000 - 0x00007ffacb230000 	c:\Users\duc.tran5\.antigravity\extensions\redhat.java-1.54.0-win32-x64\jre\21.0.10-win32-x86_64\bin\verify.dll
0x00007ffab8b30000 - 0x00007ffab8b75000 	C:\Users\duc.tran5\AppData\Roaming\Antigravity\User\globalStorage\redhat.java\1.54.0\config_win\org.eclipse.equinox.launcher\org.eclipse.equinox.launcher.win32.win32.x86_64_1.3.0.v20260203-2149\eclipse_11919.dll
0x00007ffaec9e0000 - 0x00007ffaecb77000 	C:\WINDOWS\System32\ole32.dll
0x00007ffaeaa50000 - 0x00007ffaeaa6b000 	C:\WINDOWS\SYSTEM32\CRYPTSP.dll
0x00007ffaea060000 - 0x00007ffaea099000 	C:\WINDOWS\system32\rsaenh.dll
0x00007ffaea700000 - 0x00007ffaea733000 	C:\WINDOWS\SYSTEM32\USERENV.dll
0x00007ffaeb2a0000 - 0x00007ffaeb2ca000 	C:\WINDOWS\SYSTEM32\bcrypt.dll
0x00007ffaea8b0000 - 0x00007ffaea8bc000 	C:\WINDOWS\SYSTEM32\CRYPTBASE.dll
0x00007ffae9860000 - 0x00007ffae9892000 	C:\WINDOWS\SYSTEM32\IPHLPAPI.DLL
0x00007ffaec870000 - 0x00007ffaec87a000 	C:\WINDOWS\System32\NSI.dll
0x00007ffacb130000 - 0x00007ffacb13a000 	C:\Users\duc.tran5\.antigravity\extensions\redhat.java-1.54.0-win32-x64\jre\21.0.10-win32-x86_64\bin\management.dll
0x00007ffacb060000 - 0x00007ffacb06c000 	C:\Users\duc.tran5\.antigravity\extensions\redhat.java-1.54.0-win32-x64\jre\21.0.10-win32-x86_64\bin\management_ext.dll
0x00007ffaec9d0000 - 0x00007ffaec9d8000 	C:\WINDOWS\System32\PSAPI.DLL
0x00007ffab85f0000 - 0x00007ffab8639000 	C:\Users\duc.tran5\AppData\Local\Temp\jna-784639854\jna10913675946323018883.dll
0x00007ffae5c90000 - 0x00007ffae5cad000 	C:\WINDOWS\SYSTEM32\dhcpcsvc6.DLL
0x00007ffae5c30000 - 0x00007ffae5c55000 	C:\WINDOWS\SYSTEM32\dhcpcsvc.DLL

JVMTI agents:
c:\Users\duc.tran5\.antigravity\extensions\redhat.java-1.54.0-win32-x64\lombok\lombok-1.18.39-4050.jar path:c:\Users\duc.tran5\.antigravity\extensions\redhat.java-1.54.0-win32-x64\jre\21.0.10-win32-x86_64\bin\instrument.dll, loaded, initialized, instrumentlib options:none

dbghelp: loaded successfully - version: 4.0.5 - missing functions: none
symbol engine: initialized successfully - sym options: 0x614 - pdb path: .;c:\Users\duc.tran5\.antigravity\extensions\redhat.java-1.54.0-win32-x64\jre\21.0.10-win32-x86_64\bin;C:\WINDOWS\SYSTEM32;C:\ProgramData\Symantec\Symantec Endpoint Protection\14.3.10148.8000.105\Data\Sysfer\x64;C:\WINDOWS\WinSxS\amd64_microsoft.windows.common-controls_6595b64144ccf1df_6.0.26100.8115_none_3e075c82e3354f9c;c:\Users\duc.tran5\.antigravity\extensions\redhat.java-1.54.0-win32-x64\jre\21.0.10-win32-x86_64\bin\server;C:\Users\duc.tran5\AppData\Roaming\Antigravity\User\globalStorage\redhat.java\1.54.0\config_win\org.eclipse.equinox.launcher\org.eclipse.equinox.launcher.win32.win32.x86_64_1.3.0.v20260203-2149;C:\Users\duc.tran5\AppData\Local\Temp\jna-784639854

VM Arguments:
jvm_args: --add-modules=ALL-SYSTEM --add-opens=java.base/java.util=ALL-UNNAMED --add-opens=java.base/java.lang=ALL-UNNAMED --add-opens=java.base/sun.nio.fs=ALL-UNNAMED -Declipse.application=org.eclipse.jdt.ls.core.id1 -Dosgi.bundles.defaultStartLevel=4 -Declipse.product=org.eclipse.jdt.ls.core.product -Djava.import.generatesMetadataFilesAtProjectRoot=false -DDetectVMInstallationsJob.disabled=true -Dfile.encoding=utf8 -XX:+UseParallelGC -XX:GCTimeRatio=4 -XX:AdaptiveSizePolicyWeight=90 -Dsun.zip.disableMemoryMapping=true -Xmx2G -Xms100m -Xlog:disable -javaagent:c:\Users\duc.tran5\.antigravity\extensions\redhat.java-1.54.0-win32-x64\lombok\lombok-1.18.39-4050.jar -XX:+HeapDumpOnOutOfMemoryError -XX:HeapDumpPath=c:\Users\duc.tran5\AppData\Roaming\Antigravity\User\workspaceStorage\c0dd5a1957e00520c58bfd4cc7775f38\redhat.java -Daether.dependencyCollector.impl=bf 
java_command: c:\Users\duc.tran5\.antigravity\extensions\redhat.java-1.54.0-win32-x64\server\plugins\org.eclipse.equinox.launcher_1.7.100.v20251111-0406.jar -configuration c:\Users\duc.tran5\AppData\Roaming\Antigravity\User\globalStorage\redhat.java\1.54.0\config_win -data c:\Users\duc.tran5\AppData\Roaming\Antigravity\User\workspaceStorage\c0dd5a1957e00520c58bfd4cc7775f38\redhat.java\jdt_ws --pipe=\\.\pipe\lsp-f38098f2fee7492cfd29a2810be38834-sock
java_class_path (initial): c:\Users\duc.tran5\.antigravity\extensions\redhat.java-1.54.0-win32-x64\server\plugins\org.eclipse.equinox.launcher_1.7.100.v20251111-0406.jar
Launcher Type: SUN_STANDARD

[Global flags]
    uintx AdaptiveSizePolicyWeight                 = 90                                        {product} {command line}
     intx CICompilerCount                          = 4                                         {product} {ergonomic}
    uintx GCTimeRatio                              = 4                                         {product} {command line}
     bool HeapDumpOnOutOfMemoryError               = true                                   {manageable} {command line}
    ccstr HeapDumpPath                             = c:\Users\duc.tran5\AppData\Roaming\Antigravity\User\workspaceStorage\c0dd5a1957e00520c58bfd4cc7775f38\redhat.java         {manageable} {command line}
   size_t InitialHeapSize                          = 104857600                                 {product} {command line}
   size_t MaxHeapSize                              = 2147483648                                {product} {command line}
   size_t MaxNewSize                               = 715653120                                 {product} {ergonomic}
   size_t MinHeapDeltaBytes                        = 524288                                    {product} {ergonomic}
   size_t MinHeapSize                              = 104857600                                 {product} {command line}
   size_t NewSize                                  = 34603008                                  {product} {ergonomic}
    uintx NonNMethodCodeHeapSize                   = 5839372                                {pd product} {ergonomic}
    uintx NonProfiledCodeHeapSize                  = 122909434                              {pd product} {ergonomic}
   size_t OldSize                                  = 70254592                                  {product} {ergonomic}
    uintx ProfiledCodeHeapSize                     = 122909434                              {pd product} {ergonomic}
    uintx ReservedCodeCacheSize                    = 251658240                              {pd product} {ergonomic}
     bool SegmentedCodeCache                       = true                                      {product} {ergonomic}
   size_t SoftMaxHeapSize                          = 2147483648                             {manageable} {ergonomic}
     bool UseCompressedOops                        = true                           {product lp64_product} {ergonomic}
     bool UseLargePagesIndividualAllocation        = false                                  {pd product} {ergonomic}
     bool UseParallelGC                            = true                                      {product} {command line}

Logging:
Log output configuration:
 #0: stdout all=off uptime,level,tags foldmultilines=false
 #1: stderr all=off uptime,level,tags foldmultilines=false

Release file:
JAVA_VERSION="21.0.10" 
MODULES="java.base java.compiler java.datatransfer java.xml java.prefs java.desktop java.instrument java.logging java.management java.security.sasl java.naming java.rmi java.management.rmi java.net.http java.scripting java.security.jgss java.transaction.xa java.sql java.sql.rowset java.xml.crypto java.se java.smartcardio jdk.accessibility jdk.internal.jvmstat jdk.attach jdk.charsets jdk.internal.opt jdk.zipfs jdk.compiler jdk.crypto.ec jdk.crypto.cryptoki jdk.crypto.mscapi jdk.dynalink jdk.internal.ed jdk.editpad jdk.hotspot.agent jdk.httpserver jdk.internal.le jdk.internal.vm.ci jdk.internal.vm.compiler jdk.internal.vm.compiler.management jdk.jartool jdk.javadoc jdk.jcmd jdk.management jdk.management.agent jdk.jconsole jdk.jdeps jdk.jdwp.agent jdk.jdi jdk.jfr jdk.jshell jdk.jsobject jdk.jstatd jdk.localedata jdk.management.jfr jdk.naming.dns jdk.naming.rmi jdk.net jdk.nio.mapmode jdk.random jdk.sctp jdk.security.auth jdk.security.jgss jdk.unsupported jdk.unsupported.desktop jdk.xml.dom" 

Environment Variables:
JAVA_HOME=C:\Program Files\Java\jdk-11
PATH=C:\Program Files\Java\jdk-11\bin;C:\Program Files\Common Files\Oracle\Java\javapath;C:\WINDOWS\system32;C:\WINDOWS;C:\WINDOWS\System32\Wbem;C:\WINDOWS\System32\WindowsPowerShell\v1.0\;C:\WINDOWS\System32\OpenSSH\;C:\Program Files\Git\cmd;C:\Program Files\Docker\Docker\resources\bin;C:\Program Files\Go\bin;C:\Program Files\nodejs\;C:\Program Files\cursor\resources\app\bin;C:\Program Files\apache-maven-3.9.12\bin;C:\Program Files\terraform;C:\Program Files\Amazon\AWSCLIV2\;C:\Program Files\Cloudflare\Cloudflare WARP\;C:\Program Files\MySQL\MySQL Shell 8.0\bin\;C:\Users\duc.tran5\AppData\Local\Microsoft\WindowsApps;C:\Program Files\JetBrains\IntelliJ IDEA Community Edition 2025.2\bin;C:\Users\duc.tran5\AppData\Local\Programs\Microsoft VS Code\bin;C:\Users\duc.tran5\go\bin;C:\Users\duc.tran5\AppData\Roaming\npm;C:\Users\duc.tran5\AppData\Local\Programs\Antigravity\bin;C:\Program Files\JetBrains\IntelliJ IDEA 2025.3.2\bin;C:\Users\duc.tran5\.local\bin;
USERNAME=duc.tran5
OS=Windows_NT
PROCESSOR_IDENTIFIER=Intel64 Family 6 Model 191 Stepping 5, GenuineIntel
TMP=C:\Users\DUC~1.TRA\AppData\Local\Temp
TEMP=C:\Users\DUC~1.TRA\AppData\Local\Temp




Periodic native trim disabled

---------------  S Y S T E M  ---------------

OS:
 Windows 11 , 64 bit Build 26100 (10.0.26100.8246)
OS uptime: 8 days 0:46 hours
Hyper-V role detected

CPU: total 8 (initial active 8) (4 cores per cpu, 2 threads per core) family 6 model 191 stepping 5 microcode 0x2c, cx8, cmov, fxsr, ht, mmx, 3dnowpref, sse, sse2, sse3, ssse3, sse4.1, sse4.2, popcnt, lzcnt, tsc, tscinvbit, avx, avx2, aes, erms, clmul, bmi1, bmi2, adx, sha, fma, vzeroupper, clflush, clflushopt, clwb, hv, serialize, rdtscp, rdpid, fsrm, f16c, cet_ibt, cet_ss
Processor Information for the first 8 processors :
  Max Mhz: 3500, Current Mhz: 3500, Mhz Limit: 3500

Memory: 4k page, system-wide physical 16125M (935M free)
TotalPageFile size 32509M (AvailPageFile size 25M)
current process WorkingSet (physical memory assigned to process): 213M, peak: 228M
current process commit charge ("private bytes"): 334M, peak: 350M

vm_info: OpenJDK 64-Bit Server VM (21.0.10+7-LTS) for windows-amd64 JRE (21.0.10+7-LTS), built on 2026-01-20T00:00:00Z by "admin" with MS VC++ 17.12 (VS2022)

END.
