#
# There is insufficient memory for the Java Runtime Environment to continue.
# Native memory allocation (malloc) failed to allocate 260816 bytes. Error detail: Chunk::new
# Possible reasons:
#   The system is out of physical RAM or swap space
#   This process is running with CompressedOops enabled, and the Java Heap may be blocking the growth of the native heap
# Possible solutions:
#   Reduce memory load on the system
#   Increase physical memory or swap space
#   Check if swap backing store is full
#   Decrease Java heap size (-Xmx/-Xms)
#   Decrease number of Java threads
#   Decrease Java thread stack sizes (-Xss)
#   Set larger code cache with -XX:ReservedCodeCacheSize=
#   JVM is running with Unscaled Compressed Oops mode in which the Java heap is
#     placed in the first 4GB address space. The Java Heap base address is the
#     maximum limit for the native heap growth. Please use -XX:HeapBaseMinAddress
#     to set the Java Heap base and to place the Java Heap above 4GB virtual address.
# This output file may be truncated or incomplete.
#
#  Out of Memory Error (arena.cpp:168), pid=22424, tid=23220
#
# JRE version: OpenJDK Runtime Environment Temurin-21.0.10+7 (21.0.10+7) (build 21.0.10+7-LTS)
# Java VM: OpenJDK 64-Bit Server VM Temurin-21.0.10+7 (21.0.10+7-LTS, mixed mode, sharing, tiered, compressed oops, compressed class ptrs, parallel gc, windows-amd64)
# No core dump will be written. Minidumps are not enabled by default on client versions of Windows
#

---------------  S U M M A R Y ------------

Command Line: --add-modules=ALL-SYSTEM --add-opens=java.base/java.util=ALL-UNNAMED --add-opens=java.base/java.lang=ALL-UNNAMED --add-opens=java.base/sun.nio.fs=ALL-UNNAMED -Declipse.application=org.eclipse.jdt.ls.core.id1 -Dosgi.bundles.defaultStartLevel=4 -Declipse.product=org.eclipse.jdt.ls.core.product -Djava.import.generatesMetadataFilesAtProjectRoot=false -DDetectVMInstallationsJob.disabled=true -Dfile.encoding=utf8 -XX:+UseParallelGC -XX:GCTimeRatio=4 -XX:AdaptiveSizePolicyWeight=90 -Dsun.zip.disableMemoryMapping=true -Xmx2G -Xms100m -Xlog:disable -javaagent:c:\Users\duc.tran5\.antigravity\extensions\redhat.java-1.54.0-win32-x64\lombok\lombok-1.18.39-4050.jar c:\Users\duc.tran5\.antigravity\extensions\redhat.java-1.54.0-win32-x64\server\plugins\org.eclipse.equinox.launcher_1.7.100.v20251111-0406.jar -configuration c:\Users\duc.tran5\AppData\Roaming\Antigravity\User\globalStorage\redhat.java\1.54.0\config_ss_win -data c:\Users\duc.tran5\AppData\Roaming\Antigravity\User\workspaceStorage\c0dd5a1957e00520c58bfd4cc7775f38\redhat.java\ss_ws --pipe=\\.\pipe\lsp-087fffad4ee9449522510f82c9774342-sock

Host: Intel(R) Core(TM) i3-14100, 8 cores, 15G,  Windows 11 , 64 bit Build 26100 (10.0.26100.8246)
Time: Thu Apr 23 09:00:27 2026 SE Asia Standard Time elapsed time: 3.781504 seconds (0d 0h 0m 3s)

---------------  T H R E A D  ---------------

Current thread (0x000001f96130e980):  JavaThread "C2 CompilerThread0" daemon [_thread_in_native, id=23220, stack(0x0000009966500000,0x0000009966600000) (1024K)]


Current CompileTask:
C2:3781 1337       4       lombok.launch.PackageShader::apply (252 bytes)

Stack: [0x0000009966500000,0x0000009966600000]
Native frames: (J=compiled Java code, j=interpreted, Vv=VM code, C=native code)
V  [jvm.dll+0x6d7a39]
V  [jvm.dll+0x8b4b26]
V  [jvm.dll+0x8b70de]
V  [jvm.dll+0x8b77c3]
V  [jvm.dll+0x284346]
V  [jvm.dll+0xc66ed]
V  [jvm.dll+0xc6c31]
V  [jvm.dll+0x2fb29e]
V  [jvm.dll+0x5fe884]
V  [jvm.dll+0x255b17]
V  [jvm.dll+0x24dc0b]
V  [jvm.dll+0x24ba42]
V  [jvm.dll+0x1cb34e]
V  [jvm.dll+0x25b85d]
V  [jvm.dll+0x259dea]
V  [jvm.dll+0x3f857e]
V  [jvm.dll+0x85f59d]
V  [jvm.dll+0x6d626d]
C  [ucrtbase.dll+0x37b0]
C  [KERNEL32.DLL+0x2e8d7]
C  [ntdll.dll+0x8c3fc]


---------------  P R O C E S S  ---------------

Threads class SMR info:
_java_thread_list=0x000001f97e625310, length=12, elements={
0x000001f961377830, 0x000001f96142e060, 0x000001f9612eb430, 0x000001f9612f8070,
0x000001f9612f8b70, 0x000001f9612fc770, 0x000001f96130bbf0, 0x000001f96130e980,
0x000001f96130f4d0, 0x000001f979810600, 0x000001f97992ca20, 0x000001f97993e920
}

Java Threads: ( => current thread )
  0x000001f961377830 JavaThread "main"                              [_thread_in_vm, id=4616, stack(0x0000009965b00000,0x0000009965c00000) (1024K)]
  0x000001f96142e060 JavaThread "Reference Handler"          daemon [_thread_blocked, id=11540, stack(0x0000009965f00000,0x0000009966000000) (1024K)]
  0x000001f9612eb430 JavaThread "Finalizer"                  daemon [_thread_blocked, id=27092, stack(0x0000009966000000,0x0000009966100000) (1024K)]
  0x000001f9612f8070 JavaThread "Signal Dispatcher"          daemon [_thread_blocked, id=10396, stack(0x0000009966100000,0x0000009966200000) (1024K)]
  0x000001f9612f8b70 JavaThread "Attach Listener"            daemon [_thread_blocked, id=8052, stack(0x0000009966200000,0x0000009966300000) (1024K)]
  0x000001f9612fc770 JavaThread "Service Thread"             daemon [_thread_blocked, id=20660, stack(0x0000009966300000,0x0000009966400000) (1024K)]
  0x000001f96130bbf0 JavaThread "Monitor Deflation Thread"   daemon [_thread_blocked, id=26948, stack(0x0000009966400000,0x0000009966500000) (1024K)]
=>0x000001f96130e980 JavaThread "C2 CompilerThread0"         daemon [_thread_in_native, id=23220, stack(0x0000009966500000,0x0000009966600000) (1024K)]
  0x000001f96130f4d0 JavaThread "C1 CompilerThread0"         daemon [_thread_in_native, id=12448, stack(0x0000009966600000,0x0000009966700000) (1024K)]
  0x000001f979810600 JavaThread "Common-Cleaner"             daemon [_thread_blocked, id=8808, stack(0x0000009966800000,0x0000009966900000) (1024K)]
  0x000001f97992ca20 JavaThread "Notification Thread"        daemon [_thread_blocked, id=28128, stack(0x0000009966700000,0x0000009966800000) (1024K)]
  0x000001f97993e920 Thread "Unknown thread"                        [id=11992, stack(0x0000009966900000,0x0000009966a00000) (1024K)]
Total: 12

Other Threads:
  0x000001f9612e1d80 VMThread "VM Thread"                           [id=11456, stack(0x0000009965e00000,0x0000009965f00000) (1024K)]
  0x000001f9611fca00 WatcherThread "VM Periodic Task Thread"        [id=2432, stack(0x0000009965d00000,0x0000009965e00000) (1024K)]
  0x000001f961395f70 WorkerThread "GC Thread#0"                     [id=20820, stack(0x0000009965c00000,0x0000009965d00000) (1024K)]
  0x000001f97e610ac0 WorkerThread "GC Thread#1"                     [id=25324, stack(0x0000009966b00000,0x0000009966c00000) (1024K)]
  0x000001f97e060120 WorkerThread "GC Thread#2"                     [id=20684, stack(0x0000009966c00000,0x0000009966d00000) (1024K)]
  0x000001f97e0604d0 WorkerThread "GC Thread#3"                     [id=17420, stack(0x0000009966d00000,0x0000009966e00000) (1024K)]
  0x000001f97e060880 WorkerThread "GC Thread#4"                     [id=17312, stack(0x0000009966e00000,0x0000009966f00000) (1024K)]
  0x000001f97e060c30 WorkerThread "GC Thread#5"                     [id=28424, stack(0x0000009966f00000,0x0000009967000000) (1024K)]
  0x000001f97e060fe0 WorkerThread "GC Thread#6"                     [id=24292, stack(0x0000009967000000,0x0000009967100000) (1024K)]
Total: 9

Threads with active compile tasks:
C2 CompilerThread0  4806 1337       4       lombok.launch.PackageShader::apply (252 bytes)
Total: 1

VM state: not at safepoint (normal execution)

VM Mutex/Monitor currently owned by a thread: None

Heap address: 0x0000000080000000, size: 2048 MB, Compressed Oops mode: 32-bit

CDS archive(s) mapped at: [0x000001f900000000-0x000001f900ba0000-0x000001f900ba0000), size 12189696, SharedBaseAddress: 0x000001f900000000, ArchiveRelocationMode: 1.
Compressed class space mapped at: 0x000001f901000000-0x000001f941000000, reserved size: 1073741824
Narrow klass base: 0x000001f900000000, Narrow klass shift: 0, Narrow klass range: 0x100000000

GC Precious Log:
 CardTable entry size: 512
 CPUs: 8 total, 8 available
 Memory: 16125M
 Large Page Support: Disabled
 NUMA Support: Disabled
 Compressed Oops: Enabled (32-bit)
 Alignments: Space 512K, Generation 512K, Heap 2M
 Heap Min Capacity: 100M
 Heap Initial Capacity: 100M
 Heap Max Capacity: 2G
 Pre-touch: Disabled
 Parallel Workers: 8

Heap:
 PSYoungGen      total 29696K, used 11460K [0x00000000d5580000, 0x00000000d7680000, 0x0000000100000000)
  eden space 25600K, 31% used [0x00000000d5580000,0x00000000d5d78f38,0x00000000d6e80000)
  from space 4096K, 80% used [0x00000000d6e80000,0x00000000d71b8158,0x00000000d7280000)
  to   space 4096K, 0% used [0x00000000d7280000,0x00000000d7280000,0x00000000d7680000)
 ParOldGen       total 68608K, used 16K [0x0000000080000000, 0x0000000084300000, 0x00000000d5580000)
  object space 68608K, 0% used [0x0000000080000000,0x0000000080004000,0x0000000084300000)
 Metaspace       used 6027K, committed 6272K, reserved 1114112K
  class space    used 620K, committed 768K, reserved 1048576K

Card table byte_map: [0x000001f960d10000,0x000001f961120000] _byte_map_base: 0x000001f960910000

Marking Bits: (ParMarkBitMap*) 0x00007ffa42de3450
 Begin Bits: [0x000001f973820000, 0x000001f975820000)
 End Bits:   [0x000001f975820000, 0x000001f977820000)

Polling page: 0x000001f95f380000

Metaspace:

Usage:
  Non-class:      5.28 MB used.
      Class:    620.91 KB used.
       Both:      5.89 MB used.

Virtual space:
  Non-class space:       64.00 MB reserved,       5.38 MB (  8%) committed,  1 nodes.
      Class space:        1.00 GB reserved,     768.00 KB ( <1%) committed,  1 nodes.
             Both:        1.06 GB reserved,       6.12 MB ( <1%) committed. 

Chunk freelists:
   Non-Class:  10.06 MB
       Class:  15.08 MB
        Both:  25.14 MB

MaxMetaspaceSize: unlimited
CompressedClassSpaceSize: 1.00 GB
Initial GC threshold: 21.00 MB
Current GC threshold: 21.00 MB
CDS: on
 - commit_granule_bytes: 65536.
 - commit_granule_words: 8192.
 - virtual_space_node_default_size: 8388608.
 - enlarge_chunks_in_place: 1.
 - use_allocation_guard: 0.


Internal statistics:

num_allocs_failed_limit: 0.
num_arena_births: 190.
num_arena_deaths: 0.
num_vsnodes_births: 2.
num_vsnodes_deaths: 0.
num_space_committed: 98.
num_space_uncommitted: 0.
num_chunks_returned_to_freelist: 0.
num_chunks_taken_from_freelist: 313.
num_chunk_merges: 0.
num_chunk_splits: 200.
num_chunks_enlarged: 126.
num_inconsistent_stats: 0.

CodeHeap 'non-profiled nmethods': size=120000Kb used=563Kb max_used=563Kb free=119437Kb
 bounds [0x000001f96c040000, 0x000001f96c2b0000, 0x000001f973570000]
CodeHeap 'profiled nmethods': size=120000Kb used=2263Kb max_used=2263Kb free=117736Kb
 bounds [0x000001f964570000, 0x000001f9647e0000, 0x000001f96baa0000]
CodeHeap 'non-nmethods': size=5760Kb used=1207Kb max_used=1230Kb free=4552Kb
 bounds [0x000001f96baa0000, 0x000001f96bd10000, 0x000001f96c040000]
CodeCache: size=245760Kb, used=4033Kb, max_used=4056Kb, free=241725Kb
 total_blobs=1810, nmethods=1339, adapters=378, full_count=0
Compilation: enabled, stopped_count=0, restarted_count=0

Compilation events (20 events):
Event: 1.750 Thread 0x000001f97993d4b0 nmethod 1308 0x000001f96c0c3b10 code [0x000001f96c0c3d80, 0x000001f96c0c4810]
Event: 1.750 Thread 0x000001f96130f4d0 nmethod 1334 0x000001f96479e090 code [0x000001f96479e300, 0x000001f96479eda8]
Event: 1.750 Thread 0x000001f96130f4d0 1335       3       java.net.URLStreamHandler::setURL (159 bytes)
Event: 1.751 Thread 0x000001f97993d4b0 1323       4       java.io.DataInputStream::readInt (19 bytes)
Event: 1.751 Thread 0x000001f96130e980 nmethod 1320 0x000001f96c0c5290 code [0x000001f96c0c5460, 0x000001f96c0c57d8]
Event: 1.751 Thread 0x000001f96130e980 1322       4       java.util.ArrayList::get (15 bytes)
Event: 1.752 Thread 0x000001f96130f4d0 nmethod 1335 0x000001f96479f210 code [0x000001f96479f5a0, 0x000001f9647a0a08]
Event: 1.752 Thread 0x000001f96130f4d0 1336       3       java.util.Base64$Decoder::decodeBlock (186 bytes)
Event: 1.752 Thread 0x000001f96130f4d0 nmethod 1336 0x000001f9647a1310 code [0x000001f9647a14e0, 0x000001f9647a1950]
Event: 1.752 Thread 0x000001f96130e980 nmethod 1322 0x000001f96c0c5c10 code [0x000001f96c0c5da0, 0x000001f96c0c5eb8]
Event: 1.752 Thread 0x000001f96130e980 1324       4       org.eclipse.osgi.container.ModuleDatabase$Persistence::readString0 (98 bytes)
Event: 1.752 Thread 0x000001f97993d4b0 nmethod 1323 0x000001f96c0c6010 code [0x000001f96c0c61a0, 0x000001f96c0c62c8]
Event: 1.752 Thread 0x000001f97993d4b0 1332       4       org.eclipse.osgi.container.ModuleDatabase$Persistence::readString (7 bytes)
Event: 1.757 Thread 0x000001f96130e980 nmethod 1324 0x000001f96c0c6490 code [0x000001f96c0c66e0, 0x000001f96c0c6de0]
Event: 1.757 Thread 0x000001f96130e980 1337       4       lombok.launch.PackageShader::apply (252 bytes)
Event: 1.757 Thread 0x000001f97993d4b0 nmethod 1332 0x000001f96c0c7790 code [0x000001f96c0c79e0, 0x000001f96c0c8108]
Event: 1.758 Thread 0x000001f96130f4d0 1338       3       java.net.URL::toString (5 bytes)
Event: 1.758 Thread 0x000001f96130f4d0 nmethod 1338 0x000001f9647a1c10 code [0x000001f9647a1dc0, 0x000001f9647a1ff8]
Event: 1.760 Thread 0x000001f96130f4d0 1339       3       sun.net.util.IPAddressUtil::checkHostString (64 bytes)
Event: 1.760 Thread 0x000001f96130f4d0 nmethod 1339 0x000001f9647a2110 code [0x000001f9647a22e0, 0x000001f9647a24e8]

GC Heap History (2 events):
Event: 1.626 GC heap before
{Heap before GC invocations=1 (full 0):
 PSYoungGen      total 29696K, used 25600K [0x00000000d5580000, 0x00000000d7680000, 0x0000000100000000)
  eden space 25600K, 100% used [0x00000000d5580000,0x00000000d6e80000,0x00000000d6e80000)
  from space 4096K, 0% used [0x00000000d7280000,0x00000000d7280000,0x00000000d7680000)
  to   space 4096K, 0% used [0x00000000d6e80000,0x00000000d6e80000,0x00000000d7280000)
 ParOldGen       total 68608K, used 0K [0x0000000080000000, 0x0000000084300000, 0x00000000d5580000)
  object space 68608K, 0% used [0x0000000080000000,0x0000000080000000,0x0000000084300000)
 Metaspace       used 4349K, committed 4608K, reserved 1114112K
  class space    used 474K, committed 576K, reserved 1048576K
}
Event: 1.630 GC heap after
{Heap after GC invocations=1 (full 0):
 PSYoungGen      total 29696K, used 3296K [0x00000000d5580000, 0x00000000d7680000, 0x0000000100000000)
  eden space 25600K, 0% used [0x00000000d5580000,0x00000000d5580000,0x00000000d6e80000)
  from space 4096K, 80% used [0x00000000d6e80000,0x00000000d71b8158,0x00000000d7280000)
  to   space 4096K, 0% used [0x00000000d7280000,0x00000000d7280000,0x00000000d7680000)
 ParOldGen       total 68608K, used 16K [0x0000000080000000, 0x0000000084300000, 0x00000000d5580000)
  object space 68608K, 0% used [0x0000000080000000,0x0000000080004000,0x0000000084300000)
 Metaspace       used 4349K, committed 4608K, reserved 1114112K
  class space    used 474K, committed 576K, reserved 1048576K
}

Dll operation events (8 events):
Event: 0.217 Loaded shared library c:\Users\duc.tran5\.antigravity\extensions\redhat.java-1.54.0-win32-x64\jre\21.0.10-win32-x86_64\bin\java.dll
Event: 0.394 Loaded shared library c:\Users\duc.tran5\.antigravity\extensions\redhat.java-1.54.0-win32-x64\jre\21.0.10-win32-x86_64\bin\zip.dll
Event: 0.429 Loaded shared library C:\Users\duc.tran5\.antigravity\extensions\redhat.java-1.54.0-win32-x64\jre\21.0.10-win32-x86_64\bin\instrument.dll
Event: 0.455 Loaded shared library C:\Users\duc.tran5\.antigravity\extensions\redhat.java-1.54.0-win32-x64\jre\21.0.10-win32-x86_64\bin\net.dll
Event: 0.508 Loaded shared library C:\Users\duc.tran5\.antigravity\extensions\redhat.java-1.54.0-win32-x64\jre\21.0.10-win32-x86_64\bin\nio.dll
Event: 0.516 Loaded shared library C:\Users\duc.tran5\.antigravity\extensions\redhat.java-1.54.0-win32-x64\jre\21.0.10-win32-x86_64\bin\zip.dll
Event: 0.568 Loaded shared library C:\Users\duc.tran5\.antigravity\extensions\redhat.java-1.54.0-win32-x64\jre\21.0.10-win32-x86_64\bin\jimage.dll
Event: 0.715 Loaded shared library c:\Users\duc.tran5\.antigravity\extensions\redhat.java-1.54.0-win32-x64\jre\21.0.10-win32-x86_64\bin\verify.dll

Deoptimization events (20 events):
Event: 1.653 Thread 0x000001f961377830 DEOPT PACKING pc=0x000001f96c0a1c50 sp=0x0000009965bfe750
Event: 1.653 Thread 0x000001f961377830 DEOPT UNPACKING pc=0x000001f96baf3aa2 sp=0x0000009965bfe6e8 mode 2
Event: 1.653 Thread 0x000001f961377830 Uncommon trap: trap_request=0xffffffde fr.pc=0x000001f96c084b90 relative=0x0000000000000570
Event: 1.653 Thread 0x000001f961377830 Uncommon trap: reason=class_check action=maybe_recompile pc=0x000001f96c084b90 method=java.util.Collections$UnmodifiableCollection$1.<init>(Ljava/util/Collections$UnmodifiableCollection;)V @ 17 c2
Event: 1.653 Thread 0x000001f961377830 DEOPT PACKING pc=0x000001f96c084b90 sp=0x0000009965bfe780
Event: 1.653 Thread 0x000001f961377830 DEOPT UNPACKING pc=0x000001f96baf3aa2 sp=0x0000009965bfe6c8 mode 2
Event: 1.694 Thread 0x000001f961377830 Uncommon trap: trap_request=0xffffff45 fr.pc=0x000001f96c088ef8 relative=0x0000000000000198
Event: 1.694 Thread 0x000001f961377830 Uncommon trap: reason=unstable_if action=reinterpret pc=0x000001f96c088ef8 method=java.lang.invoke.VarHandle.checkAccessModeThenIsDirect(Ljava/lang/invoke/VarHandle$AccessDescriptor;)Z @ 4 c2
Event: 1.694 Thread 0x000001f961377830 DEOPT PACKING pc=0x000001f96c088ef8 sp=0x0000009965bfe730
Event: 1.694 Thread 0x000001f961377830 DEOPT UNPACKING pc=0x000001f96baf3aa2 sp=0x0000009965bfe688 mode 2
Event: 1.714 Thread 0x000001f961377830 Uncommon trap: trap_request=0xffffffde fr.pc=0x000001f96c083e34 relative=0x0000000000000514
Event: 1.714 Thread 0x000001f961377830 Uncommon trap: reason=class_check action=maybe_recompile pc=0x000001f96c083e34 method=java.util.Collections$UnmodifiableCollection$1.<init>(Ljava/util/Collections$UnmodifiableCollection;)V @ 17 c2
Event: 1.714 Thread 0x000001f961377830 DEOPT PACKING pc=0x000001f96c083e34 sp=0x0000009965bfe7b0
Event: 1.714 Thread 0x000001f961377830 DEOPT UNPACKING pc=0x000001f96baf3aa2 sp=0x0000009965bfe768 mode 2
Event: 1.753 Thread 0x000001f961377830 Uncommon trap: trap_request=0xffffff45 fr.pc=0x000001f96c09393c relative=0x0000000000000fbc
Event: 1.753 Thread 0x000001f961377830 Uncommon trap: reason=unstable_if action=reinterpret pc=0x000001f96c09393c method=lombok.patcher.PatchScript.classMatches(Ljava/lang/String;Ljava/util/Collection;)Z @ 25 c2
Event: 1.753 Thread 0x000001f961377830 DEOPT PACKING pc=0x000001f96c09393c sp=0x0000009965bf8a50
Event: 1.753 Thread 0x000001f961377830 DEOPT UNPACKING pc=0x000001f96baf3aa2 sp=0x0000009965bf89b8 mode 2
Event: 1.754 Thread 0x000001f961377830 DEOPT PACKING pc=0x000001f96461118d sp=0x0000009965bf7ea0
Event: 1.754 Thread 0x000001f961377830 DEOPT UNPACKING pc=0x000001f96baf4242 sp=0x0000009965bf7350 mode 0

Classes loaded (20 events):
Event: 1.715 Loading class java/util/concurrent/SynchronousQueue$Transferer
Event: 1.715 Loading class java/util/concurrent/LinkedTransferQueue
Event: 1.715 Loading class java/util/concurrent/TransferQueue
Event: 1.715 Loading class java/util/concurrent/TransferQueue done
Event: 1.715 Loading class java/util/concurrent/LinkedTransferQueue done
Event: 1.715 Loading class java/util/concurrent/SynchronousQueue$Transferer done
Event: 1.715 Loading class java/util/concurrent/LinkedTransferQueue$DualNode
Event: 1.716 Loading class java/util/concurrent/LinkedTransferQueue$DualNode done
Event: 1.716 Loading class java/util/concurrent/RejectedExecutionHandler
Event: 1.716 Loading class java/util/concurrent/RejectedExecutionHandler done
Event: 1.716 Loading class java/util/concurrent/LinkedBlockingQueue
Event: 1.716 Loading class java/util/concurrent/LinkedBlockingQueue done
Event: 1.716 Loading class java/util/concurrent/LinkedBlockingQueue$Node
Event: 1.716 Loading class java/util/concurrent/LinkedBlockingQueue$Node done
Event: 1.722 Loading class java/util/concurrent/Semaphore$NonfairSync
Event: 1.722 Loading class java/util/concurrent/Semaphore$Sync
Event: 1.722 Loading class java/util/concurrent/Semaphore$Sync done
Event: 1.722 Loading class java/util/concurrent/Semaphore$NonfairSync done
Event: 1.759 Loading class java/lang/TypeNotPresentException
Event: 1.759 Loading class java/lang/TypeNotPresentException done

Classes unloaded (0 events):
No events

Classes redefined (0 events):
No events

Internal exceptions (20 events):
Event: 1.118 Thread 0x000001f961377830 Exception <a 'java/io/FileNotFoundException'{0x00000000d64cce68}> (0x00000000d64cce68) 
thrown [s\src\hotspot\share\prims\jni.cpp, line 520]
Event: 1.118 Thread 0x000001f961377830 Exception <a 'java/io/FileNotFoundException'{0x00000000d64cdb30}> (0x00000000d64cdb30) 
thrown [s\src\hotspot\share\prims\jni.cpp, line 520]
Event: 1.120 Thread 0x000001f961377830 Exception <a 'java/io/FileNotFoundException'{0x00000000d64ce6b0}> (0x00000000d64ce6b0) 
thrown [s\src\hotspot\share\prims\jni.cpp, line 520]
Event: 1.131 Thread 0x000001f961377830 Implicit null exception at 0x000001f96c06dd24 to 0x000001f96c06e2c8
Event: 1.133 Thread 0x000001f961377830 Exception <a 'java/io/FileNotFoundException'{0x00000000d6506b58}> (0x00000000d6506b58) 
thrown [s\src\hotspot\share\prims\jni.cpp, line 520]
Event: 1.150 Thread 0x000001f961377830 Exception <a 'java/lang/NoSuchMethodError'{0x00000000d6540308}: 'java.lang.Object java.lang.invoke.DirectMethodHandle$Holder.invokeInterface(java.lang.Object, java.lang.Object)'> (0x00000000d6540308) 
thrown [s\src\hotspot\share\interpreter\linkResolver.cpp, line 773]
Event: 1.155 Thread 0x000001f961377830 Exception <a 'java/lang/NoSuchMethodError'{0x00000000d65538d8}: 'java.lang.Object java.lang.invoke.Invokers$Holder.invokeExact_MT(java.lang.Object, java.lang.Object, java.lang.Object, java.lang.Object, java.lang.Object, java.lang.Object)'> (0x00000000d65538d8) 
thrown [s\src\hotspot\share\interpreter\linkResolver.cpp, line 773]
Event: 1.160 Thread 0x000001f961377830 Exception <a 'java/lang/NoSuchMethodError'{0x00000000d656a9b0}: 'int java.lang.invoke.DirectMethodHandle$Holder.invokeStatic(java.lang.Object, java.lang.Object, java.lang.Object, java.lang.Object, java.lang.Object)'> (0x00000000d656a9b0) 
thrown [s\src\hotspot\share\interpreter\linkResolver.cpp, line 773]
Event: 1.214 Thread 0x000001f961377830 Exception <a 'java/lang/NoSuchMethodError'{0x00000000d65ff190}: 'java.lang.Object java.lang.invoke.DirectMethodHandle$Holder.invokeInterface(java.lang.Object, java.lang.Object, int)'> (0x00000000d65ff190) 
thrown [s\src\hotspot\share\interpreter\linkResolver.cpp, line 773]
Event: 1.348 Thread 0x000001f961377830 Exception <a 'java/lang/NoSuchMethodError'{0x00000000d6a679f0}: 'java.lang.ClassLoader java.lang.ClassLoader.getPlatformClassLoader(java.lang.Class)'> (0x00000000d6a679f0) 
thrown [s\src\hotspot\share\interpreter\linkResolver.cpp, line 773]
Event: 1.631 Thread 0x000001f961377830 Exception <a 'java/lang/ClassNotFoundException'{0x00000000d5588600}: sun/net/www/protocol/c/Handler> (0x00000000d5588600) 
thrown [s\src\hotspot\share\classfile\systemDictionary.cpp, line 312]
Event: 1.631 Thread 0x000001f961377830 Exception <a 'java/lang/ClassNotFoundException'{0x00000000d5589960}: sun/net/www/protocol/c/Handler> (0x00000000d5589960) 
thrown [s\src\hotspot\share\classfile\systemDictionary.cpp, line 312]
Event: 1.631 Thread 0x000001f961377830 Exception <a 'java/lang/ClassNotFoundException'{0x00000000d558aad8}: sun/net/www/protocol/c/Handler> (0x00000000d558aad8) 
thrown [s\src\hotspot\share\classfile\systemDictionary.cpp, line 312]
Event: 1.635 Thread 0x000001f961377830 Exception <a 'java/io/FileNotFoundException'{0x00000000d55b3418}> (0x00000000d55b3418) 
thrown [s\src\hotspot\share\prims\jni.cpp, line 520]
Event: 1.651 Thread 0x000001f961377830 Implicit null exception at 0x000001f96c09f9c9 to 0x000001f96c0a0338
Event: 1.652 Thread 0x000001f961377830 Implicit null exception at 0x000001f96c0a919a to 0x000001f96c0a93a4
Event: 1.652 Thread 0x000001f961377830 Exception <a 'java/lang/NoSuchMethodError'{0x00000000d56e3b78}: 'void java.lang.invoke.DirectMethodHandle$Holder.invokeStatic(java.lang.Object, java.lang.Object, java.lang.Object, java.lang.Object)'> (0x00000000d56e3b78) 
thrown [s\src\hotspot\share\interpreter\linkResolver.cpp, line 773]
Event: 1.653 Thread 0x000001f961377830 Implicit null exception at 0x000001f96c0a229a to 0x000001f96c0a24a4
Event: 1.653 Thread 0x000001f961377830 Implicit null exception at 0x000001f96c0a1bbd to 0x000001f96c0a1c41
Event: 1.703 Thread 0x000001f961377830 Exception <a 'java/lang/NoSuchMethodError'{0x00000000d59aba40}: 'void java.lang.invoke.DirectMethodHandle$Holder.invokeSpecial(java.lang.Object, java.lang.Object, java.lang.Object)'> (0x00000000d59aba40) 
thrown [s\src\hotspot\share\interpreter\linkResolver.cpp, line 773]

ZGC Phase Switch (0 events):
No events

VM Operations (15 events):
Event: 0.368 Executing non-safepoint VM operation: HandshakeAllThreads (Deoptimize)
Event: 0.368 Executing non-safepoint VM operation: HandshakeAllThreads (Deoptimize) done
Event: 0.586 Executing non-safepoint VM operation: HandshakeAllThreads (Deoptimize)
Event: 0.586 Executing non-safepoint VM operation: HandshakeAllThreads (Deoptimize) done
Event: 1.053 Executing non-safepoint VM operation: HandshakeAllThreads (Deoptimize)
Event: 1.053 Executing non-safepoint VM operation: HandshakeAllThreads (Deoptimize) done
Event: 1.067 Executing non-safepoint VM operation: HandshakeAllThreads (Deoptimize)
Event: 1.067 Executing non-safepoint VM operation: HandshakeAllThreads (Deoptimize) done
Event: 1.398 Executing safepoint VM operation: ICBufferFull
Event: 1.398 Executing safepoint VM operation: ICBufferFull done
Event: 1.613 Executing non-safepoint VM operation: HandshakeAllThreads (Deoptimize)
Event: 1.613 Executing non-safepoint VM operation: HandshakeAllThreads (Deoptimize) done
Event: 1.626 Executing safepoint VM operation: ParallelGCFailedAllocation (Allocation Failure)
Event: 1.630 Executing safepoint VM operation: ParallelGCFailedAllocation (Allocation Failure) done
Event: 2.643 Executing safepoint VM operation: Cleanup

Memory protections (0 events):
No events

Nmethod flushes (0 events):
No events

Events (15 events):
Event: 0.293 Thread 0x000001f961377830 Thread added: 0x000001f961377830
Event: 0.335 Thread 0x000001f961377830 Thread added: 0x000001f96142e060
Event: 0.335 Thread 0x000001f961377830 Thread added: 0x000001f9612eb430
Event: 0.337 Thread 0x000001f961377830 Thread added: 0x000001f9612f8070
Event: 0.337 Thread 0x000001f961377830 Thread added: 0x000001f9612f8b70
Event: 0.337 Thread 0x000001f961377830 Thread added: 0x000001f9612fc770
Event: 0.337 Thread 0x000001f961377830 Thread added: 0x000001f96130bbf0
Event: 0.338 Thread 0x000001f961377830 Thread added: 0x000001f96130e980
Event: 0.338 Thread 0x000001f961377830 Thread added: 0x000001f96130f4d0
Event: 0.407 Thread 0x000001f96130f4d0 Thread added: 0x000001f9797215a0
Event: 0.432 Thread 0x000001f961377830 Thread added: 0x000001f979810600
Event: 0.536 Thread 0x000001f9797215a0 Thread exited: 0x000001f9797215a0
Event: 0.838 Thread 0x000001f961377830 Thread added: 0x000001f97992ca20
Event: 0.979 Thread 0x000001f96130f4d0 Thread added: 0x000001f97993e920
Event: 0.981 Thread 0x000001f96130f4d0 Thread added: 0x000001f97993d4b0


Dynamic libraries:
0x00007ff6a1320000 - 0x00007ff6a132e000 	c:\Users\duc.tran5\.antigravity\extensions\redhat.java-1.54.0-win32-x64\jre\21.0.10-win32-x86_64\bin\java.exe
0x00007ffaeeae0000 - 0x00007ffaeed47000 	C:\WINDOWS\SYSTEM32\ntdll.dll
0x00007ffaed450000 - 0x00007ffaed519000 	C:\WINDOWS\System32\KERNEL32.DLL
0x00007ffaec3e0000 - 0x00007ffaec7d4000 	C:\WINDOWS\System32\KERNELBASE.dll
0x0000000076060000 - 0x00000000760fe000 	C:\ProgramData\Symantec\Symantec Endpoint Protection\14.3.10148.8000.105\Data\Sysfer\x64\sysfer.dll
0x00007ffaeb520000 - 0x00007ffaeb66b000 	C:\WINDOWS\System32\ucrtbase.dll
0x00007ffacd4a0000 - 0x00007ffacd4be000 	c:\Users\duc.tran5\.antigravity\extensions\redhat.java-1.54.0-win32-x64\jre\21.0.10-win32-x86_64\bin\VCRUNTIME140.dll
0x00007ffaccdd0000 - 0x00007ffaccde8000 	c:\Users\duc.tran5\.antigravity\extensions\redhat.java-1.54.0-win32-x64\jre\21.0.10-win32-x86_64\bin\jli.dll
0x00007ffaed280000 - 0x00007ffaed445000 	C:\WINDOWS\System32\USER32.dll
0x00007ffaec3b0000 - 0x00007ffaec3d7000 	C:\WINDOWS\System32\win32u.dll
0x00007ffaecec0000 - 0x00007ffaeceeb000 	C:\WINDOWS\System32\GDI32.dll
0x00007ffad43c0000 - 0x00007ffad4653000 	C:\WINDOWS\WinSxS\amd64_microsoft.windows.common-controls_6595b64144ccf1df_6.0.26100.8115_none_3e075c82e3354f9c\COMCTL32.dll
0x00007ffaeb670000 - 0x00007ffaeb79b000 	C:\WINDOWS\System32\gdi32full.dll
0x00007ffaeb910000 - 0x00007ffaeb9b3000 	C:\WINDOWS\System32\msvcp_win.dll
0x00007ffaee200000 - 0x00007ffaee2a9000 	C:\WINDOWS\System32\msvcrt.dll
0x00007ffaee2b0000 - 0x00007ffaee2e2000 	C:\WINDOWS\System32\IMM32.DLL
0x00007ffacd510000 - 0x00007ffacd51c000 	c:\Users\duc.tran5\.antigravity\extensions\redhat.java-1.54.0-win32-x64\jre\21.0.10-win32-x86_64\bin\vcruntime140_1.dll
0x00007ffab8b80000 - 0x00007ffab8c0d000 	c:\Users\duc.tran5\.antigravity\extensions\redhat.java-1.54.0-win32-x64\jre\21.0.10-win32-x86_64\bin\msvcp140.dll
0x00007ffa42120000 - 0x00007ffa42ec1000 	c:\Users\duc.tran5\.antigravity\extensions\redhat.java-1.54.0-win32-x64\jre\21.0.10-win32-x86_64\bin\server\jvm.dll
0x00007ffaece00000 - 0x00007ffaeceb6000 	C:\WINDOWS\System32\ADVAPI32.dll
0x00007ffaee9e0000 - 0x00007ffaeea87000 	C:\WINDOWS\System32\sechost.dll
0x00007ffaecff0000 - 0x00007ffaed108000 	C:\WINDOWS\System32\RPCRT4.dll
0x00007ffaee7f0000 - 0x00007ffaee870000 	C:\WINDOWS\System32\WS2_32.dll
0x00007ffaeb210000 - 0x00007ffaeb26e000 	C:\WINDOWS\SYSTEM32\POWRPROF.dll
0x00007ffae30d0000 - 0x00007ffae3106000 	C:\WINDOWS\SYSTEM32\WINMM.dll
0x00007ffad8c50000 - 0x00007ffad8c5b000 	C:\WINDOWS\SYSTEM32\VERSION.dll
0x00007ffaeb1f0000 - 0x00007ffaeb204000 	C:\WINDOWS\SYSTEM32\UMPDC.dll
0x00007ffaea100000 - 0x00007ffaea11b000 	C:\WINDOWS\SYSTEM32\kernel.appcore.dll
0x00007ffacd490000 - 0x00007ffacd49a000 	c:\Users\duc.tran5\.antigravity\extensions\redhat.java-1.54.0-win32-x64\jre\21.0.10-win32-x86_64\bin\jimage.dll
0x00007ffab2f40000 - 0x00007ffab3182000 	C:\WINDOWS\SYSTEM32\DBGHELP.DLL
0x00007ffaee3b0000 - 0x00007ffaee732000 	C:\WINDOWS\System32\combase.dll
0x00007ffaec8f0000 - 0x00007ffaec9c8000 	C:\WINDOWS\System32\OLEAUT32.dll
0x00007ffac3770000 - 0x00007ffac37ab000 	C:\WINDOWS\SYSTEM32\dbgcore.DLL
0x00007ffaeb7a0000 - 0x00007ffaeb845000 	C:\WINDOWS\System32\bcryptPrimitives.dll
0x00007ffacd450000 - 0x00007ffacd45f000 	c:\Users\duc.tran5\.antigravity\extensions\redhat.java-1.54.0-win32-x64\jre\21.0.10-win32-x86_64\bin\instrument.dll
0x00007ffacae50000 - 0x00007ffacae70000 	c:\Users\duc.tran5\.antigravity\extensions\redhat.java-1.54.0-win32-x64\jre\21.0.10-win32-x86_64\bin\java.dll
0x00007ffaed5b0000 - 0x00007ffaedd17000 	C:\WINDOWS\System32\SHELL32.dll
0x00007ffaeb3b0000 - 0x00007ffaeb51a000 	C:\WINDOWS\System32\wintypes.dll
0x00007ffaeb9c0000 - 0x00007ffaec228000 	C:\WINDOWS\System32\windows.storage.dll
0x00007ffaee8e0000 - 0x00007ffaee9d8000 	C:\WINDOWS\System32\SHCORE.dll
0x00007ffaec880000 - 0x00007ffaec8e6000 	C:\WINDOWS\System32\shlwapi.dll
0x00007ffaeb2d0000 - 0x00007ffaeb2f9000 	C:\WINDOWS\SYSTEM32\profapi.dll
0x00007ffaca140000 - 0x00007ffaca158000 	c:\Users\duc.tran5\.antigravity\extensions\redhat.java-1.54.0-win32-x64\jre\21.0.10-win32-x86_64\bin\zip.dll
0x00007ffaccf20000 - 0x00007ffaccf30000 	C:\Users\duc.tran5\.antigravity\extensions\redhat.java-1.54.0-win32-x64\jre\21.0.10-win32-x86_64\bin\net.dll
0x00007ffae5840000 - 0x00007ffae596d000 	C:\WINDOWS\SYSTEM32\WINHTTP.dll
0x00007ffaea650000 - 0x00007ffaea6bc000 	C:\WINDOWS\system32\mswsock.dll
0x00007ffaca8c0000 - 0x00007ffaca8d6000 	C:\Users\duc.tran5\.antigravity\extensions\redhat.java-1.54.0-win32-x64\jre\21.0.10-win32-x86_64\bin\nio.dll
0x00007ffacb220000 - 0x00007ffacb230000 	c:\Users\duc.tran5\.antigravity\extensions\redhat.java-1.54.0-win32-x64\jre\21.0.10-win32-x86_64\bin\verify.dll

JVMTI agents:
c:\Users\duc.tran5\.antigravity\extensions\redhat.java-1.54.0-win32-x64\lombok\lombok-1.18.39-4050.jar path:c:\Users\duc.tran5\.antigravity\extensions\redhat.java-1.54.0-win32-x64\jre\21.0.10-win32-x86_64\bin\instrument.dll, loaded, initialized, instrumentlib options:none

dbghelp: loaded successfully - version: 4.0.5 - missing functions: none
symbol engine: initialized successfully - sym options: 0x614 - pdb path: .;c:\Users\duc.tran5\.antigravity\extensions\redhat.java-1.54.0-win32-x64\jre\21.0.10-win32-x86_64\bin;C:\WINDOWS\SYSTEM32;C:\ProgramData\Symantec\Symantec Endpoint Protection\14.3.10148.8000.105\Data\Sysfer\x64;C:\WINDOWS\WinSxS\amd64_microsoft.windows.common-controls_6595b64144ccf1df_6.0.26100.8115_none_3e075c82e3354f9c;c:\Users\duc.tran5\.antigravity\extensions\redhat.java-1.54.0-win32-x64\jre\21.0.10-win32-x86_64\bin\server

VM Arguments:
jvm_args: --add-modules=ALL-SYSTEM --add-opens=java.base/java.util=ALL-UNNAMED --add-opens=java.base/java.lang=ALL-UNNAMED --add-opens=java.base/sun.nio.fs=ALL-UNNAMED -Declipse.application=org.eclipse.jdt.ls.core.id1 -Dosgi.bundles.defaultStartLevel=4 -Declipse.product=org.eclipse.jdt.ls.core.product -Djava.import.generatesMetadataFilesAtProjectRoot=false -DDetectVMInstallationsJob.disabled=true -Dfile.encoding=utf8 -XX:+UseParallelGC -XX:GCTimeRatio=4 -XX:AdaptiveSizePolicyWeight=90 -Dsun.zip.disableMemoryMapping=true -Xmx2G -Xms100m -Xlog:disable -javaagent:c:\Users\duc.tran5\.antigravity\extensions\redhat.java-1.54.0-win32-x64\lombok\lombok-1.18.39-4050.jar 
java_command: c:\Users\duc.tran5\.antigravity\extensions\redhat.java-1.54.0-win32-x64\server\plugins\org.eclipse.equinox.launcher_1.7.100.v20251111-0406.jar -configuration c:\Users\duc.tran5\AppData\Roaming\Antigravity\User\globalStorage\redhat.java\1.54.0\config_ss_win -data c:\Users\duc.tran5\AppData\Roaming\Antigravity\User\workspaceStorage\c0dd5a1957e00520c58bfd4cc7775f38\redhat.java\ss_ws --pipe=\\.\pipe\lsp-087fffad4ee9449522510f82c9774342-sock
java_class_path (initial): c:\Users\duc.tran5\.antigravity\extensions\redhat.java-1.54.0-win32-x64\server\plugins\org.eclipse.equinox.launcher_1.7.100.v20251111-0406.jar
Launcher Type: SUN_STANDARD

[Global flags]
    uintx AdaptiveSizePolicyWeight                 = 90                                        {product} {command line}
     intx CICompilerCount                          = 4                                         {product} {ergonomic}
    uintx GCTimeRatio                              = 4                                         {product} {command line}
   size_t InitialHeapSize                          = 104857600                                 {product} {command line}
   size_t MaxHeapSize                              = 2147483648                                {product} {command line}
   size_t MaxNewSize                               = 715653120                                 {product} {ergonomic}
   size_t MinHeapDeltaBytes                        = 524288                                    {product} {ergonomic}
   size_t MinHeapSize                              = 104857600                                 {product} {command line}
   size_t NewSize                                  = 34603008                                  {product} {ergonomic}
    uintx NonNMethodCodeHeapSize                   = 5839372                                {pd product} {ergonomic}
    uintx NonProfiledCodeHeapSize                  = 122909434                              {pd product} {ergonomic}
   size_t OldSize                                  = 70254592                                  {product} {ergonomic}
    uintx ProfiledCodeHeapSize                     = 122909434                              {pd product} {ergonomic}
    uintx ReservedCodeCacheSize                    = 251658240                              {pd product} {ergonomic}
     bool SegmentedCodeCache                       = true                                      {product} {ergonomic}
   size_t SoftMaxHeapSize                          = 2147483648                             {manageable} {ergonomic}
     bool UseCompressedOops                        = true                           {product lp64_product} {ergonomic}
     bool UseLargePagesIndividualAllocation        = false                                  {pd product} {ergonomic}
     bool UseParallelGC                            = true                                      {product} {command line}

Logging:
Log output configuration:
 #0: stdout all=off uptime,level,tags foldmultilines=false
 #1: stderr all=off uptime,level,tags foldmultilines=false

Release file:
JAVA_VERSION="21.0.10" 
MODULES="java.base java.compiler java.datatransfer java.xml java.prefs java.desktop java.instrument java.logging java.management java.security.sasl java.naming java.rmi java.management.rmi java.net.http java.scripting java.security.jgss java.transaction.xa java.sql java.sql.rowset java.xml.crypto java.se java.smartcardio jdk.accessibility jdk.internal.jvmstat jdk.attach jdk.charsets jdk.internal.opt jdk.zipfs jdk.compiler jdk.crypto.ec jdk.crypto.cryptoki jdk.crypto.mscapi jdk.dynalink jdk.internal.ed jdk.editpad jdk.hotspot.agent jdk.httpserver jdk.internal.le jdk.internal.vm.ci jdk.internal.vm.compiler jdk.internal.vm.compiler.management jdk.jartool jdk.javadoc jdk.jcmd jdk.management jdk.management.agent jdk.jconsole jdk.jdeps jdk.jdwp.agent jdk.jdi jdk.jfr jdk.jshell jdk.jsobject jdk.jstatd jdk.localedata jdk.management.jfr jdk.naming.dns jdk.naming.rmi jdk.net jdk.nio.mapmode jdk.random jdk.sctp jdk.security.auth jdk.security.jgss jdk.unsupported jdk.unsupported.desktop jdk.xml.dom" 

Environment Variables:
JAVA_HOME=C:\Program Files\Java\jdk-11
PATH=C:\Program Files\Java\jdk-11\bin;C:\Program Files\Common Files\Oracle\Java\javapath;C:\WINDOWS\system32;C:\WINDOWS;C:\WINDOWS\System32\Wbem;C:\WINDOWS\System32\WindowsPowerShell\v1.0\;C:\WINDOWS\System32\OpenSSH\;C:\Program Files\Git\cmd;C:\Program Files\Docker\Docker\resources\bin;C:\Program Files\Go\bin;C:\Program Files\nodejs\;C:\Program Files\cursor\resources\app\bin;C:\Program Files\apache-maven-3.9.12\bin;C:\Program Files\terraform;C:\Program Files\Amazon\AWSCLIV2\;C:\Program Files\Cloudflare\Cloudflare WARP\;C:\Program Files\MySQL\MySQL Shell 8.0\bin\;C:\Users\duc.tran5\AppData\Local\Microsoft\WindowsApps;C:\Program Files\JetBrains\IntelliJ IDEA Community Edition 2025.2\bin;C:\Users\duc.tran5\AppData\Local\Programs\Microsoft VS Code\bin;C:\Users\duc.tran5\go\bin;C:\Users\duc.tran5\AppData\Roaming\npm;C:\Users\duc.tran5\AppData\Local\Programs\Antigravity\bin;C:\Program Files\JetBrains\IntelliJ IDEA 2025.3.2\bin;C:\Users\duc.tran5\.local\bin;
USERNAME=duc.tran5
OS=Windows_NT
PROCESSOR_IDENTIFIER=Intel64 Family 6 Model 191 Stepping 5, GenuineIntel
TMP=C:\Users\DUC~1.TRA\AppData\Local\Temp
TEMP=C:\Users\DUC~1.TRA\AppData\Local\Temp




Periodic native trim disabled

---------------  S Y S T E M  ---------------

OS:
 Windows 11 , 64 bit Build 26100 (10.0.26100.8246)
OS uptime: 8 days 0:45 hours
Hyper-V role detected

CPU: total 8 (initial active 8) (4 cores per cpu, 2 threads per core) family 6 model 191 stepping 5 microcode 0x2c, cx8, cmov, fxsr, ht, mmx, 3dnowpref, sse, sse2, sse3, ssse3, sse4.1, sse4.2, popcnt, lzcnt, tsc, tscinvbit, avx, avx2, aes, erms, clmul, bmi1, bmi2, adx, sha, fma, vzeroupper, clflush, clflushopt, clwb, hv, serialize, rdtscp, rdpid, fsrm, f16c, cet_ibt, cet_ss
Processor Information for the first 8 processors :
  Max Mhz: 3500, Current Mhz: 3500, Mhz Limit: 3500

Memory: 4k page, system-wide physical 16125M (960M free)
TotalPageFile size 32509M (AvailPageFile size 4M)
current process WorkingSet (physical memory assigned to process): 86M, peak: 89M
current process commit charge ("private bytes"): 238M, peak: 240M

vm_info: OpenJDK 64-Bit Server VM (21.0.10+7-LTS) for windows-amd64 JRE (21.0.10+7-LTS), built on 2026-01-20T00:00:00Z by "admin" with MS VC++ 17.12 (VS2022)

END.
