#
# There is insufficient memory for the Java Runtime Environment to continue.
# Native memory allocation (malloc) failed to allocate 1413936 bytes. Error detail: Chunk::new
# Possible reasons:
#   The system is out of physical RAM or swap space
#   This process is running with CompressedOops enabled, and the Java Heap may be blocking the growth of the native heap
# Possible solutions:
#   Reduce memory load on the system
#   Increase physical memory or swap space
#   Check if swap backing store is full
#   Decrease Java heap size (-Xmx/-Xms)
#   Decrease number of Java threads
#   Decrease Java thread stack sizes (-Xss)
#   Set larger code cache with -XX:ReservedCodeCacheSize=
#   JVM is running with Unscaled Compressed Oops mode in which the Java heap is
#     placed in the first 4GB address space. The Java Heap base address is the
#     maximum limit for the native heap growth. Please use -XX:HeapBaseMinAddress
#     to set the Java Heap base and to place the Java Heap above 4GB virtual address.
# This output file may be truncated or incomplete.
#
#  Out of Memory Error (arena.cpp:168), pid=30444, tid=25204
#
# JRE version: OpenJDK Runtime Environment Temurin-21.0.10+7 (21.0.10+7) (build 21.0.10+7-LTS)
# Java VM: OpenJDK 64-Bit Server VM Temurin-21.0.10+7 (21.0.10+7-LTS, mixed mode, sharing, tiered, compressed oops, compressed class ptrs, parallel gc, windows-amd64)
# No core dump will be written. Minidumps are not enabled by default on client versions of Windows
#

---------------  S U M M A R Y ------------

Command Line: --add-modules=ALL-SYSTEM --add-opens=java.base/java.util=ALL-UNNAMED --add-opens=java.base/java.lang=ALL-UNNAMED --add-opens=java.base/sun.nio.fs=ALL-UNNAMED -Declipse.application=org.eclipse.jdt.ls.core.id1 -Dosgi.bundles.defaultStartLevel=4 -Declipse.product=org.eclipse.jdt.ls.core.product -Djava.import.generatesMetadataFilesAtProjectRoot=false -DDetectVMInstallationsJob.disabled=true -Dfile.encoding=utf8 -XX:+UseParallelGC -XX:GCTimeRatio=4 -XX:AdaptiveSizePolicyWeight=90 -Dsun.zip.disableMemoryMapping=true -Xmx2G -Xms100m -Xlog:disable -javaagent:c:\Users\duc.tran5\.antigravity\extensions\redhat.java-1.54.0-win32-x64\lombok\lombok-1.18.39-4050.jar -XX:+HeapDumpOnOutOfMemoryError -XX:HeapDumpPath=c:\Users\duc.tran5\AppData\Roaming\Antigravity\User\workspaceStorage\c0dd5a1957e00520c58bfd4cc7775f38\redhat.java -Daether.dependencyCollector.impl=bf c:\Users\duc.tran5\.antigravity\extensions\redhat.java-1.54.0-win32-x64\server\plugins\org.eclipse.equinox.launcher_1.7.100.v20251111-0406.jar -configuration c:\Users\duc.tran5\AppData\Roaming\Antigravity\User\globalStorage\redhat.java\1.54.0\config_win -data c:\Users\duc.tran5\AppData\Roaming\Antigravity\User\workspaceStorage\c0dd5a1957e00520c58bfd4cc7775f38\redhat.java\jdt_ws --pipe=\\.\pipe\lsp-474ca7743b649a8f9488a805fdeee0c8-sock

Host: Intel(R) Core(TM) i3-14100, 8 cores, 15G,  Windows 11 , 64 bit Build 26100 (10.0.26100.8246)
Time: Thu Apr 23 09:01:21 2026 SE Asia Standard Time elapsed time: 19.049226 seconds (0d 0h 0m 19s)

---------------  T H R E A D  ---------------

Current thread (0x0000019b6cdeff70):  JavaThread "C2 CompilerThread0" daemon [_thread_in_native, id=25204, stack(0x0000004d8b700000,0x0000004d8b800000) (1024K)]


Current CompileTask:
C2:19049 10555       4       org.eclipse.jdt.internal.core.search.indexing.BinaryIndexer::extractReferenceFromConstantPool (358 bytes)

Stack: [0x0000004d8b700000,0x0000004d8b800000]
Native frames: (J=compiled Java code, j=interpreted, Vv=VM code, C=native code)
V  [jvm.dll+0x6d7a39]
V  [jvm.dll+0x8b4b26]
V  [jvm.dll+0x8b70de]
V  [jvm.dll+0x8b77c3]
V  [jvm.dll+0x284346]
V  [jvm.dll+0xc66ed]
V  [jvm.dll+0xc6c31]
V  [jvm.dll+0x2fb29e]
V  [jvm.dll+0x5fe884]
V  [jvm.dll+0x255b17]
V  [jvm.dll+0x255edd]
V  [jvm.dll+0x24e500]
V  [jvm.dll+0x24ba42]
V  [jvm.dll+0x1cb34e]
V  [jvm.dll+0x25b85d]
V  [jvm.dll+0x259dea]
V  [jvm.dll+0x3f857e]
V  [jvm.dll+0x85f59d]
V  [jvm.dll+0x6d626d]
C  [ucrtbase.dll+0x37b0]
C  [KERNEL32.DLL+0x2e8d7]
C  [ntdll.dll+0x8c3fc]


---------------  P R O C E S S  ---------------

Threads class SMR info:
_java_thread_list=0x0000019b753f1c40, length=44, elements={
0x0000019b56369910, 0x0000019b5641e5a0, 0x0000019b6cde15b0, 0x0000019b6cde4870,
0x0000019b6cde5a80, 0x0000019b6cdea210, 0x0000019b6cded120, 0x0000019b6cdeff70,
0x0000019b6e6a8370, 0x0000019b6e888e40, 0x0000019b6e9c7ea0, 0x0000019b7373fc20,
0x0000019b737dcd50, 0x0000019b737d1ce0, 0x0000019b73816770, 0x0000019b73f1b5b0,
0x0000019b73e161a0, 0x0000019b73d1a710, 0x0000019b73d89cb0, 0x0000019b73d8a340,
0x0000019b73d89620, 0x0000019b73d8a9d0, 0x0000019b73d88f90, 0x0000019b7637dde0,
0x0000019b73d87550, 0x0000019b73d88270, 0x0000019b73d88900, 0x0000019b7566bf10,
0x0000019b7566d950, 0x0000019b7566c5a0, 0x0000019b7566dfe0, 0x0000019b7566cc30,
0x0000019b7566d2c0, 0x0000019b7566e670, 0x0000019b7566ed00, 0x0000019b7566b880,
0x0000019b7869e6a0, 0x0000019b7869fa50, 0x0000019b7869c5d0, 0x0000019b7869ed30,
0x0000019b786a00e0, 0x0000019b75aa50d0, 0x0000019b786a0770, 0x0000019b7869d2f0
}

Java Threads: ( => current thread )
  0x0000019b56369910 JavaThread "main"                              [_thread_blocked, id=15068, stack(0x0000004d8ad00000,0x0000004d8ae00000) (1024K)]
  0x0000019b5641e5a0 JavaThread "Reference Handler"          daemon [_thread_blocked, id=30072, stack(0x0000004d8b100000,0x0000004d8b200000) (1024K)]
  0x0000019b6cde15b0 JavaThread "Finalizer"                  daemon [_thread_blocked, id=24412, stack(0x0000004d8b200000,0x0000004d8b300000) (1024K)]
  0x0000019b6cde4870 JavaThread "Signal Dispatcher"          daemon [_thread_blocked, id=22392, stack(0x0000004d8b300000,0x0000004d8b400000) (1024K)]
  0x0000019b6cde5a80 JavaThread "Attach Listener"            daemon [_thread_blocked, id=6408, stack(0x0000004d8b400000,0x0000004d8b500000) (1024K)]
  0x0000019b6cdea210 JavaThread "Service Thread"             daemon [_thread_blocked, id=23720, stack(0x0000004d8b500000,0x0000004d8b600000) (1024K)]
  0x0000019b6cded120 JavaThread "Monitor Deflation Thread"   daemon [_thread_blocked, id=8080, stack(0x0000004d8b600000,0x0000004d8b700000) (1024K)]
=>0x0000019b6cdeff70 JavaThread "C2 CompilerThread0"         daemon [_thread_in_native, id=25204, stack(0x0000004d8b700000,0x0000004d8b800000) (1024K)]
  0x0000019b6e6a8370 JavaThread "C1 CompilerThread0"         daemon [_thread_blocked, id=26152, stack(0x0000004d8b800000,0x0000004d8b900000) (1024K)]
  0x0000019b6e888e40 JavaThread "Common-Cleaner"             daemon [_thread_blocked, id=27880, stack(0x0000004d8ba00000,0x0000004d8bb00000) (1024K)]
  0x0000019b6e9c7ea0 JavaThread "Notification Thread"        daemon [_thread_blocked, id=28384, stack(0x0000004d8bb00000,0x0000004d8bc00000) (1024K)]
  0x0000019b7373fc20 JavaThread "Active Thread: Equinox Container: 78e3b5b6-3369-4aac-b160-590650221466"        [_thread_blocked, id=4064, stack(0x0000004d8c300000,0x0000004d8c400000) (1024K)]
  0x0000019b737dcd50 JavaThread "Refresh Thread: Equinox Container: 78e3b5b6-3369-4aac-b160-590650221466" daemon [_thread_blocked, id=2248, stack(0x0000004d8c500000,0x0000004d8c600000) (1024K)]
  0x0000019b737d1ce0 JavaThread "Framework Event Dispatcher: Equinox Container: 78e3b5b6-3369-4aac-b160-590650221466" daemon [_thread_blocked, id=26808, stack(0x0000004d8b900000,0x0000004d8ba00000) (1024K)]
  0x0000019b73816770 JavaThread "Start Level: Equinox Container: 78e3b5b6-3369-4aac-b160-590650221466" daemon [_thread_blocked, id=10832, stack(0x0000004d8bc00000,0x0000004d8bd00000) (1024K)]
  0x0000019b73f1b5b0 JavaThread "Bundle File Closer"         daemon [_thread_blocked, id=9720, stack(0x0000004d8c800000,0x0000004d8c900000) (1024K)]
  0x0000019b73e161a0 JavaThread "SCR Component Actor"        daemon [_thread_blocked, id=27668, stack(0x0000004d8c600000,0x0000004d8c700000) (1024K)]
  0x0000019b73d1a710 JavaThread "Worker-JM"                         [_thread_blocked, id=1332, stack(0x0000004d8ca00000,0x0000004d8cb00000) (1024K)]
  0x0000019b73d89cb0 JavaThread "Worker-0: Java indexing... "        [_thread_blocked, id=9756, stack(0x0000004d8cb00000,0x0000004d8cc00000) (1024K)]
  0x0000019b73d8a340 JavaThread "Worker-1: Initialize workspace"        [_thread_blocked, id=28800, stack(0x0000004d8cc00000,0x0000004d8cd00000) (1024K)]
  0x0000019b73d89620 JavaThread "Worker-2"                          [_thread_blocked, id=30036, stack(0x0000004d8c900000,0x0000004d8ca00000) (1024K)]
  0x0000019b73d8a9d0 JavaThread "Java indexing"              daemon [_thread_blocked, id=2636, stack(0x0000004d8ce00000,0x0000004d8cf00000) (1024K)]
  0x0000019b73d88f90 JavaThread "Worker-3: Building"                [_thread_blocked, id=23484, stack(0x0000004d8cf00000,0x0000004d8d000000) (1024K)]
  0x0000019b7637dde0 JavaThread "C2 CompilerThread1"         daemon [_thread_in_native, id=10664, stack(0x0000004d8c700000,0x0000004d8c800000) (1024K)]
  0x0000019b73d87550 JavaThread "JNA Cleaner"                daemon [_thread_blocked, id=11172, stack(0x0000004d8cd00000,0x0000004d8ce00000) (1024K)]
  0x0000019b73d88270 JavaThread "Worker-4: Refreshing workspace"        [_thread_blocked, id=26516, stack(0x0000004d8d300000,0x0000004d8d400000) (1024K)]
  0x0000019b73d88900 JavaThread "Worker-5"                          [_thread_blocked, id=26144, stack(0x0000004d8d400000,0x0000004d8d500000) (1024K)]
  0x0000019b7566bf10 JavaThread "Thread-1"                   daemon [_thread_in_native, id=14920, stack(0x0000004d8d500000,0x0000004d8d600000) (1024K)]
  0x0000019b7566d950 JavaThread "Thread-2"                   daemon [_thread_in_native, id=7000, stack(0x0000004d8d600000,0x0000004d8d700000) (1024K)]
  0x0000019b7566c5a0 JavaThread "Thread-3"                   daemon [_thread_in_native, id=14180, stack(0x0000004d8d700000,0x0000004d8d800000) (1024K)]
  0x0000019b7566dfe0 JavaThread "Thread-4"                   daemon [_thread_in_native, id=12612, stack(0x0000004d8d800000,0x0000004d8d900000) (1024K)]
  0x0000019b7566cc30 JavaThread "Thread-5"                   daemon [_thread_in_native, id=22740, stack(0x0000004d8d900000,0x0000004d8da00000) (1024K)]
  0x0000019b7566d2c0 JavaThread "Thread-6"                   daemon [_thread_in_native, id=24008, stack(0x0000004d8da00000,0x0000004d8db00000) (1024K)]
  0x0000019b7566e670 JavaThread "Thread-7"                   daemon [_thread_in_native, id=21376, stack(0x0000004d8db00000,0x0000004d8dc00000) (1024K)]
  0x0000019b7566ed00 JavaThread "Thread-8"                   daemon [_thread_in_native, id=26848, stack(0x0000004d8dc00000,0x0000004d8dd00000) (1024K)]
  0x0000019b7566b880 JavaThread "Thread-9"                   daemon [_thread_in_native, id=28356, stack(0x0000004d8dd00000,0x0000004d8de00000) (1024K)]
  0x0000019b7869e6a0 JavaThread "pool-2-thread-1"                   [_thread_blocked, id=8052, stack(0x0000004d8de00000,0x0000004d8df00000) (1024K)]
  0x0000019b7869fa50 JavaThread "WorkspaceEventsHandler"            [_thread_blocked, id=9892, stack(0x0000004d8d200000,0x0000004d8d300000) (1024K)]
  0x0000019b7869c5d0 JavaThread "pool-1-thread-1"                   [_thread_blocked, id=19584, stack(0x0000004d8df00000,0x0000004d8e000000) (1024K)]
  0x0000019b7869ed30 JavaThread "LocalFile Deleter"          daemon [_thread_blocked, id=16136, stack(0x0000004d8e100000,0x0000004d8e200000) (1024K)]
  0x0000019b786a00e0 JavaThread "LocalFile Deleter"          daemon [_thread_blocked, id=23188, stack(0x0000004d8e200000,0x0000004d8e300000) (1024K)]
  0x0000019b75aa50d0 JavaThread "C2 CompilerThread2"         daemon [_thread_in_native, id=30564, stack(0x0000004d8e300000,0x0000004d8e400000) (1024K)]
  0x0000019b786a0770 JavaThread "ForkJoinPool.commonPool-worker-1" daemon [_thread_blocked, id=12852, stack(0x0000004d8e000000,0x0000004d8e100000) (1024K)]
  0x0000019b7869d2f0 JavaThread "ForkJoinPool.commonPool-worker-2" daemon [_thread_blocked, id=22016, stack(0x0000004d8e400000,0x0000004d8e500000) (1024K)]
Total: 44

Other Threads:
  0x0000019b6cdd14d0 VMThread "VM Thread"                           [id=15428, stack(0x0000004d8b000000,0x0000004d8b100000) (1024K)]
  0x0000019b6cceca00 WatcherThread "VM Periodic Task Thread"        [id=29388, stack(0x0000004d8af00000,0x0000004d8b000000) (1024K)]
  0x0000019b56387df0 WorkerThread "GC Thread#0"                     [id=8180, stack(0x0000004d8ae00000,0x0000004d8af00000) (1024K)]
  0x0000019b73525870 WorkerThread "GC Thread#1"                     [id=2748, stack(0x0000004d8bd00000,0x0000004d8be00000) (1024K)]
  0x0000019b73525c20 WorkerThread "GC Thread#2"                     [id=29540, stack(0x0000004d8be00000,0x0000004d8bf00000) (1024K)]
  0x0000019b7343dc70 WorkerThread "GC Thread#3"                     [id=25644, stack(0x0000004d8bf00000,0x0000004d8c000000) (1024K)]
  0x0000019b7343e020 WorkerThread "GC Thread#4"                     [id=30652, stack(0x0000004d8c000000,0x0000004d8c100000) (1024K)]
  0x0000019b7343e3d0 WorkerThread "GC Thread#5"                     [id=7680, stack(0x0000004d8c100000,0x0000004d8c200000) (1024K)]
  0x0000019b7343e780 WorkerThread "GC Thread#6"                     [id=24004, stack(0x0000004d8c200000,0x0000004d8c300000) (1024K)]
  0x0000019b738bac00 WorkerThread "GC Thread#7"                     [id=5484, stack(0x0000004d8c400000,0x0000004d8c500000) (1024K)]
Total: 10

Threads with active compile tasks:
C2 CompilerThread0  19065 10555       4       org.eclipse.jdt.internal.core.search.indexing.BinaryIndexer::extractReferenceFromConstantPool (358 bytes)
C2 CompilerThread1  19065 10455   !   4       org.eclipse.jdt.internal.compiler.classfmt.ClassFileReader::<init> (1968 bytes)
C2 CompilerThread2  19065 10473   !   4       org.eclipse.jdt.internal.core.search.indexing.BinaryIndexer::indexDocument (1172 bytes)
Total: 3

VM state: not at safepoint (normal execution)

VM Mutex/Monitor currently owned by a thread: None

Heap address: 0x0000000080000000, size: 2048 MB, Compressed Oops mode: 32-bit

CDS archive(s) mapped at: [0x0000019b00000000-0x0000019b00ba0000-0x0000019b00ba0000), size 12189696, SharedBaseAddress: 0x0000019b00000000, ArchiveRelocationMode: 1.
Compressed class space mapped at: 0x0000019b01000000-0x0000019b41000000, reserved size: 1073741824
Narrow klass base: 0x0000019b00000000, Narrow klass shift: 0, Narrow klass range: 0x100000000

GC Precious Log:
 CardTable entry size: 512
 CPUs: 8 total, 8 available
 Memory: 16125M
 Large Page Support: Disabled
 NUMA Support: Disabled
 Compressed Oops: Enabled (32-bit)
 Alignments: Space 512K, Generation 512K, Heap 2M
 Heap Min Capacity: 100M
 Heap Initial Capacity: 100M
 Heap Max Capacity: 2G
 Pre-touch: Disabled
 Parallel Workers: 8

Heap:
 PSYoungGen      total 19968K, used 18259K [0x00000000d5580000, 0x00000000d7000000, 0x0000000100000000)
  eden space 16384K, 90% used [0x00000000d5580000,0x00000000d63ffb68,0x00000000d6580000)
  from space 3584K, 95% used [0x00000000d6c80000,0x00000000d6fd5448,0x00000000d7000000)
  to   space 4608K, 0% used [0x00000000d6700000,0x00000000d6700000,0x00000000d6b80000)
 ParOldGen       total 71168K, used 70767K [0x0000000080000000, 0x0000000084580000, 0x00000000d5580000)
  object space 71168K, 99% used [0x0000000080000000,0x000000008451be48,0x0000000084580000)
 Metaspace       used 55598K, committed 57088K, reserved 1114112K
  class space    used 5914K, committed 6592K, reserved 1048576K

Card table byte_map: [0x0000019b55d00000,0x0000019b56110000] _byte_map_base: 0x0000019b55900000

Marking Bits: (ParMarkBitMap*) 0x00007ffa42de3450
 Begin Bits: [0x0000019b68810000, 0x0000019b6a810000)
 End Bits:   [0x0000019b6a810000, 0x0000019b6c810000)

Polling page: 0x0000019b54210000

Metaspace:

Usage:
  Non-class:     48.52 MB used.
      Class:      5.78 MB used.
       Both:     54.29 MB used.

Virtual space:
  Non-class space:       64.00 MB reserved,      49.31 MB ( 77%) committed,  1 nodes.
      Class space:        1.00 GB reserved,       6.44 MB ( <1%) committed,  1 nodes.
             Both:        1.06 GB reserved,      55.75 MB (  5%) committed. 

Chunk freelists:
   Non-Class:  14.41 MB
       Class:  9.61 MB
        Both:  24.02 MB

MaxMetaspaceSize: unlimited
CompressedClassSpaceSize: 1.00 GB
Initial GC threshold: 21.00 MB
Current GC threshold: 58.38 MB
CDS: on
 - commit_granule_bytes: 65536.
 - commit_granule_words: 8192.
 - virtual_space_node_default_size: 8388608.
 - enlarge_chunks_in_place: 1.
 - use_allocation_guard: 0.


Internal statistics:

num_allocs_failed_limit: 6.
num_arena_births: 1088.
num_arena_deaths: 16.
num_vsnodes_births: 2.
num_vsnodes_deaths: 0.
num_space_committed: 892.
num_space_uncommitted: 0.
num_chunks_returned_to_freelist: 23.
num_chunks_taken_from_freelist: 3663.
num_chunk_merges: 12.
num_chunk_splits: 2252.
num_chunks_enlarged: 1313.
num_inconsistent_stats: 0.

CodeHeap 'non-profiled nmethods': size=120000Kb used=6679Kb max_used=6679Kb free=113320Kb
 bounds [0x0000019b61030000, 0x0000019b616c0000, 0x0000019b68560000]
CodeHeap 'profiled nmethods': size=120000Kb used=22346Kb max_used=22346Kb free=97653Kb
 bounds [0x0000019b59560000, 0x0000019b5ab40000, 0x0000019b60a90000]
CodeHeap 'non-nmethods': size=5760Kb used=1399Kb max_used=1458Kb free=4360Kb
 bounds [0x0000019b60a90000, 0x0000019b60d00000, 0x0000019b61030000]
CodeCache: size=245760Kb, used=30424Kb, max_used=30483Kb, free=215333Kb
 total_blobs=10834, nmethods=10128, adapters=612, full_count=0
Compilation: enabled, stopped_count=0, restarted_count=0

Compilation events (20 events):
Event: 17.017 Thread 0x0000019b6e6a8370 nmethod 10712 0x0000019b5ab25e10 code [0x0000019b5ab25fe0, 0x0000019b5ab261e8]
Event: 17.017 Thread 0x0000019b6e6a8370 10700       3       org.eclipse.core.internal.resources.ResourceInfo::getContentId (8 bytes)
Event: 17.017 Thread 0x0000019b6e6a8370 nmethod 10700 0x0000019b5ab26310 code [0x0000019b5ab264a0, 0x0000019b5ab265b0]
Event: 17.027 Thread 0x0000019b6e6a8370 10714       2       org.eclipse.core.internal.resources.SaveManager$$Lambda/0x0000019b015f6198::visitElement (35 bytes)
Event: 17.028 Thread 0x0000019b6e6a8370 nmethod 10714 0x0000019b5ab26690 code [0x0000019b5ab26840, 0x0000019b5ab269a8]
Event: 17.028 Thread 0x0000019b6e6a8370 10716       2       org.eclipse.core.internal.resources.MarkerManager::snap (11 bytes)
Event: 17.028 Thread 0x0000019b6e6a8370 nmethod 10716 0x0000019b5ab26a90 code [0x0000019b5ab26c40, 0x0000019b5ab26d70]
Event: 17.028 Thread 0x0000019b6e6a8370 10717       2       org.eclipse.core.internal.resources.MarkerWriter::snap (153 bytes)
Event: 17.029 Thread 0x0000019b6e6a8370 nmethod 10717 0x0000019b5ab26e90 code [0x0000019b5ab27120, 0x0000019b5ab27998]
Event: 17.030 Thread 0x0000019b6e6a8370 10715   !   2       org.eclipse.core.internal.resources.SaveManager::lambda$11 (132 bytes)
Event: 17.030 Thread 0x0000019b6e6a8370 nmethod 10715 0x0000019b5ab28110 code [0x0000019b5ab28320, 0x0000019b5ab287b8]
Event: 17.030 Thread 0x0000019b6e6a8370 10718       2       org.eclipse.core.internal.resources.Synchronizer::snapSyncInfo (11 bytes)
Event: 17.030 Thread 0x0000019b6e6a8370 nmethod 10718 0x0000019b5ab28c90 code [0x0000019b5ab28e40, 0x0000019b5ab28f70]
Event: 17.030 Thread 0x0000019b6e6a8370 10719       2       org.eclipse.core.internal.resources.SyncInfoWriter::snapSyncInfo (157 bytes)
Event: 17.032 Thread 0x0000019b6e6a8370 nmethod 10719 0x0000019b5ab29090 code [0x0000019b5ab293a0, 0x0000019b5ab29ec8]
Event: 17.032 Thread 0x0000019b6e6a8370 10720       2       java.lang.invoke.MethodHandles::insertArgumentsChecks (51 bytes)
Event: 17.033 Thread 0x0000019b6e6a8370 nmethod 10720 0x0000019b5ab2a710 code [0x0000019b5ab2a8e0, 0x0000019b5ab2ab60]
Event: 17.034 Thread 0x0000019b6e6a8370 10721       2       java.lang.System::lineSeparator (4 bytes)
Event: 17.035 Thread 0x0000019b6e6a8370 nmethod 10721 0x0000019b5ab2ad90 code [0x0000019b5ab2af20, 0x0000019b5ab2b018]
Event: 17.047 Thread 0x0000019b6e6a8370 10722       3       org.eclipse.core.internal.dtree.DeltaDataTree::getChildNodes (176 bytes)

GC Heap History (20 events):
Event: 16.097 GC heap before
{Heap before GC invocations=39 (full 2):
 PSYoungGen      total 17920K, used 17920K [0x00000000d5580000, 0x00000000d6f00000, 0x0000000100000000)
  eden space 16384K, 100% used [0x00000000d5580000,0x00000000d6580000,0x00000000d6580000)
  from space 1536K, 100% used [0x00000000d6980000,0x00000000d6b00000,0x00000000d6b00000)
  to   space 4096K, 0% used [0x00000000d6580000,0x00000000d6580000,0x00000000d6980000)
 ParOldGen       total 68608K, used 48360K [0x0000000080000000, 0x0000000084300000, 0x00000000d5580000)
  object space 68608K, 70% used [0x0000000080000000,0x0000000082f3a3a8,0x0000000084300000)
 Metaspace       used 53349K, committed 54720K, reserved 1114112K
  class space    used 5700K, committed 6336K, reserved 1048576K
}
Event: 16.101 GC heap after
{Heap after GC invocations=39 (full 2):
 PSYoungGen      total 18432K, used 1760K [0x00000000d5580000, 0x00000000d6a80000, 0x0000000100000000)
  eden space 16384K, 0% used [0x00000000d5580000,0x00000000d5580000,0x00000000d6580000)
  from space 2048K, 85% used [0x00000000d6580000,0x00000000d6738030,0x00000000d6780000)
  to   space 2560K, 0% used [0x00000000d6800000,0x00000000d6800000,0x00000000d6a80000)
 ParOldGen       total 68608K, used 49829K [0x0000000080000000, 0x0000000084300000, 0x00000000d5580000)
  object space 68608K, 72% used [0x0000000080000000,0x00000000830a94a8,0x0000000084300000)
 Metaspace       used 53349K, committed 54720K, reserved 1114112K
  class space    used 5700K, committed 6336K, reserved 1048576K
}
Event: 16.149 GC heap before
{Heap before GC invocations=40 (full 2):
 PSYoungGen      total 18432K, used 18144K [0x00000000d5580000, 0x00000000d6a80000, 0x0000000100000000)
  eden space 16384K, 100% used [0x00000000d5580000,0x00000000d6580000,0x00000000d6580000)
  from space 2048K, 85% used [0x00000000d6580000,0x00000000d6738030,0x00000000d6780000)
  to   space 2560K, 0% used [0x00000000d6800000,0x00000000d6800000,0x00000000d6a80000)
 ParOldGen       total 68608K, used 49829K [0x0000000080000000, 0x0000000084300000, 0x00000000d5580000)
  object space 68608K, 72% used [0x0000000080000000,0x00000000830a94a8,0x0000000084300000)
 Metaspace       used 53517K, committed 54912K, reserved 1114112K
  class space    used 5715K, committed 6336K, reserved 1048576K
}
Event: 16.153 GC heap after
{Heap after GC invocations=40 (full 2):
 PSYoungGen      total 17920K, used 1503K [0x00000000d5580000, 0x00000000d6980000, 0x0000000100000000)
  eden space 16384K, 0% used [0x00000000d5580000,0x00000000d5580000,0x00000000d6580000)
  from space 1536K, 97% used [0x00000000d6800000,0x00000000d6977fa0,0x00000000d6980000)
  to   space 2048K, 0% used [0x00000000d6580000,0x00000000d6580000,0x00000000d6780000)
 ParOldGen       total 68608K, used 51477K [0x0000000080000000, 0x0000000084300000, 0x00000000d5580000)
  object space 68608K, 75% used [0x0000000080000000,0x00000000832454d8,0x0000000084300000)
 Metaspace       used 53517K, committed 54912K, reserved 1114112K
  class space    used 5715K, committed 6336K, reserved 1048576K
}
Event: 16.189 GC heap before
{Heap before GC invocations=41 (full 2):
 PSYoungGen      total 17920K, used 17887K [0x00000000d5580000, 0x00000000d6980000, 0x0000000100000000)
  eden space 16384K, 100% used [0x00000000d5580000,0x00000000d6580000,0x00000000d6580000)
  from space 1536K, 97% used [0x00000000d6800000,0x00000000d6977fa0,0x00000000d6980000)
  to   space 2048K, 0% used [0x00000000d6580000,0x00000000d6580000,0x00000000d6780000)
 ParOldGen       total 68608K, used 51477K [0x0000000080000000, 0x0000000084300000, 0x00000000d5580000)
  object space 68608K, 75% used [0x0000000080000000,0x00000000832454d8,0x0000000084300000)
 Metaspace       used 53613K, committed 54976K, reserved 1114112K
  class space    used 5722K, committed 6336K, reserved 1048576K
}
Event: 16.192 GC heap after
{Heap after GC invocations=41 (full 2):
 PSYoungGen      total 18432K, used 1784K [0x00000000d5580000, 0x00000000d6980000, 0x0000000100000000)
  eden space 16384K, 0% used [0x00000000d5580000,0x00000000d5580000,0x00000000d6580000)
  from space 2048K, 87% used [0x00000000d6580000,0x00000000d673e220,0x00000000d6780000)
  to   space 2048K, 0% used [0x00000000d6780000,0x00000000d6780000,0x00000000d6980000)
 ParOldGen       total 68608K, used 52773K [0x0000000080000000, 0x0000000084300000, 0x00000000d5580000)
  object space 68608K, 76% used [0x0000000080000000,0x00000000833894d8,0x0000000084300000)
 Metaspace       used 53613K, committed 54976K, reserved 1114112K
  class space    used 5722K, committed 6336K, reserved 1048576K
}
Event: 16.287 GC heap before
{Heap before GC invocations=42 (full 2):
 PSYoungGen      total 18432K, used 18143K [0x00000000d5580000, 0x00000000d6980000, 0x0000000100000000)
  eden space 16384K, 99% used [0x00000000d5580000,0x00000000d6579ce8,0x00000000d6580000)
  from space 2048K, 87% used [0x00000000d6580000,0x00000000d673e220,0x00000000d6780000)
  to   space 2048K, 0% used [0x00000000d6780000,0x00000000d6780000,0x00000000d6980000)
 ParOldGen       total 68608K, used 52773K [0x0000000080000000, 0x0000000084300000, 0x00000000d5580000)
  object space 68608K, 76% used [0x0000000080000000,0x00000000833894d8,0x0000000084300000)
 Metaspace       used 53937K, committed 55296K, reserved 1114112K
  class space    used 5747K, committed 6336K, reserved 1048576K
}
Event: 16.289 GC heap after
{Heap after GC invocations=42 (full 2):
 PSYoungGen      total 18432K, used 1421K [0x00000000d5580000, 0x00000000d6980000, 0x0000000100000000)
  eden space 16384K, 0% used [0x00000000d5580000,0x00000000d5580000,0x00000000d6580000)
  from space 2048K, 69% used [0x00000000d6780000,0x00000000d68e3510,0x00000000d6980000)
  to   space 2048K, 0% used [0x00000000d6580000,0x00000000d6580000,0x00000000d6780000)
 ParOldGen       total 68608K, used 54114K [0x0000000080000000, 0x0000000084300000, 0x00000000d5580000)
  object space 68608K, 78% used [0x0000000080000000,0x00000000834d8a60,0x0000000084300000)
 Metaspace       used 53937K, committed 55296K, reserved 1114112K
  class space    used 5747K, committed 6336K, reserved 1048576K
}
Event: 16.474 GC heap before
{Heap before GC invocations=43 (full 2):
 PSYoungGen      total 18432K, used 17805K [0x00000000d5580000, 0x00000000d6980000, 0x0000000100000000)
  eden space 16384K, 100% used [0x00000000d5580000,0x00000000d6580000,0x00000000d6580000)
  from space 2048K, 69% used [0x00000000d6780000,0x00000000d68e3510,0x00000000d6980000)
  to   space 2048K, 0% used [0x00000000d6580000,0x00000000d6580000,0x00000000d6780000)
 ParOldGen       total 68608K, used 54114K [0x0000000080000000, 0x0000000084300000, 0x00000000d5580000)
  object space 68608K, 78% used [0x0000000080000000,0x00000000834d8a60,0x0000000084300000)
 Metaspace       used 54163K, committed 55616K, reserved 1114112K
  class space    used 5760K, committed 6400K, reserved 1048576K
}
Event: 16.476 GC heap after
{Heap after GC invocations=43 (full 2):
 PSYoungGen      total 18432K, used 2036K [0x00000000d5580000, 0x00000000d6e80000, 0x0000000100000000)
  eden space 16384K, 0% used [0x00000000d5580000,0x00000000d5580000,0x00000000d6580000)
  from space 2048K, 99% used [0x00000000d6580000,0x00000000d677d330,0x00000000d6780000)
  to   space 4608K, 0% used [0x00000000d6a00000,0x00000000d6a00000,0x00000000d6e80000)
 ParOldGen       total 68608K, used 56012K [0x0000000080000000, 0x0000000084300000, 0x00000000d5580000)
  object space 68608K, 81% used [0x0000000080000000,0x00000000836b3140,0x0000000084300000)
 Metaspace       used 54163K, committed 55616K, reserved 1114112K
  class space    used 5760K, committed 6400K, reserved 1048576K
}
Event: 16.563 GC heap before
{Heap before GC invocations=44 (full 2):
 PSYoungGen      total 18432K, used 18420K [0x00000000d5580000, 0x00000000d6e80000, 0x0000000100000000)
  eden space 16384K, 100% used [0x00000000d5580000,0x00000000d6580000,0x00000000d6580000)
  from space 2048K, 99% used [0x00000000d6580000,0x00000000d677d330,0x00000000d6780000)
  to   space 4608K, 0% used [0x00000000d6a00000,0x00000000d6a00000,0x00000000d6e80000)
 ParOldGen       total 68608K, used 56012K [0x0000000080000000, 0x0000000084300000, 0x00000000d5580000)
  object space 68608K, 81% used [0x0000000080000000,0x00000000836b3140,0x0000000084300000)
 Metaspace       used 54304K, committed 55744K, reserved 1114112K
  class space    used 5774K, committed 6400K, reserved 1048576K
}
Event: 16.566 GC heap after
{Heap after GC invocations=44 (full 2):
 PSYoungGen      total 19968K, used 3522K [0x00000000d5580000, 0x00000000d6d80000, 0x0000000100000000)
  eden space 16384K, 0% used [0x00000000d5580000,0x00000000d5580000,0x00000000d6580000)
  from space 3584K, 98% used [0x00000000d6a00000,0x00000000d6d70b30,0x00000000d6d80000)
  to   space 4096K, 0% used [0x00000000d6580000,0x00000000d6580000,0x00000000d6980000)
 ParOldGen       total 68608K, used 57950K [0x0000000080000000, 0x0000000084300000, 0x00000000d5580000)
  object space 68608K, 84% used [0x0000000080000000,0x0000000083897920,0x0000000084300000)
 Metaspace       used 54304K, committed 55744K, reserved 1114112K
  class space    used 5774K, committed 6400K, reserved 1048576K
}
Event: 16.630 GC heap before
{Heap before GC invocations=45 (full 2):
 PSYoungGen      total 19968K, used 19906K [0x00000000d5580000, 0x00000000d6d80000, 0x0000000100000000)
  eden space 16384K, 100% used [0x00000000d5580000,0x00000000d6580000,0x00000000d6580000)
  from space 3584K, 98% used [0x00000000d6a00000,0x00000000d6d70b30,0x00000000d6d80000)
  to   space 4096K, 0% used [0x00000000d6580000,0x00000000d6580000,0x00000000d6980000)
 ParOldGen       total 68608K, used 57950K [0x0000000080000000, 0x0000000084300000, 0x00000000d5580000)
  object space 68608K, 84% used [0x0000000080000000,0x0000000083897920,0x0000000084300000)
 Metaspace       used 54400K, committed 55808K, reserved 1114112K
  class space    used 5776K, committed 6400K, reserved 1048576K
}
Event: 16.635 GC heap after
{Heap after GC invocations=45 (full 2):
 PSYoungGen      total 19968K, used 3440K [0x00000000d5580000, 0x00000000d6c80000, 0x0000000100000000)
  eden space 16384K, 0% used [0x00000000d5580000,0x00000000d5580000,0x00000000d6580000)
  from space 3584K, 95% used [0x00000000d6580000,0x00000000d68dc140,0x00000000d6900000)
  to   space 3584K, 0% used [0x00000000d6900000,0x00000000d6900000,0x00000000d6c80000)
 ParOldGen       total 68608K, used 61170K [0x0000000080000000, 0x0000000084300000, 0x00000000d5580000)
  object space 68608K, 89% used [0x0000000080000000,0x0000000083bbc920,0x0000000084300000)
 Metaspace       used 54400K, committed 55808K, reserved 1114112K
  class space    used 5776K, committed 6400K, reserved 1048576K
}
Event: 16.694 GC heap before
{Heap before GC invocations=46 (full 2):
 PSYoungGen      total 19968K, used 19824K [0x00000000d5580000, 0x00000000d6c80000, 0x0000000100000000)
  eden space 16384K, 100% used [0x00000000d5580000,0x00000000d6580000,0x00000000d6580000)
  from space 3584K, 95% used [0x00000000d6580000,0x00000000d68dc140,0x00000000d6900000)
  to   space 3584K, 0% used [0x00000000d6900000,0x00000000d6900000,0x00000000d6c80000)
 ParOldGen       total 68608K, used 61170K [0x0000000080000000, 0x0000000084300000, 0x00000000d5580000)
  object space 68608K, 89% used [0x0000000080000000,0x0000000083bbc920,0x0000000084300000)
 Metaspace       used 54556K, committed 55936K, reserved 1114112K
  class space    used 5788K, committed 6400K, reserved 1048576K
}
Event: 16.698 GC heap after
{Heap after GC invocations=46 (full 2):
 PSYoungGen      total 19968K, used 3087K [0x00000000d5580000, 0x00000000d6c80000, 0x0000000100000000)
  eden space 16384K, 0% used [0x00000000d5580000,0x00000000d5580000,0x00000000d6580000)
  from space 3584K, 86% used [0x00000000d6900000,0x00000000d6c03d70,0x00000000d6c80000)
  to   space 3584K, 0% used [0x00000000d6580000,0x00000000d6580000,0x00000000d6900000)
 ParOldGen       total 68608K, used 64431K [0x0000000080000000, 0x0000000084300000, 0x00000000d5580000)
  object space 68608K, 93% used [0x0000000080000000,0x0000000083eebde8,0x0000000084300000)
 Metaspace       used 54556K, committed 55936K, reserved 1114112K
  class space    used 5788K, committed 6400K, reserved 1048576K
}
Event: 16.773 GC heap before
{Heap before GC invocations=47 (full 2):
 PSYoungGen      total 19968K, used 19471K [0x00000000d5580000, 0x00000000d6c80000, 0x0000000100000000)
  eden space 16384K, 100% used [0x00000000d5580000,0x00000000d6580000,0x00000000d6580000)
  from space 3584K, 86% used [0x00000000d6900000,0x00000000d6c03d70,0x00000000d6c80000)
  to   space 3584K, 0% used [0x00000000d6580000,0x00000000d6580000,0x00000000d6900000)
 ParOldGen       total 68608K, used 64431K [0x0000000080000000, 0x0000000084300000, 0x00000000d5580000)
  object space 68608K, 93% used [0x0000000080000000,0x0000000083eebde8,0x0000000084300000)
 Metaspace       used 54676K, committed 56000K, reserved 1114112K
  class space    used 5801K, committed 6400K, reserved 1048576K
}
Event: 16.776 GC heap after
{Heap after GC invocations=47 (full 2):
 PSYoungGen      total 19968K, used 3563K [0x00000000d5580000, 0x00000000d7380000, 0x0000000100000000)
  eden space 16384K, 0% used [0x00000000d5580000,0x00000000d5580000,0x00000000d6580000)
  from space 3584K, 99% used [0x00000000d6580000,0x00000000d68faf60,0x00000000d6900000)
  to   space 7168K, 0% used [0x00000000d6c80000,0x00000000d6c80000,0x00000000d7380000)
 ParOldGen       total 68608K, used 67372K [0x0000000080000000, 0x0000000084300000, 0x00000000d5580000)
  object space 68608K, 98% used [0x0000000080000000,0x00000000841cb298,0x0000000084300000)
 Metaspace       used 54676K, committed 56000K, reserved 1114112K
  class space    used 5801K, committed 6400K, reserved 1048576K
}
Event: 16.876 GC heap before
{Heap before GC invocations=48 (full 2):
 PSYoungGen      total 19968K, used 19947K [0x00000000d5580000, 0x00000000d7380000, 0x0000000100000000)
  eden space 16384K, 100% used [0x00000000d5580000,0x00000000d6580000,0x00000000d6580000)
  from space 3584K, 99% used [0x00000000d6580000,0x00000000d68faf60,0x00000000d6900000)
  to   space 7168K, 0% used [0x00000000d6c80000,0x00000000d6c80000,0x00000000d7380000)
 ParOldGen       total 68608K, used 67372K [0x0000000080000000, 0x0000000084300000, 0x00000000d5580000)
  object space 68608K, 98% used [0x0000000080000000,0x00000000841cb298,0x0000000084300000)
 Metaspace       used 54822K, committed 56256K, reserved 1114112K
  class space    used 5817K, committed 6464K, reserved 1048576K
}
Event: 16.880 GC heap after
{Heap after GC invocations=48 (full 2):
 PSYoungGen      total 19968K, used 3413K [0x00000000d5580000, 0x00000000d7000000, 0x0000000100000000)
  eden space 16384K, 0% used [0x00000000d5580000,0x00000000d5580000,0x00000000d6580000)
  from space 3584K, 95% used [0x00000000d6c80000,0x00000000d6fd5448,0x00000000d7000000)
  to   space 4608K, 0% used [0x00000000d6700000,0x00000000d6700000,0x00000000d6b80000)
 ParOldGen       total 71168K, used 70767K [0x0000000080000000, 0x0000000084580000, 0x00000000d5580000)
  object space 71168K, 99% used [0x0000000080000000,0x000000008451be48,0x0000000084580000)
 Metaspace       used 54822K, committed 56256K, reserved 1114112K
  class space    used 5817K, committed 6464K, reserved 1048576K
}

Dll operation events (12 events):
Event: 0.035 Loaded shared library c:\Users\duc.tran5\.antigravity\extensions\redhat.java-1.54.0-win32-x64\jre\21.0.10-win32-x86_64\bin\java.dll
Event: 0.129 Loaded shared library c:\Users\duc.tran5\.antigravity\extensions\redhat.java-1.54.0-win32-x64\jre\21.0.10-win32-x86_64\bin\zip.dll
Event: 0.151 Loaded shared library C:\Users\duc.tran5\.antigravity\extensions\redhat.java-1.54.0-win32-x64\jre\21.0.10-win32-x86_64\bin\instrument.dll
Event: 0.159 Loaded shared library C:\Users\duc.tran5\.antigravity\extensions\redhat.java-1.54.0-win32-x64\jre\21.0.10-win32-x86_64\bin\net.dll
Event: 0.165 Loaded shared library C:\Users\duc.tran5\.antigravity\extensions\redhat.java-1.54.0-win32-x64\jre\21.0.10-win32-x86_64\bin\nio.dll
Event: 0.173 Loaded shared library C:\Users\duc.tran5\.antigravity\extensions\redhat.java-1.54.0-win32-x64\jre\21.0.10-win32-x86_64\bin\zip.dll
Event: 0.201 Loaded shared library C:\Users\duc.tran5\.antigravity\extensions\redhat.java-1.54.0-win32-x64\jre\21.0.10-win32-x86_64\bin\jimage.dll
Event: 0.346 Loaded shared library c:\Users\duc.tran5\.antigravity\extensions\redhat.java-1.54.0-win32-x64\jre\21.0.10-win32-x86_64\bin\verify.dll
Event: 1.947 Loaded shared library C:\Users\duc.tran5\AppData\Roaming\Antigravity\User\globalStorage\redhat.java\1.54.0\config_win\org.eclipse.equinox.launcher\org.eclipse.equinox.launcher.win32.win32.x86_64_1.3.0.v20260203-2149\eclipse_11919.dll
Event: 8.240 Loaded shared library C:\Users\duc.tran5\.antigravity\extensions\redhat.java-1.54.0-win32-x64\jre\21.0.10-win32-x86_64\bin\management.dll
Event: 8.245 Loaded shared library C:\Users\duc.tran5\.antigravity\extensions\redhat.java-1.54.0-win32-x64\jre\21.0.10-win32-x86_64\bin\management_ext.dll
Event: 8.951 Loaded shared library C:\Users\duc.tran5\AppData\Local\Temp\jna-784639854\jna937139094174511289.dll

Deoptimization events (20 events):
Event: 16.896 Thread 0x0000019b73d88f90 DEOPT PACKING pc=0x0000019b61520000 sp=0x0000004d8cffeab0
Event: 16.896 Thread 0x0000019b73d88f90 DEOPT UNPACKING pc=0x0000019b60ae3aa2 sp=0x0000004d8cffea78 mode 2
Event: 16.896 Thread 0x0000019b73d88f90 Uncommon trap: trap_request=0xffffffc6 fr.pc=0x0000019b61520000 relative=0x0000000000000b20
Event: 16.896 Thread 0x0000019b73d88f90 Uncommon trap: reason=bimorphic_or_optimized_type_check action=maybe_recompile pc=0x0000019b61520000 method=org.eclipse.core.internal.dtree.AbstractDataTreeNode.assembleWith([Lorg/eclipse/core/internal/dtree/AbstractDataTreeNode;[Lorg/eclipse/core/interna
Event: 16.896 Thread 0x0000019b73d88f90 DEOPT PACKING pc=0x0000019b61520000 sp=0x0000004d8cffeab0
Event: 16.896 Thread 0x0000019b73d88f90 DEOPT UNPACKING pc=0x0000019b60ae3aa2 sp=0x0000004d8cffea78 mode 2
Event: 16.896 Thread 0x0000019b73d88f90 Uncommon trap: trap_request=0xffffffc6 fr.pc=0x0000019b61520000 relative=0x0000000000000b20
Event: 16.896 Thread 0x0000019b73d88f90 Uncommon trap: reason=bimorphic_or_optimized_type_check action=maybe_recompile pc=0x0000019b61520000 method=org.eclipse.core.internal.dtree.AbstractDataTreeNode.assembleWith([Lorg/eclipse/core/internal/dtree/AbstractDataTreeNode;[Lorg/eclipse/core/interna
Event: 16.896 Thread 0x0000019b73d88f90 DEOPT PACKING pc=0x0000019b61520000 sp=0x0000004d8cffea30
Event: 16.896 Thread 0x0000019b73d88f90 DEOPT UNPACKING pc=0x0000019b60ae3aa2 sp=0x0000004d8cffe9f8 mode 2
Event: 16.929 Thread 0x0000019b786a0e00 Uncommon trap: trap_request=0xffffff45 fr.pc=0x0000019b6135b074 relative=0x00000000000000d4
Event: 16.929 Thread 0x0000019b786a0e00 Uncommon trap: reason=unstable_if action=reinterpret pc=0x0000019b6135b074 method=java.util.stream.AbstractPipeline.sourceSpliterator(I)Ljava/util/Spliterator; @ 82 c2
Event: 16.930 Thread 0x0000019b786a0e00 DEOPT PACKING pc=0x0000019b6135b074 sp=0x0000004d8e5ff050
Event: 16.930 Thread 0x0000019b786a0e00 DEOPT UNPACKING pc=0x0000019b60ae3aa2 sp=0x0000004d8e5fefb0 mode 2
Event: 16.951 Thread 0x0000019b73d8a9d0 DEOPT PACKING pc=0x0000019b5a9b5483 sp=0x0000004d8cefe5c0
Event: 16.951 Thread 0x0000019b73d8a9d0 DEOPT UNPACKING pc=0x0000019b60ae4242 sp=0x0000004d8cefdb28 mode 0
Event: 16.962 Thread 0x0000019b73d8a9d0 DEOPT PACKING pc=0x0000019b5a9bd9f2 sp=0x0000004d8cefe590
Event: 16.962 Thread 0x0000019b73d8a9d0 DEOPT UNPACKING pc=0x0000019b60ae4242 sp=0x0000004d8cefdb08 mode 0
Event: 16.964 Thread 0x0000019b73d8a9d0 DEOPT PACKING pc=0x0000019b5a9b5503 sp=0x0000004d8cefe5c0
Event: 16.964 Thread 0x0000019b73d8a9d0 DEOPT UNPACKING pc=0x0000019b60ae4242 sp=0x0000004d8cefdb28 mode 0

Classes loaded (20 events):
Event: 16.930 Loading class java/util/stream/Nodes$CollectorTask$OfRef
Event: 16.930 Loading class java/util/stream/Nodes$CollectorTask
Event: 16.932 Loading class java/util/stream/Nodes$CollectorTask done
Event: 16.932 Loading class java/util/stream/Nodes$CollectorTask$OfRef done
Event: 16.932 Loading class java/util/function/LongFunction
Event: 16.932 Loading class java/util/function/LongFunction done
Event: 16.932 Loading class java/util/stream/Nodes$ConcNode
Event: 16.933 Loading class java/util/stream/Nodes$AbstractConcNode
Event: 16.933 Loading class java/util/stream/Nodes$AbstractConcNode done
Event: 16.933 Loading class java/util/stream/Nodes$ConcNode done
Event: 16.966 Loading class java/util/Collections$SynchronizedRandomAccessList
Event: 16.966 Loading class java/util/Collections$SynchronizedList
Event: 16.966 Loading class java/util/Collections$SynchronizedList done
Event: 16.966 Loading class java/util/Collections$SynchronizedRandomAccessList done
Event: 16.984 Loading class java/io/FileFilter
Event: 16.984 Loading class java/io/FileFilter done
Event: 16.991 Loading class java/util/concurrent/CompletableFuture$Signaller
Event: 16.991 Loading class java/util/concurrent/CompletableFuture$Signaller done
Event: 16.997 Loading class java/util/CollSer
Event: 16.997 Loading class java/util/CollSer done

Classes unloaded (8 events):
Event: 6.284 Thread 0x0000019b6cdd14d0 Unloading class 0x0000019b011ad400 'java/lang/invoke/LambdaForm$MH+0x0000019b011ad400'
Event: 6.284 Thread 0x0000019b6cdd14d0 Unloading class 0x0000019b011ad000 'java/lang/invoke/LambdaForm$MH+0x0000019b011ad000'
Event: 6.284 Thread 0x0000019b6cdd14d0 Unloading class 0x0000019b011acc00 'java/lang/invoke/LambdaForm$MH+0x0000019b011acc00'
Event: 6.284 Thread 0x0000019b6cdd14d0 Unloading class 0x0000019b011ac800 'java/lang/invoke/LambdaForm$MH+0x0000019b011ac800'
Event: 6.284 Thread 0x0000019b6cdd14d0 Unloading class 0x0000019b011ac400 'java/lang/invoke/LambdaForm$BMH+0x0000019b011ac400'
Event: 6.284 Thread 0x0000019b6cdd14d0 Unloading class 0x0000019b011ac000 'java/lang/invoke/LambdaForm$DMH+0x0000019b011ac000'
Event: 6.284 Thread 0x0000019b6cdd14d0 Unloading class 0x0000019b011aac00 'java/lang/invoke/LambdaForm$DMH+0x0000019b011aac00'
Event: 8.947 Thread 0x0000019b6cdd14d0 Unloading class 0x0000019b012c8c00 'java/lang/invoke/LambdaForm$DMH+0x0000019b012c8c00'

Classes redefined (0 events):
No events

Internal exceptions (20 events):
Event: 16.880 Thread 0x0000019b73d88f90 Exception <a 'sun/nio/fs/WindowsException'{0x00000000d5580720}> (0x00000000d5580720) 
thrown [s\src\hotspot\share\prims\jni.cpp, line 520]
Event: 16.900 Thread 0x0000019b7869c5d0 Exception <a 'sun/nio/fs/WindowsException'{0x00000000d5904468}> (0x00000000d5904468) 
thrown [s\src\hotspot\share\prims\jni.cpp, line 520]
Event: 16.900 Thread 0x0000019b7869c5d0 Exception <a 'sun/nio/fs/WindowsException'{0x00000000d5904d10}> (0x00000000d5904d10) 
thrown [s\src\hotspot\share\prims\jni.cpp, line 520]
Event: 16.901 Thread 0x0000019b7869c5d0 Exception <a 'sun/nio/fs/WindowsException'{0x00000000d59223d0}> (0x00000000d59223d0) 
thrown [s\src\hotspot\share\prims\jni.cpp, line 520]
Event: 16.902 Thread 0x0000019b7869c5d0 Exception <a 'sun/nio/fs/WindowsException'{0x00000000d5922c68}> (0x00000000d5922c68) 
thrown [s\src\hotspot\share\prims\jni.cpp, line 520]
Event: 16.904 Thread 0x0000019b7869c5d0 Exception <a 'sun/nio/fs/WindowsException'{0x00000000d5932d40}> (0x00000000d5932d40) 
thrown [s\src\hotspot\share\prims\jni.cpp, line 520]
Event: 16.904 Thread 0x0000019b7869c5d0 Exception <a 'sun/nio/fs/WindowsException'{0x00000000d59335b8}> (0x00000000d59335b8) 
thrown [s\src\hotspot\share\prims\jni.cpp, line 520]
Event: 16.904 Thread 0x0000019b7869c5d0 Exception <a 'sun/nio/fs/WindowsException'{0x00000000d5934390}> (0x00000000d5934390) 
thrown [s\src\hotspot\share\prims\jni.cpp, line 520]
Event: 16.905 Thread 0x0000019b7869c5d0 Exception <a 'sun/nio/fs/WindowsException'{0x00000000d5934c28}> (0x00000000d5934c28) 
thrown [s\src\hotspot\share\prims\jni.cpp, line 520]
Event: 16.905 Thread 0x0000019b7869c5d0 Exception <a 'sun/nio/fs/WindowsException'{0x00000000d5935ac0}> (0x00000000d5935ac0) 
thrown [s\src\hotspot\share\prims\jni.cpp, line 520]
Event: 16.905 Thread 0x0000019b7869c5d0 Exception <a 'sun/nio/fs/WindowsException'{0x00000000d5936350}> (0x00000000d5936350) 
thrown [s\src\hotspot\share\prims\jni.cpp, line 520]
Event: 16.905 Thread 0x0000019b7869c5d0 Exception <a 'sun/nio/fs/WindowsException'{0x00000000d5937120}> (0x00000000d5937120) 
thrown [s\src\hotspot\share\prims\jni.cpp, line 520]
Event: 16.905 Thread 0x0000019b7869c5d0 Exception <a 'sun/nio/fs/WindowsException'{0x00000000d5946680}> (0x00000000d5946680) 
thrown [s\src\hotspot\share\prims\jni.cpp, line 520]
Event: 16.907 Thread 0x0000019b7869c5d0 Exception <a 'java/lang/IncompatibleClassChangeError'{0x00000000d597b0d0}: Found class java.lang.Object, but interface was expected> (0x00000000d597b0d0) 
thrown [s\src\hotspot\share\interpreter\linkResolver.cpp, line 840]
Event: 16.953 Thread 0x0000019b73d88f90 Exception <a 'sun/nio/fs/WindowsException'{0x00000000d5d58310}> (0x00000000d5d58310) 
thrown [s\src\hotspot\share\prims\jni.cpp, line 520]
Event: 16.953 Thread 0x0000019b73d88f90 Exception <a 'sun/nio/fs/WindowsException'{0x00000000d5d58c10}> (0x00000000d5d58c10) 
thrown [s\src\hotspot\share\prims\jni.cpp, line 520]
Event: 17.002 Thread 0x0000019b73d88f90 Exception <a 'java/lang/NoSuchMethodError'{0x00000000d61f43d8}: static Lorg/eclipse/m2e/core/internal/project/registry/MavenProjectFacade$MavenProjectConfiguration;.<clinit>()V> (0x00000000d61f43d8) 
thrown [s\src\hotspot\share\prims\jni.cpp, line 1111]
Event: 17.005 Thread 0x0000019b73d88f90 Exception <a 'java/lang/NoSuchMethodError'{0x00000000d621abf8}: static [J.<clinit>()V> (0x00000000d621abf8) 
thrown [s\src\hotspot\share\prims\jni.cpp, line 1111]
Event: 17.034 Thread 0x0000019b73d88f90 Exception <a 'sun/nio/fs/WindowsException'{0x00000000d6281918}> (0x00000000d6281918) 
thrown [s\src\hotspot\share\prims\jni.cpp, line 520]
Event: 17.034 Thread 0x0000019b73d88f90 Exception <a 'sun/nio/fs/WindowsException'{0x00000000d6286bf8}> (0x00000000d6286bf8) 
thrown [s\src\hotspot\share\prims\jni.cpp, line 520]

ZGC Phase Switch (0 events):
No events

VM Operations (20 events):
Event: 16.476 Executing safepoint VM operation: ParallelGCFailedAllocation (Allocation Failure) done
Event: 16.497 Executing non-safepoint VM operation: HandshakeAllThreads (Deoptimize)
Event: 16.497 Executing non-safepoint VM operation: HandshakeAllThreads (Deoptimize) done
Event: 16.563 Executing safepoint VM operation: ParallelGCFailedAllocation (Allocation Failure)
Event: 16.566 Executing safepoint VM operation: ParallelGCFailedAllocation (Allocation Failure) done
Event: 16.629 Executing safepoint VM operation: ParallelGCFailedAllocation (Allocation Failure)
Event: 16.635 Executing safepoint VM operation: ParallelGCFailedAllocation (Allocation Failure) done
Event: 16.694 Executing safepoint VM operation: ParallelGCFailedAllocation (Allocation Failure)
Event: 16.698 Executing safepoint VM operation: ParallelGCFailedAllocation (Allocation Failure) done
Event: 16.773 Executing safepoint VM operation: ParallelGCFailedAllocation (Allocation Failure)
Event: 16.776 Executing safepoint VM operation: ParallelGCFailedAllocation (Allocation Failure) done
Event: 16.788 Executing non-safepoint VM operation: HandshakeAllThreads (Deoptimize)
Event: 16.788 Executing non-safepoint VM operation: HandshakeAllThreads (Deoptimize) done
Event: 16.876 Executing safepoint VM operation: ParallelGCFailedAllocation (Allocation Failure)
Event: 16.880 Executing safepoint VM operation: ParallelGCFailedAllocation (Allocation Failure) done
Event: 16.955 Executing non-safepoint VM operation: HandshakeAllThreads (Deoptimize)
Event: 16.955 Executing non-safepoint VM operation: HandshakeAllThreads (Deoptimize) done
Event: 16.959 Executing non-safepoint VM operation: HandshakeAllThreads (Deoptimize)
Event: 16.959 Executing non-safepoint VM operation: HandshakeAllThreads (Deoptimize) done
Event: 17.960 Executing safepoint VM operation: Cleanup

Memory protections (0 events):
No events

Nmethod flushes (20 events):
Event: 8.959 Thread 0x0000019b6cdd14d0 flushing  nmethod 0x0000019b59b89b90
Event: 8.959 Thread 0x0000019b6cdd14d0 flushing  nmethod 0x0000019b59b8a410
Event: 8.959 Thread 0x0000019b6cdd14d0 flushing  nmethod 0x0000019b59b8be90
Event: 8.959 Thread 0x0000019b6cdd14d0 flushing  nmethod 0x0000019b59b8d610
Event: 8.959 Thread 0x0000019b6cdd14d0 flushing  nmethod 0x0000019b59b8db10
Event: 8.959 Thread 0x0000019b6cdd14d0 flushing  nmethod 0x0000019b59b8e410
Event: 8.959 Thread 0x0000019b6cdd14d0 flushing  nmethod 0x0000019b59b97410
Event: 8.959 Thread 0x0000019b6cdd14d0 flushing  nmethod 0x0000019b59bb7b90
Event: 8.959 Thread 0x0000019b6cdd14d0 flushing  nmethod 0x0000019b59bc3d10
Event: 8.959 Thread 0x0000019b6cdd14d0 flushing  nmethod 0x0000019b59bceb90
Event: 8.959 Thread 0x0000019b6cdd14d0 flushing  nmethod 0x0000019b59c26f90
Event: 8.959 Thread 0x0000019b6cdd14d0 flushing  nmethod 0x0000019b59c2d010
Event: 8.959 Thread 0x0000019b6cdd14d0 flushing osr nmethod 0x0000019b59c40f90
Event: 8.959 Thread 0x0000019b6cdd14d0 flushing  nmethod 0x0000019b59c43f10
Event: 8.959 Thread 0x0000019b6cdd14d0 flushing  nmethod 0x0000019b59c57790
Event: 8.959 Thread 0x0000019b6cdd14d0 flushing  nmethod 0x0000019b59c58590
Event: 8.959 Thread 0x0000019b6cdd14d0 flushing  nmethod 0x0000019b59c7ad10
Event: 8.959 Thread 0x0000019b6cdd14d0 flushing  nmethod 0x0000019b59ca7890
Event: 8.959 Thread 0x0000019b6cdd14d0 flushing  nmethod 0x0000019b59ca7c90
Event: 8.959 Thread 0x0000019b6cdd14d0 flushing  nmethod 0x0000019b59cb6f10

Events (20 events):
Event: 13.848 Thread 0x0000019b73d88f90 Thread added: 0x0000019b786a0e00
Event: 13.849 Thread 0x0000019b73d88f90 Thread added: 0x0000019b786a1490
Event: 14.091 Thread 0x0000019b7869d2f0 Thread exited: 0x0000019b7869d2f0
Event: 14.091 Thread 0x0000019b7869e010 Thread exited: 0x0000019b7869e010
Event: 14.093 Thread 0x0000019b786a1490 Thread exited: 0x0000019b786a1490
Event: 14.094 Thread 0x0000019b7869cc60 Thread exited: 0x0000019b7869cc60
Event: 14.094 Thread 0x0000019b786a0e00 Thread exited: 0x0000019b786a0e00
Event: 14.514 Thread 0x0000019b73d88f90 Thread added: 0x0000019b7869cc60
Event: 14.515 Thread 0x0000019b7869cc60 Thread exited: 0x0000019b7869cc60
Event: 14.561 Thread 0x0000019b78942c80 Thread exited: 0x0000019b78942c80
Event: 14.728 Thread 0x0000019b6e6a8370 Thread added: 0x0000019b75aa50d0
Event: 16.640 Thread 0x0000019b73d88f90 Thread added: 0x0000019b786a0770
Event: 16.641 Thread 0x0000019b786a0770 Thread exited: 0x0000019b786a0770
Event: 16.813 Thread 0x0000019b7869d980 Thread exited: 0x0000019b7869d980
Event: 16.913 Thread 0x0000019b7869c5d0 Thread added: 0x0000019b786a0770
Event: 16.915 Thread 0x0000019b7869c5d0 Thread added: 0x0000019b7869d2f0
Event: 16.923 Thread 0x0000019b73d88f90 Thread added: 0x0000019b786a0e00
Event: 16.934 Thread 0x0000019b786a0e00 Thread exited: 0x0000019b786a0e00
Event: 16.958 Thread 0x0000019b73d88f90 Thread added: 0x0000019b786a0e00
Event: 16.961 Thread 0x0000019b786a0e00 Thread exited: 0x0000019b786a0e00


Dynamic libraries:
0x00007ff6a1320000 - 0x00007ff6a132e000 	c:\Users\duc.tran5\.antigravity\extensions\redhat.java-1.54.0-win32-x64\jre\21.0.10-win32-x86_64\bin\java.exe
0x00007ffaeeae0000 - 0x00007ffaeed47000 	C:\WINDOWS\SYSTEM32\ntdll.dll
0x00007ffaed450000 - 0x00007ffaed519000 	C:\WINDOWS\System32\KERNEL32.DLL
0x00007ffaec3e0000 - 0x00007ffaec7d4000 	C:\WINDOWS\System32\KERNELBASE.dll
0x0000000076060000 - 0x00000000760fe000 	C:\ProgramData\Symantec\Symantec Endpoint Protection\14.3.10148.8000.105\Data\Sysfer\x64\sysfer.dll
0x00007ffaeb520000 - 0x00007ffaeb66b000 	C:\WINDOWS\System32\ucrtbase.dll
0x00007ffaccdd0000 - 0x00007ffaccdee000 	c:\Users\duc.tran5\.antigravity\extensions\redhat.java-1.54.0-win32-x64\jre\21.0.10-win32-x86_64\bin\VCRUNTIME140.dll
0x00007ffacd4a0000 - 0x00007ffacd4b8000 	c:\Users\duc.tran5\.antigravity\extensions\redhat.java-1.54.0-win32-x64\jre\21.0.10-win32-x86_64\bin\jli.dll
0x00007ffaed280000 - 0x00007ffaed445000 	C:\WINDOWS\System32\USER32.dll
0x00007ffaec3b0000 - 0x00007ffaec3d7000 	C:\WINDOWS\System32\win32u.dll
0x00007ffaecec0000 - 0x00007ffaeceeb000 	C:\WINDOWS\System32\GDI32.dll
0x00007ffad43c0000 - 0x00007ffad4653000 	C:\WINDOWS\WinSxS\amd64_microsoft.windows.common-controls_6595b64144ccf1df_6.0.26100.8115_none_3e075c82e3354f9c\COMCTL32.dll
0x00007ffaeb670000 - 0x00007ffaeb79b000 	C:\WINDOWS\System32\gdi32full.dll
0x00007ffaeb910000 - 0x00007ffaeb9b3000 	C:\WINDOWS\System32\msvcp_win.dll
0x00007ffaee200000 - 0x00007ffaee2a9000 	C:\WINDOWS\System32\msvcrt.dll
0x00007ffaee2b0000 - 0x00007ffaee2e2000 	C:\WINDOWS\System32\IMM32.DLL
0x00007ffacd510000 - 0x00007ffacd51c000 	c:\Users\duc.tran5\.antigravity\extensions\redhat.java-1.54.0-win32-x64\jre\21.0.10-win32-x86_64\bin\vcruntime140_1.dll
0x00007ffab8b80000 - 0x00007ffab8c0d000 	c:\Users\duc.tran5\.antigravity\extensions\redhat.java-1.54.0-win32-x64\jre\21.0.10-win32-x86_64\bin\msvcp140.dll
0x00007ffa42120000 - 0x00007ffa42ec1000 	c:\Users\duc.tran5\.antigravity\extensions\redhat.java-1.54.0-win32-x64\jre\21.0.10-win32-x86_64\bin\server\jvm.dll
0x00007ffaece00000 - 0x00007ffaeceb6000 	C:\WINDOWS\System32\ADVAPI32.dll
0x00007ffaee9e0000 - 0x00007ffaeea87000 	C:\WINDOWS\System32\sechost.dll
0x00007ffaecff0000 - 0x00007ffaed108000 	C:\WINDOWS\System32\RPCRT4.dll
0x00007ffaee7f0000 - 0x00007ffaee870000 	C:\WINDOWS\System32\WS2_32.dll
0x00007ffaeb210000 - 0x00007ffaeb26e000 	C:\WINDOWS\SYSTEM32\POWRPROF.dll
0x00007ffae30d0000 - 0x00007ffae3106000 	C:\WINDOWS\SYSTEM32\WINMM.dll
0x00007ffad8c50000 - 0x00007ffad8c5b000 	C:\WINDOWS\SYSTEM32\VERSION.dll
0x00007ffaeb1f0000 - 0x00007ffaeb204000 	C:\WINDOWS\SYSTEM32\UMPDC.dll
0x00007ffaea100000 - 0x00007ffaea11b000 	C:\WINDOWS\SYSTEM32\kernel.appcore.dll
0x00007ffacd490000 - 0x00007ffacd49a000 	c:\Users\duc.tran5\.antigravity\extensions\redhat.java-1.54.0-win32-x64\jre\21.0.10-win32-x86_64\bin\jimage.dll
0x00007ffab2f40000 - 0x00007ffab3182000 	C:\WINDOWS\SYSTEM32\DBGHELP.DLL
0x00007ffaee3b0000 - 0x00007ffaee732000 	C:\WINDOWS\System32\combase.dll
0x00007ffaec8f0000 - 0x00007ffaec9c8000 	C:\WINDOWS\System32\OLEAUT32.dll
0x00007ffac3770000 - 0x00007ffac37ab000 	C:\WINDOWS\SYSTEM32\dbgcore.DLL
0x00007ffaeb7a0000 - 0x00007ffaeb845000 	C:\WINDOWS\System32\bcryptPrimitives.dll
0x00007ffacd450000 - 0x00007ffacd45f000 	c:\Users\duc.tran5\.antigravity\extensions\redhat.java-1.54.0-win32-x64\jre\21.0.10-win32-x86_64\bin\instrument.dll
0x00007ffacae50000 - 0x00007ffacae70000 	c:\Users\duc.tran5\.antigravity\extensions\redhat.java-1.54.0-win32-x64\jre\21.0.10-win32-x86_64\bin\java.dll
0x00007ffaed5b0000 - 0x00007ffaedd17000 	C:\WINDOWS\System32\SHELL32.dll
0x00007ffaeb3b0000 - 0x00007ffaeb51a000 	C:\WINDOWS\System32\wintypes.dll
0x00007ffaeb9c0000 - 0x00007ffaec228000 	C:\WINDOWS\System32\windows.storage.dll
0x00007ffaee8e0000 - 0x00007ffaee9d8000 	C:\WINDOWS\System32\SHCORE.dll
0x00007ffaec880000 - 0x00007ffaec8e6000 	C:\WINDOWS\System32\shlwapi.dll
0x00007ffaeb2d0000 - 0x00007ffaeb2f9000 	C:\WINDOWS\SYSTEM32\profapi.dll
0x00007ffacda60000 - 0x00007ffacda78000 	c:\Users\duc.tran5\.antigravity\extensions\redhat.java-1.54.0-win32-x64\jre\21.0.10-win32-x86_64\bin\zip.dll
0x00007fface1e0000 - 0x00007fface1f0000 	C:\Users\duc.tran5\.antigravity\extensions\redhat.java-1.54.0-win32-x64\jre\21.0.10-win32-x86_64\bin\net.dll
0x00007ffae5840000 - 0x00007ffae596d000 	C:\WINDOWS\SYSTEM32\WINHTTP.dll
0x00007ffaea650000 - 0x00007ffaea6bc000 	C:\WINDOWS\system32\mswsock.dll
0x00007ffacda40000 - 0x00007ffacda56000 	C:\Users\duc.tran5\.antigravity\extensions\redhat.java-1.54.0-win32-x64\jre\21.0.10-win32-x86_64\bin\nio.dll
0x00007ffaccf20000 - 0x00007ffaccf30000 	c:\Users\duc.tran5\.antigravity\extensions\redhat.java-1.54.0-win32-x64\jre\21.0.10-win32-x86_64\bin\verify.dll
0x00007ffabeb50000 - 0x00007ffabeb95000 	C:\Users\duc.tran5\AppData\Roaming\Antigravity\User\globalStorage\redhat.java\1.54.0\config_win\org.eclipse.equinox.launcher\org.eclipse.equinox.launcher.win32.win32.x86_64_1.3.0.v20260203-2149\eclipse_11919.dll
0x00007ffaec9e0000 - 0x00007ffaecb77000 	C:\WINDOWS\System32\ole32.dll
0x00007ffaeaa50000 - 0x00007ffaeaa6b000 	C:\WINDOWS\SYSTEM32\CRYPTSP.dll
0x00007ffaea060000 - 0x00007ffaea099000 	C:\WINDOWS\system32\rsaenh.dll
0x00007ffaea700000 - 0x00007ffaea733000 	C:\WINDOWS\SYSTEM32\USERENV.dll
0x00007ffaeb2a0000 - 0x00007ffaeb2ca000 	C:\WINDOWS\SYSTEM32\bcrypt.dll
0x00007ffaea8b0000 - 0x00007ffaea8bc000 	C:\WINDOWS\SYSTEM32\CRYPTBASE.dll
0x00007ffae9860000 - 0x00007ffae9892000 	C:\WINDOWS\SYSTEM32\IPHLPAPI.DLL
0x00007ffaec870000 - 0x00007ffaec87a000 	C:\WINDOWS\System32\NSI.dll
0x00007ffacb220000 - 0x00007ffacb22a000 	C:\Users\duc.tran5\.antigravity\extensions\redhat.java-1.54.0-win32-x64\jre\21.0.10-win32-x86_64\bin\management.dll
0x00007ffacb130000 - 0x00007ffacb13c000 	C:\Users\duc.tran5\.antigravity\extensions\redhat.java-1.54.0-win32-x64\jre\21.0.10-win32-x86_64\bin\management_ext.dll
0x00007ffaec9d0000 - 0x00007ffaec9d8000 	C:\WINDOWS\System32\PSAPI.DLL
0x00007ffab8b30000 - 0x00007ffab8b79000 	C:\Users\duc.tran5\AppData\Local\Temp\jna-784639854\jna937139094174511289.dll
0x00007ffae5c90000 - 0x00007ffae5cad000 	C:\WINDOWS\SYSTEM32\dhcpcsvc6.DLL
0x00007ffae5c30000 - 0x00007ffae5c55000 	C:\WINDOWS\SYSTEM32\dhcpcsvc.DLL

JVMTI agents:
c:\Users\duc.tran5\.antigravity\extensions\redhat.java-1.54.0-win32-x64\lombok\lombok-1.18.39-4050.jar path:c:\Users\duc.tran5\.antigravity\extensions\redhat.java-1.54.0-win32-x64\jre\21.0.10-win32-x86_64\bin\instrument.dll, loaded, initialized, instrumentlib options:none

dbghelp: loaded successfully - version: 4.0.5 - missing functions: none
symbol engine: initialized successfully - sym options: 0x614 - pdb path: .;c:\Users\duc.tran5\.antigravity\extensions\redhat.java-1.54.0-win32-x64\jre\21.0.10-win32-x86_64\bin;C:\WINDOWS\SYSTEM32;C:\ProgramData\Symantec\Symantec Endpoint Protection\14.3.10148.8000.105\Data\Sysfer\x64;C:\WINDOWS\WinSxS\amd64_microsoft.windows.common-controls_6595b64144ccf1df_6.0.26100.8115_none_3e075c82e3354f9c;c:\Users\duc.tran5\.antigravity\extensions\redhat.java-1.54.0-win32-x64\jre\21.0.10-win32-x86_64\bin\server;C:\Users\duc.tran5\AppData\Roaming\Antigravity\User\globalStorage\redhat.java\1.54.0\config_win\org.eclipse.equinox.launcher\org.eclipse.equinox.launcher.win32.win32.x86_64_1.3.0.v20260203-2149;C:\Users\duc.tran5\AppData\Local\Temp\jna-784639854

VM Arguments:
jvm_args: --add-modules=ALL-SYSTEM --add-opens=java.base/java.util=ALL-UNNAMED --add-opens=java.base/java.lang=ALL-UNNAMED --add-opens=java.base/sun.nio.fs=ALL-UNNAMED -Declipse.application=org.eclipse.jdt.ls.core.id1 -Dosgi.bundles.defaultStartLevel=4 -Declipse.product=org.eclipse.jdt.ls.core.product -Djava.import.generatesMetadataFilesAtProjectRoot=false -DDetectVMInstallationsJob.disabled=true -Dfile.encoding=utf8 -XX:+UseParallelGC -XX:GCTimeRatio=4 -XX:AdaptiveSizePolicyWeight=90 -Dsun.zip.disableMemoryMapping=true -Xmx2G -Xms100m -Xlog:disable -javaagent:c:\Users\duc.tran5\.antigravity\extensions\redhat.java-1.54.0-win32-x64\lombok\lombok-1.18.39-4050.jar -XX:+HeapDumpOnOutOfMemoryError -XX:HeapDumpPath=c:\Users\duc.tran5\AppData\Roaming\Antigravity\User\workspaceStorage\c0dd5a1957e00520c58bfd4cc7775f38\redhat.java -Daether.dependencyCollector.impl=bf 
java_command: c:\Users\duc.tran5\.antigravity\extensions\redhat.java-1.54.0-win32-x64\server\plugins\org.eclipse.equinox.launcher_1.7.100.v20251111-0406.jar -configuration c:\Users\duc.tran5\AppData\Roaming\Antigravity\User\globalStorage\redhat.java\1.54.0\config_win -data c:\Users\duc.tran5\AppData\Roaming\Antigravity\User\workspaceStorage\c0dd5a1957e00520c58bfd4cc7775f38\redhat.java\jdt_ws --pipe=\\.\pipe\lsp-474ca7743b649a8f9488a805fdeee0c8-sock
java_class_path (initial): c:\Users\duc.tran5\.antigravity\extensions\redhat.java-1.54.0-win32-x64\server\plugins\org.eclipse.equinox.launcher_1.7.100.v20251111-0406.jar
Launcher Type: SUN_STANDARD

[Global flags]
    uintx AdaptiveSizePolicyWeight                 = 90                                        {product} {command line}
     intx CICompilerCount                          = 4                                         {product} {ergonomic}
    uintx GCTimeRatio                              = 4                                         {product} {command line}
     bool HeapDumpOnOutOfMemoryError               = true                                   {manageable} {command line}
    ccstr HeapDumpPath                             = c:\Users\duc.tran5\AppData\Roaming\Antigravity\User\workspaceStorage\c0dd5a1957e00520c58bfd4cc7775f38\redhat.java         {manageable} {command line}
   size_t InitialHeapSize                          = 104857600                                 {product} {command line}
   size_t MaxHeapSize                              = 2147483648                                {product} {command line}
   size_t MaxNewSize                               = 715653120                                 {product} {ergonomic}
   size_t MinHeapDeltaBytes                        = 524288                                    {product} {ergonomic}
   size_t MinHeapSize                              = 104857600                                 {product} {command line}
   size_t NewSize                                  = 34603008                                  {product} {ergonomic}
    uintx NonNMethodCodeHeapSize                   = 5839372                                {pd product} {ergonomic}
    uintx NonProfiledCodeHeapSize                  = 122909434                              {pd product} {ergonomic}
   size_t OldSize                                  = 70254592                                  {product} {ergonomic}
    uintx ProfiledCodeHeapSize                     = 122909434                              {pd product} {ergonomic}
    uintx ReservedCodeCacheSize                    = 251658240                              {pd product} {ergonomic}
     bool SegmentedCodeCache                       = true                                      {product} {ergonomic}
   size_t SoftMaxHeapSize                          = 2147483648                             {manageable} {ergonomic}
     bool UseCompressedOops                        = true                           {product lp64_product} {ergonomic}
     bool UseLargePagesIndividualAllocation        = false                                  {pd product} {ergonomic}
     bool UseParallelGC                            = true                                      {product} {command line}

Logging:
Log output configuration:
 #0: stdout all=off uptime,level,tags foldmultilines=false
 #1: stderr all=off uptime,level,tags foldmultilines=false

Release file:
JAVA_VERSION="21.0.10" 
MODULES="java.base java.compiler java.datatransfer java.xml java.prefs java.desktop java.instrument java.logging java.management java.security.sasl java.naming java.rmi java.management.rmi java.net.http java.scripting java.security.jgss java.transaction.xa java.sql java.sql.rowset java.xml.crypto java.se java.smartcardio jdk.accessibility jdk.internal.jvmstat jdk.attach jdk.charsets jdk.internal.opt jdk.zipfs jdk.compiler jdk.crypto.ec jdk.crypto.cryptoki jdk.crypto.mscapi jdk.dynalink jdk.internal.ed jdk.editpad jdk.hotspot.agent jdk.httpserver jdk.internal.le jdk.internal.vm.ci jdk.internal.vm.compiler jdk.internal.vm.compiler.management jdk.jartool jdk.javadoc jdk.jcmd jdk.management jdk.management.agent jdk.jconsole jdk.jdeps jdk.jdwp.agent jdk.jdi jdk.jfr jdk.jshell jdk.jsobject jdk.jstatd jdk.localedata jdk.management.jfr jdk.naming.dns jdk.naming.rmi jdk.net jdk.nio.mapmode jdk.random jdk.sctp jdk.security.auth jdk.security.jgss jdk.unsupported jdk.unsupported.desktop jdk.xml.dom" 

Environment Variables:
JAVA_HOME=C:\Program Files\Java\jdk-11
PATH=C:\Program Files\Java\jdk-11\bin;C:\Program Files\Common Files\Oracle\Java\javapath;C:\WINDOWS\system32;C:\WINDOWS;C:\WINDOWS\System32\Wbem;C:\WINDOWS\System32\WindowsPowerShell\v1.0\;C:\WINDOWS\System32\OpenSSH\;C:\Program Files\Git\cmd;C:\Program Files\Docker\Docker\resources\bin;C:\Program Files\Go\bin;C:\Program Files\nodejs\;C:\Program Files\cursor\resources\app\bin;C:\Program Files\apache-maven-3.9.12\bin;C:\Program Files\terraform;C:\Program Files\Amazon\AWSCLIV2\;C:\Program Files\Cloudflare\Cloudflare WARP\;C:\Program Files\MySQL\MySQL Shell 8.0\bin\;C:\Users\duc.tran5\AppData\Local\Microsoft\WindowsApps;C:\Program Files\JetBrains\IntelliJ IDEA Community Edition 2025.2\bin;C:\Users\duc.tran5\AppData\Local\Programs\Microsoft VS Code\bin;C:\Users\duc.tran5\go\bin;C:\Users\duc.tran5\AppData\Roaming\npm;C:\Users\duc.tran5\AppData\Local\Programs\Antigravity\bin;C:\Program Files\JetBrains\IntelliJ IDEA 2025.3.2\bin;C:\Users\duc.tran5\.local\bin;
USERNAME=duc.tran5
OS=Windows_NT
PROCESSOR_IDENTIFIER=Intel64 Family 6 Model 191 Stepping 5, GenuineIntel
TMP=C:\Users\DUC~1.TRA\AppData\Local\Temp
TEMP=C:\Users\DUC~1.TRA\AppData\Local\Temp




Periodic native trim disabled

---------------  S Y S T E M  ---------------

OS:
 Windows 11 , 64 bit Build 26100 (10.0.26100.8246)
OS uptime: 8 days 0:46 hours
Hyper-V role detected

CPU: total 8 (initial active 8) (4 cores per cpu, 2 threads per core) family 6 model 191 stepping 5 microcode 0x2c, cx8, cmov, fxsr, ht, mmx, 3dnowpref, sse, sse2, sse3, ssse3, sse4.1, sse4.2, popcnt, lzcnt, tsc, tscinvbit, avx, avx2, aes, erms, clmul, bmi1, bmi2, adx, sha, fma, vzeroupper, clflush, clflushopt, clwb, hv, serialize, rdtscp, rdpid, fsrm, f16c, cet_ibt, cet_ss
Processor Information for the first 8 processors :
  Max Mhz: 3500, Current Mhz: 3500, Mhz Limit: 3500

Memory: 4k page, system-wide physical 16125M (690M free)
TotalPageFile size 32509M (AvailPageFile size 13M)
current process WorkingSet (physical memory assigned to process): 328M, peak: 328M
current process commit charge ("private bytes"): 394M, peak: 394M

vm_info: OpenJDK 64-Bit Server VM (21.0.10+7-LTS) for windows-amd64 JRE (21.0.10+7-LTS), built on 2026-01-20T00:00:00Z by "admin" with MS VC++ 17.12 (VS2022)

END.
