#
# There is insufficient memory for the Java Runtime Environment to continue.
# Native memory allocation (malloc) failed to allocate 1221136 bytes. Error detail: Chunk::new
# Possible reasons:
#   The system is out of physical RAM or swap space
#   This process is running with CompressedOops enabled, and the Java Heap may be blocking the growth of the native heap
# Possible solutions:
#   Reduce memory load on the system
#   Increase physical memory or swap space
#   Check if swap backing store is full
#   Decrease Java heap size (-Xmx/-Xms)
#   Decrease number of Java threads
#   Decrease Java thread stack sizes (-Xss)
#   Set larger code cache with -XX:ReservedCodeCacheSize=
#   JVM is running with Unscaled Compressed Oops mode in which the Java heap is
#     placed in the first 4GB address space. The Java Heap base address is the
#     maximum limit for the native heap growth. Please use -XX:HeapBaseMinAddress
#     to set the Java Heap base and to place the Java Heap above 4GB virtual address.
# This output file may be truncated or incomplete.
#
#  Out of Memory Error (arena.cpp:168), pid=29904, tid=9632
#
# JRE version: OpenJDK Runtime Environment Temurin-21.0.10+7 (21.0.10+7) (build 21.0.10+7-LTS)
# Java VM: OpenJDK 64-Bit Server VM Temurin-21.0.10+7 (21.0.10+7-LTS, mixed mode, sharing, tiered, compressed oops, compressed class ptrs, parallel gc, windows-amd64)
# No core dump will be written. Minidumps are not enabled by default on client versions of Windows
#

---------------  S U M M A R Y ------------

Command Line: --add-modules=ALL-SYSTEM --add-opens=java.base/java.util=ALL-UNNAMED --add-opens=java.base/java.lang=ALL-UNNAMED --add-opens=java.base/sun.nio.fs=ALL-UNNAMED -Declipse.application=org.eclipse.jdt.ls.core.id1 -Dosgi.bundles.defaultStartLevel=4 -Declipse.product=org.eclipse.jdt.ls.core.product -Djava.import.generatesMetadataFilesAtProjectRoot=false -DDetectVMInstallationsJob.disabled=true -Dfile.encoding=utf8 -XX:+UseParallelGC -XX:GCTimeRatio=4 -XX:AdaptiveSizePolicyWeight=90 -Dsun.zip.disableMemoryMapping=true -Xmx2G -Xms100m -Xlog:disable -javaagent:c:\Users\duc.tran5\.antigravity\extensions\redhat.java-1.54.0-win32-x64\lombok\lombok-1.18.39-4050.jar -XX:+HeapDumpOnOutOfMemoryError -XX:HeapDumpPath=c:\Users\duc.tran5\AppData\Roaming\Antigravity\User\workspaceStorage\c0dd5a1957e00520c58bfd4cc7775f38\redhat.java -Daether.dependencyCollector.impl=bf c:\Users\duc.tran5\.antigravity\extensions\redhat.java-1.54.0-win32-x64\server\plugins\org.eclipse.equinox.launcher_1.7.100.v20251111-0406.jar -configuration c:\Users\duc.tran5\AppData\Roaming\Antigravity\User\globalStorage\redhat.java\1.54.0\config_win -data c:\Users\duc.tran5\AppData\Roaming\Antigravity\User\workspaceStorage\c0dd5a1957e00520c58bfd4cc7775f38\redhat.java\jdt_ws --pipe=\\.\pipe\lsp-f5ffb8e771e2d6b9011ea41dad97481c-sock

Host: Intel(R) Core(TM) i3-14100, 8 cores, 15G,  Windows 11 , 64 bit Build 26100 (10.0.26100.8246)
Time: Thu Apr 23 09:00:38 2026 SE Asia Standard Time elapsed time: 14.177839 seconds (0d 0h 0m 14s)

---------------  T H R E A D  ---------------

Current thread (0x0000016976e5f3c0):  JavaThread "C2 CompilerThread0" daemon [_thread_in_native, id=9632, stack(0x0000002ee5400000,0x0000002ee5500000) (1024K)]


Current CompileTask:
C2:14177 8061   !   4       org.codehaus.plexus.interpolation.StringSearchInterpolator::interpolate (692 bytes)

Stack: [0x0000002ee5400000,0x0000002ee5500000]
Native frames: (J=compiled Java code, j=interpreted, Vv=VM code, C=native code)
V  [jvm.dll+0x6d7a39]
V  [jvm.dll+0x8b4b26]
V  [jvm.dll+0x8b70de]
V  [jvm.dll+0x8b77c3]
V  [jvm.dll+0x284346]
V  [jvm.dll+0xc66ed]
V  [jvm.dll+0xc6c31]
V  [jvm.dll+0x3bec01]
V  [jvm.dll+0x1e3d62]
V  [jvm.dll+0x24c6b3]
V  [jvm.dll+0x24bb40]
V  [jvm.dll+0x1cb34e]
V  [jvm.dll+0x25b85d]
V  [jvm.dll+0x259dea]
V  [jvm.dll+0x3f857e]
V  [jvm.dll+0x85f59d]
V  [jvm.dll+0x6d626d]
C  [ucrtbase.dll+0x37b0]
C  [KERNEL32.DLL+0x2e8d7]
C  [ntdll.dll+0x8c3fc]


---------------  P R O C E S S  ---------------

Threads class SMR info:
_java_thread_list=0x0000016957d3daa0, length=40, elements={
0x0000016974a812f0, 0x0000016976f8e1b0, 0x0000016976e511b0, 0x0000016976e547d0,
0x0000016976e57640, 0x0000016976e59b00, 0x0000016976e5a560, 0x0000016976e5f3c0,
0x0000016976e77820, 0x00000169503420c0, 0x000001695044ab20, 0x0000016950ba72c0,
0x0000016955042010, 0x0000016950aacae0, 0x0000016950c56b70, 0x000001695542c4a0,
0x000001695551c170, 0x00000169553cdfe0, 0x0000016955139080, 0x0000016955139710,
0x00000169551389f0, 0x0000016955138360, 0x0000016956a41fc0, 0x0000016956a42650,
0x0000016956a43a00, 0x0000016956a40c10, 0x0000016956a42ce0, 0x0000016956a43370,
0x0000016956a44720, 0x0000016956a412a0, 0x0000016956a44db0, 0x0000016956a41930,
0x0000016956a48230, 0x0000016956a467f0, 0x0000016956a47510, 0x0000016956a47ba0,
0x0000016956a45440, 0x0000016956a45ad0, 0x0000016956a46160, 0x0000016956a46e80
}

Java Threads: ( => current thread )
  0x0000016974a812f0 JavaThread "main"                              [_thread_blocked, id=23704, stack(0x0000002ee4a00000,0x0000002ee4b00000) (1024K)]
  0x0000016976f8e1b0 JavaThread "Reference Handler"          daemon [_thread_blocked, id=13732, stack(0x0000002ee4e00000,0x0000002ee4f00000) (1024K)]
  0x0000016976e511b0 JavaThread "Finalizer"                  daemon [_thread_blocked, id=24800, stack(0x0000002ee4f00000,0x0000002ee5000000) (1024K)]
  0x0000016976e547d0 JavaThread "Signal Dispatcher"          daemon [_thread_blocked, id=18640, stack(0x0000002ee5000000,0x0000002ee5100000) (1024K)]
  0x0000016976e57640 JavaThread "Attach Listener"            daemon [_thread_blocked, id=2220, stack(0x0000002ee5100000,0x0000002ee5200000) (1024K)]
  0x0000016976e59b00 JavaThread "Service Thread"             daemon [_thread_blocked, id=15400, stack(0x0000002ee5200000,0x0000002ee5300000) (1024K)]
  0x0000016976e5a560 JavaThread "Monitor Deflation Thread"   daemon [_thread_blocked, id=10424, stack(0x0000002ee5300000,0x0000002ee5400000) (1024K)]
=>0x0000016976e5f3c0 JavaThread "C2 CompilerThread0"         daemon [_thread_in_native, id=9632, stack(0x0000002ee5400000,0x0000002ee5500000) (1024K)]
  0x0000016976e77820 JavaThread "C1 CompilerThread0"         daemon [_thread_blocked, id=18552, stack(0x0000002ee5500000,0x0000002ee5600000) (1024K)]
  0x00000169503420c0 JavaThread "Common-Cleaner"             daemon [_thread_blocked, id=3380, stack(0x0000002ee5600000,0x0000002ee5700000) (1024K)]
  0x000001695044ab20 JavaThread "Notification Thread"        daemon [_thread_blocked, id=10072, stack(0x0000002ee5700000,0x0000002ee5800000) (1024K)]
  0x0000016950ba72c0 JavaThread "Active Thread: Equinox Container: add301d5-0a99-4e41-8121-b696ed770f81"        [_thread_blocked, id=23016, stack(0x0000002ee6000000,0x0000002ee6100000) (1024K)]
  0x0000016955042010 JavaThread "Refresh Thread: Equinox Container: add301d5-0a99-4e41-8121-b696ed770f81" daemon [_thread_blocked, id=11176, stack(0x0000002ee6200000,0x0000002ee6300000) (1024K)]
  0x0000016950aacae0 JavaThread "Framework Event Dispatcher: Equinox Container: add301d5-0a99-4e41-8121-b696ed770f81" daemon [_thread_blocked, id=30156, stack(0x0000002ee6300000,0x0000002ee6400000) (1024K)]
  0x0000016950c56b70 JavaThread "Start Level: Equinox Container: add301d5-0a99-4e41-8121-b696ed770f81" daemon [_thread_blocked, id=8972, stack(0x0000002ee6400000,0x0000002ee6500000) (1024K)]
  0x000001695542c4a0 JavaThread "Bundle File Closer"         daemon [_thread_blocked, id=23116, stack(0x0000002ee6500000,0x0000002ee6600000) (1024K)]
  0x000001695551c170 JavaThread "SCR Component Actor"        daemon [_thread_blocked, id=26072, stack(0x0000002ee5800000,0x0000002ee5900000) (1024K)]
  0x00000169553cdfe0 JavaThread "Worker-JM"                         [_thread_blocked, id=4840, stack(0x0000002ee6700000,0x0000002ee6800000) (1024K)]
  0x0000016955139080 JavaThread "Worker-0: Updating workspace"        [_thread_blocked, id=22068, stack(0x0000002ee5900000,0x0000002ee5a00000) (1024K)]
  0x0000016955139710 JavaThread "Worker-1: Initialize Workspace"        [_thread_blocked, id=27752, stack(0x0000002ee6600000,0x0000002ee6700000) (1024K)]
  0x00000169551389f0 JavaThread "Worker-2"                          [_thread_blocked, id=23072, stack(0x0000002ee6800000,0x0000002ee6900000) (1024K)]
  0x0000016955138360 JavaThread "Java indexing"              daemon [_thread_blocked, id=19136, stack(0x0000002ee6a00000,0x0000002ee6b00000) (1024K)]
  0x0000016956a41fc0 JavaThread "Worker-3"                          [_thread_blocked, id=30164, stack(0x0000002ee6b00000,0x0000002ee6c00000) (1024K)]
  0x0000016956a42650 JavaThread "JNA Cleaner"                daemon [_thread_blocked, id=19400, stack(0x0000002ee6d00000,0x0000002ee6e00000) (1024K)]
  0x0000016956a43a00 JavaThread "Worker-4"                          [_thread_blocked, id=27280, stack(0x0000002ee7100000,0x0000002ee7200000) (1024K)]
  0x0000016956a40c10 JavaThread "Worker-5"                          [_thread_blocked, id=2524, stack(0x0000002ee7200000,0x0000002ee7300000) (1024K)]
  0x0000016956a42ce0 JavaThread "Thread-1"                   daemon [_thread_in_native, id=30332, stack(0x0000002ee7300000,0x0000002ee7400000) (1024K)]
  0x0000016956a43370 JavaThread "Thread-2"                   daemon [_thread_in_native, id=30564, stack(0x0000002ee7400000,0x0000002ee7500000) (1024K)]
  0x0000016956a44720 JavaThread "Thread-3"                   daemon [_thread_in_native, id=8824, stack(0x0000002ee7500000,0x0000002ee7600000) (1024K)]
  0x0000016956a412a0 JavaThread "Thread-4"                   daemon [_thread_in_native, id=1916, stack(0x0000002ee7600000,0x0000002ee7700000) (1024K)]
  0x0000016956a44db0 JavaThread "Thread-5"                   daemon [_thread_in_native, id=9928, stack(0x0000002ee7700000,0x0000002ee7800000) (1024K)]
  0x0000016956a41930 JavaThread "Thread-6"                   daemon [_thread_in_native, id=28996, stack(0x0000002ee7800000,0x0000002ee7900000) (1024K)]
  0x0000016956a48230 JavaThread "Thread-7"                   daemon [_thread_in_native, id=20976, stack(0x0000002ee7900000,0x0000002ee7a00000) (1024K)]
  0x0000016956a467f0 JavaThread "Thread-8"                   daemon [_thread_in_native, id=10080, stack(0x0000002ee7a00000,0x0000002ee7b00000) (1024K)]
  0x0000016956a47510 JavaThread "Thread-9"                   daemon [_thread_in_native, id=14752, stack(0x0000002ee7b00000,0x0000002ee7c00000) (1024K)]
  0x0000016956a47ba0 JavaThread "pool-2-thread-1"                   [_thread_blocked, id=28612, stack(0x0000002ee7c00000,0x0000002ee7d00000) (1024K)]
  0x0000016956a45440 JavaThread "WorkspaceEventsHandler"            [_thread_blocked, id=22216, stack(0x0000002ee7e00000,0x0000002ee7f00000) (1024K)]
  0x0000016956a45ad0 JavaThread "pool-1-thread-1"                   [_thread_blocked, id=19716, stack(0x0000002ee7f00000,0x0000002ee8000000) (1024K)]
  0x0000016956a46160 JavaThread "Keep-Alive-Timer"           daemon [_thread_blocked, id=9384, stack(0x0000002ee8000000,0x0000002ee8100000) (1024K)]
  0x0000016956a46e80 JavaThread "ProjectImportProgressReporter" daemon [_thread_blocked, id=3336, stack(0x0000002ee8100000,0x0000002ee8200000) (1024K)]
Total: 40

Other Threads:
  0x0000016976e41d80 VMThread "VM Thread"                           [id=11512, stack(0x0000002ee4d00000,0x0000002ee4e00000) (1024K)]
  0x0000016976d5ca00 WatcherThread "VM Periodic Task Thread"        [id=8768, stack(0x0000002ee4c00000,0x0000002ee4d00000) (1024K)]
  0x0000016976efc870 WorkerThread "GC Thread#0"                     [id=30676, stack(0x0000002ee4b00000,0x0000002ee4c00000) (1024K)]
  0x0000016950b5e960 WorkerThread "GC Thread#1"                     [id=12124, stack(0x0000002ee5a00000,0x0000002ee5b00000) (1024K)]
  0x0000016950997ce0 WorkerThread "GC Thread#2"                     [id=18820, stack(0x0000002ee5b00000,0x0000002ee5c00000) (1024K)]
  0x0000016950998090 WorkerThread "GC Thread#3"                     [id=10672, stack(0x0000002ee5c00000,0x0000002ee5d00000) (1024K)]
  0x0000016950998c60 WorkerThread "GC Thread#4"                     [id=19424, stack(0x0000002ee5d00000,0x0000002ee5e00000) (1024K)]
  0x0000016950b20200 WorkerThread "GC Thread#5"                     [id=27484, stack(0x0000002ee5e00000,0x0000002ee5f00000) (1024K)]
  0x0000016950b209c0 WorkerThread "GC Thread#6"                     [id=13484, stack(0x0000002ee5f00000,0x0000002ee6000000) (1024K)]
  0x0000016950a56e50 WorkerThread "GC Thread#7"                     [id=2788, stack(0x0000002ee6100000,0x0000002ee6200000) (1024K)]
Total: 10

Threads with active compile tasks:
C2 CompilerThread0  14192 8061   !   4       org.codehaus.plexus.interpolation.StringSearchInterpolator::interpolate (692 bytes)
C1 CompilerThread0  14192 8293       3       org.eclipse.core.internal.watson.ElementTreeIterator::doIteration (114 bytes)
Total: 2

VM state: not at safepoint (normal execution)

VM Mutex/Monitor currently owned by a thread: None

Heap address: 0x0000000080000000, size: 2048 MB, Compressed Oops mode: 32-bit

CDS archive(s) mapped at: [0x000001690f000000-0x000001690fba0000-0x000001690fba0000), size 12189696, SharedBaseAddress: 0x000001690f000000, ArchiveRelocationMode: 1.
Compressed class space mapped at: 0x0000016910000000-0x0000016950000000, reserved size: 1073741824
Narrow klass base: 0x000001690f000000, Narrow klass shift: 0, Narrow klass range: 0x100000000

GC Precious Log:
 CardTable entry size: 512
 CPUs: 8 total, 8 available
 Memory: 16125M
 Large Page Support: Disabled
 NUMA Support: Disabled
 Compressed Oops: Enabled (32-bit)
 Alignments: Space 512K, Generation 512K, Heap 2M
 Heap Min Capacity: 100M
 Heap Initial Capacity: 100M
 Heap Max Capacity: 2G
 Pre-touch: Disabled
 Parallel Workers: 8

Heap:
 PSYoungGen      total 23552K, used 2520K [0x00000000d5580000, 0x00000000d6f00000, 0x0000000100000000)
  eden space 20992K, 2% used [0x00000000d5580000,0x00000000d55f2e90,0x00000000d6a00000)
  from space 2560K, 80% used [0x00000000d6c80000,0x00000000d6e83530,0x00000000d6f00000)
  to   space 2560K, 0% used [0x00000000d6a00000,0x00000000d6a00000,0x00000000d6c80000)
 ParOldGen       total 68608K, used 31072K [0x0000000080000000, 0x0000000084300000, 0x00000000d5580000)
  object space 68608K, 45% used [0x0000000080000000,0x0000000081e582d8,0x0000000084300000)
 Metaspace       used 53384K, committed 54528K, reserved 1114112K
  class space    used 5845K, committed 6336K, reserved 1048576K

Card table byte_map: [0x0000016976870000,0x0000016976c80000] _byte_map_base: 0x0000016976470000

Marking Bits: (ParMarkBitMap*) 0x00007ffa42de3450
 Begin Bits: [0x000001697a380000, 0x000001697c380000)
 End Bits:   [0x000001697c380000, 0x000001697e380000)

Polling page: 0x0000016974d30000

Metaspace:

Usage:
  Non-class:     46.42 MB used.
      Class:      5.71 MB used.
       Both:     52.13 MB used.

Virtual space:
  Non-class space:       64.00 MB reserved,      47.06 MB ( 74%) committed,  1 nodes.
      Class space:        1.00 GB reserved,       6.19 MB ( <1%) committed,  1 nodes.
             Both:        1.06 GB reserved,      53.25 MB (  5%) committed. 

Chunk freelists:
   Non-Class:  592.00 KB
       Class:  9.62 MB
        Both:  10.20 MB

MaxMetaspaceSize: unlimited
CompressedClassSpaceSize: 1.00 GB
Initial GC threshold: 21.00 MB
Current GC threshold: 58.38 MB
CDS: on
 - commit_granule_bytes: 65536.
 - commit_granule_words: 8192.
 - virtual_space_node_default_size: 8388608.
 - enlarge_chunks_in_place: 1.
 - use_allocation_guard: 0.


Internal statistics:

num_allocs_failed_limit: 6.
num_arena_births: 856.
num_arena_deaths: 14.
num_vsnodes_births: 2.
num_vsnodes_deaths: 0.
num_space_committed: 852.
num_space_uncommitted: 0.
num_chunks_returned_to_freelist: 20.
num_chunks_taken_from_freelist: 3034.
num_chunk_merges: 9.
num_chunk_splits: 1879.
num_chunks_enlarged: 1142.
num_inconsistent_stats: 0.

CodeHeap 'non-profiled nmethods': size=120000Kb used=4412Kb max_used=4412Kb free=115587Kb
 bounds [0x0000016907ad0000, 0x0000016907f20000, 0x000001690f000000]
CodeHeap 'profiled nmethods': size=120000Kb used=16307Kb max_used=16307Kb free=103692Kb
 bounds [0x0000016900000000, 0x0000016900ff0000, 0x0000016907530000]
CodeHeap 'non-nmethods': size=5760Kb used=1407Kb max_used=1466Kb free=4352Kb
 bounds [0x0000016907530000, 0x00000169077a0000, 0x0000016907ad0000]
CodeCache: size=245760Kb, used=22126Kb, max_used=22185Kb, free=223631Kb
 total_blobs=8418, nmethods=7712, adapters=610, full_count=0
Compilation: enabled, stopped_count=0, restarted_count=0

Compilation events (20 events):
Event: 13.177 Thread 0x0000016976e77820 nmethod 8235 0x0000016907f1c390 code [0x0000016907f1c520, 0x0000016907f1c600]
Event: 13.177 Thread 0x0000016976e77820 8236       1       org.apache.maven.plugin.descriptor.Parameter::setDefaultValue (6 bytes)
Event: 13.177 Thread 0x0000016976e77820 nmethod 8236 0x0000016907f1c690 code [0x0000016907f1c820, 0x0000016907f1c900]
Event: 13.300 Thread 0x0000016976e77820 8237       3       org.eclipse.core.runtime.jobs.Job::getJobManager (4 bytes)
Event: 13.300 Thread 0x0000016976e77820 nmethod 8237 0x0000016900fd6390 code [0x0000016900fd6520, 0x0000016900fd6618]
Event: 13.311 Thread 0x0000016976e77820 8238   !   3       java.lang.Thread::sleep (82 bytes)
Event: 13.311 Thread 0x0000016976e77820 nmethod 8238 0x0000016900fd6690 code [0x0000016900fd68c0, 0x0000016900fd7130]
Event: 13.312 Thread 0x0000016976e77820 8239       3       jdk.internal.event.ThreadSleepEvent::isTurnedOn (7 bytes)
Event: 13.312 Thread 0x0000016976e77820 nmethod 8239 0x0000016900fd7490 code [0x0000016900fd7640, 0x0000016900fd7790]
Event: 13.455 Thread 0x0000016976e77820 8240   !   3       org.eclipse.core.internal.jobs.JobManager::select (160 bytes)
Event: 13.456 Thread 0x0000016976e77820 nmethod 8240 0x0000016900fd7810 code [0x0000016900fd7b20, 0x0000016900fd8e90]
Event: 13.456 Thread 0x0000016976e77820 8241       3       org.eclipse.core.internal.jobs.JobManager::wakeUp (53 bytes)
Event: 13.456 Thread 0x0000016976e77820 nmethod 8241 0x0000016900fd9710 code [0x0000016900fd9980, 0x0000016900fda6a8]
Event: 13.456 Thread 0x0000016976e77820 8242       3       org.eclipse.core.internal.jobs.JobManager$$Lambda/0x0000016910203448::<init> (20 bytes)
Event: 13.456 Thread 0x0000016976e77820 nmethod 8242 0x0000016900fdaa90 code [0x0000016900fdac40, 0x0000016900fdade0]
Event: 13.466 Thread 0x0000016976e77820 8243       3       org.eclipse.core.internal.jobs.JobManager::select (8 bytes)
Event: 13.466 Thread 0x0000016976e77820 nmethod 8243 0x0000016900fdae90 code [0x0000016900fdb040, 0x0000016900fdb180]
Event: 13.466 Thread 0x0000016976e77820 8244       3       org.eclipse.core.internal.jobs.InternalJob::wakeUp (9 bytes)
Event: 13.466 Thread 0x0000016976e77820 nmethod 8244 0x0000016900fdb210 code [0x0000016900fdb3c0, 0x0000016900fdb528]
Event: 13.476 Thread 0x0000016976e77820 8245       3       org.eclipse.jdt.ls.core.internal.JobHelpers::getJob (50 bytes)

GC Heap History (20 events):
Event: 9.540 GC heap before
{Heap before GC invocations=16 (full 2):
 PSYoungGen      total 23040K, used 1003K [0x00000000d5580000, 0x00000000d7300000, 0x0000000100000000)
  eden space 22016K, 0% used [0x00000000d5580000,0x00000000d5580000,0x00000000d6b00000)
  from space 1024K, 97% used [0x00000000d7200000,0x00000000d72fae10,0x00000000d7300000)
  to   space 2048K, 0% used [0x00000000d6f00000,0x00000000d6f00000,0x00000000d7100000)
 ParOldGen       total 68608K, used 18629K [0x0000000080000000, 0x0000000084300000, 0x00000000d5580000)
  object space 68608K, 27% used [0x0000000080000000,0x0000000081231728,0x0000000084300000)
 Metaspace       used 34929K, committed 35840K, reserved 1114112K
  class space    used 3652K, committed 4032K, reserved 1048576K
}
Event: 9.567 GC heap after
{Heap after GC invocations=16 (full 2):
 PSYoungGen      total 23040K, used 0K [0x00000000d5580000, 0x00000000d7300000, 0x0000000100000000)
  eden space 22016K, 0% used [0x00000000d5580000,0x00000000d5580000,0x00000000d6b00000)
  from space 1024K, 0% used [0x00000000d7200000,0x00000000d7200000,0x00000000d7300000)
  to   space 2048K, 0% used [0x00000000d6f00000,0x00000000d6f00000,0x00000000d7100000)
 ParOldGen       total 68608K, used 18231K [0x0000000080000000, 0x0000000084300000, 0x00000000d5580000)
  object space 68608K, 26% used [0x0000000080000000,0x00000000811cdc20,0x0000000084300000)
 Metaspace       used 34929K, committed 35840K, reserved 1114112K
  class space    used 3652K, committed 4032K, reserved 1048576K
}
Event: 9.711 GC heap before
{Heap before GC invocations=17 (full 2):
 PSYoungGen      total 23040K, used 22016K [0x00000000d5580000, 0x00000000d7300000, 0x0000000100000000)
  eden space 22016K, 100% used [0x00000000d5580000,0x00000000d6b00000,0x00000000d6b00000)
  from space 1024K, 0% used [0x00000000d7200000,0x00000000d7200000,0x00000000d7300000)
  to   space 2048K, 0% used [0x00000000d6f00000,0x00000000d6f00000,0x00000000d7100000)
 ParOldGen       total 68608K, used 18231K [0x0000000080000000, 0x0000000084300000, 0x00000000d5580000)
  object space 68608K, 26% used [0x0000000080000000,0x00000000811cdc20,0x0000000084300000)
 Metaspace       used 37333K, committed 38336K, reserved 1114112K
  class space    used 3931K, committed 4352K, reserved 1048576K
}
Event: 9.713 GC heap after
{Heap after GC invocations=17 (full 2):
 PSYoungGen      total 24064K, used 1851K [0x00000000d5580000, 0x00000000d7280000, 0x0000000100000000)
  eden space 22016K, 0% used [0x00000000d5580000,0x00000000d5580000,0x00000000d6b00000)
  from space 2048K, 90% used [0x00000000d6f00000,0x00000000d70cee28,0x00000000d7100000)
  to   space 1536K, 0% used [0x00000000d7100000,0x00000000d7100000,0x00000000d7280000)
 ParOldGen       total 68608K, used 18239K [0x0000000080000000, 0x0000000084300000, 0x00000000d5580000)
  object space 68608K, 26% used [0x0000000080000000,0x00000000811cfc20,0x0000000084300000)
 Metaspace       used 37333K, committed 38336K, reserved 1114112K
  class space    used 3931K, committed 4352K, reserved 1048576K
}
Event: 9.984 GC heap before
{Heap before GC invocations=18 (full 2):
 PSYoungGen      total 24064K, used 23867K [0x00000000d5580000, 0x00000000d7280000, 0x0000000100000000)
  eden space 22016K, 100% used [0x00000000d5580000,0x00000000d6b00000,0x00000000d6b00000)
  from space 2048K, 90% used [0x00000000d6f00000,0x00000000d70cee28,0x00000000d7100000)
  to   space 1536K, 0% used [0x00000000d7100000,0x00000000d7100000,0x00000000d7280000)
 ParOldGen       total 68608K, used 18239K [0x0000000080000000, 0x0000000084300000, 0x00000000d5580000)
  object space 68608K, 26% used [0x0000000080000000,0x00000000811cfc20,0x0000000084300000)
 Metaspace       used 40569K, committed 41664K, reserved 1114112K
  class space    used 4343K, committed 4800K, reserved 1048576K
}
Event: 9.986 GC heap after
{Heap after GC invocations=18 (full 2):
 PSYoungGen      total 23552K, used 1056K [0x00000000d5580000, 0x00000000d7280000, 0x0000000100000000)
  eden space 22016K, 0% used [0x00000000d5580000,0x00000000d5580000,0x00000000d6b00000)
  from space 1536K, 68% used [0x00000000d7100000,0x00000000d7208000,0x00000000d7280000)
  to   space 1536K, 0% used [0x00000000d6f80000,0x00000000d6f80000,0x00000000d7100000)
 ParOldGen       total 68608K, used 19995K [0x0000000080000000, 0x0000000084300000, 0x00000000d5580000)
  object space 68608K, 29% used [0x0000000080000000,0x0000000081386f98,0x0000000084300000)
 Metaspace       used 40569K, committed 41664K, reserved 1114112K
  class space    used 4343K, committed 4800K, reserved 1048576K
}
Event: 10.253 GC heap before
{Heap before GC invocations=19 (full 2):
 PSYoungGen      total 23552K, used 23070K [0x00000000d5580000, 0x00000000d7280000, 0x0000000100000000)
  eden space 22016K, 99% used [0x00000000d5580000,0x00000000d6aff8a8,0x00000000d6b00000)
  from space 1536K, 68% used [0x00000000d7100000,0x00000000d7208000,0x00000000d7280000)
  to   space 1536K, 0% used [0x00000000d6f80000,0x00000000d6f80000,0x00000000d7100000)
 ParOldGen       total 68608K, used 19995K [0x0000000080000000, 0x0000000084300000, 0x00000000d5580000)
  object space 68608K, 29% used [0x0000000080000000,0x0000000081386f98,0x0000000084300000)
 Metaspace       used 43536K, committed 44544K, reserved 1114112K
  class space    used 4742K, committed 5184K, reserved 1048576K
}
Event: 10.256 GC heap after
{Heap after GC invocations=19 (full 2):
 PSYoungGen      total 23552K, used 1178K [0x00000000d5580000, 0x00000000d7180000, 0x0000000100000000)
  eden space 22016K, 0% used [0x00000000d5580000,0x00000000d5580000,0x00000000d6b00000)
  from space 1536K, 76% used [0x00000000d6f80000,0x00000000d70a6b38,0x00000000d7100000)
  to   space 512K, 0% used [0x00000000d7100000,0x00000000d7100000,0x00000000d7180000)
 ParOldGen       total 68608K, used 20895K [0x0000000080000000, 0x0000000084300000, 0x00000000d5580000)
  object space 68608K, 30% used [0x0000000080000000,0x0000000081467ca8,0x0000000084300000)
 Metaspace       used 43536K, committed 44544K, reserved 1114112K
  class space    used 4742K, committed 5184K, reserved 1048576K
}
Event: 10.741 GC heap before
{Heap before GC invocations=20 (full 2):
 PSYoungGen      total 23552K, used 22963K [0x00000000d5580000, 0x00000000d7180000, 0x0000000100000000)
  eden space 22016K, 98% used [0x00000000d5580000,0x00000000d6ac6358,0x00000000d6b00000)
  from space 1536K, 76% used [0x00000000d6f80000,0x00000000d70a6b38,0x00000000d7100000)
  to   space 512K, 0% used [0x00000000d7100000,0x00000000d7100000,0x00000000d7180000)
 ParOldGen       total 68608K, used 20895K [0x0000000080000000, 0x0000000084300000, 0x00000000d5580000)
  object space 68608K, 30% used [0x0000000080000000,0x0000000081467ca8,0x0000000084300000)
 Metaspace       used 46021K, committed 47104K, reserved 1114112K
  class space    used 5061K, committed 5504K, reserved 1048576K
}
Event: 10.743 GC heap after
{Heap after GC invocations=20 (full 2):
 PSYoungGen      total 22528K, used 496K [0x00000000d5580000, 0x00000000d7180000, 0x0000000100000000)
  eden space 22016K, 0% used [0x00000000d5580000,0x00000000d5580000,0x00000000d6b00000)
  from space 512K, 96% used [0x00000000d7100000,0x00000000d717c030,0x00000000d7180000)
  to   space 3072K, 0% used [0x00000000d6b80000,0x00000000d6b80000,0x00000000d6e80000)
 ParOldGen       total 68608K, used 22965K [0x0000000080000000, 0x0000000084300000, 0x00000000d5580000)
  object space 68608K, 33% used [0x0000000080000000,0x000000008166d5d8,0x0000000084300000)
 Metaspace       used 46021K, committed 47104K, reserved 1114112K
  class space    used 5061K, committed 5504K, reserved 1048576K
}
Event: 11.270 GC heap before
{Heap before GC invocations=21 (full 2):
 PSYoungGen      total 22528K, used 22512K [0x00000000d5580000, 0x00000000d7180000, 0x0000000100000000)
  eden space 22016K, 100% used [0x00000000d5580000,0x00000000d6b00000,0x00000000d6b00000)
  from space 512K, 96% used [0x00000000d7100000,0x00000000d717c030,0x00000000d7180000)
  to   space 3072K, 0% used [0x00000000d6b80000,0x00000000d6b80000,0x00000000d6e80000)
 ParOldGen       total 68608K, used 22965K [0x0000000080000000, 0x0000000084300000, 0x00000000d5580000)
  object space 68608K, 33% used [0x0000000080000000,0x000000008166d5d8,0x0000000084300000)
 Metaspace       used 48383K, committed 49408K, reserved 1114112K
  class space    used 5351K, committed 5760K, reserved 1048576K
}
Event: 11.272 GC heap after
{Heap after GC invocations=21 (full 2):
 PSYoungGen      total 25088K, used 2240K [0x00000000d5580000, 0x00000000d7180000, 0x0000000100000000)
  eden space 22016K, 0% used [0x00000000d5580000,0x00000000d5580000,0x00000000d6b00000)
  from space 3072K, 72% used [0x00000000d6b80000,0x00000000d6db0000,0x00000000d6e80000)
  to   space 2560K, 0% used [0x00000000d6f00000,0x00000000d6f00000,0x00000000d7180000)
 ParOldGen       total 68608K, used 23445K [0x0000000080000000, 0x0000000084300000, 0x00000000d5580000)
  object space 68608K, 34% used [0x0000000080000000,0x00000000816e5618,0x0000000084300000)
 Metaspace       used 48383K, committed 49408K, reserved 1114112K
  class space    used 5351K, committed 5760K, reserved 1048576K
}
Event: 11.959 GC heap before
{Heap before GC invocations=22 (full 2):
 PSYoungGen      total 25088K, used 24256K [0x00000000d5580000, 0x00000000d7180000, 0x0000000100000000)
  eden space 22016K, 100% used [0x00000000d5580000,0x00000000d6b00000,0x00000000d6b00000)
  from space 3072K, 72% used [0x00000000d6b80000,0x00000000d6db0000,0x00000000d6e80000)
  to   space 2560K, 0% used [0x00000000d6f00000,0x00000000d6f00000,0x00000000d7180000)
 ParOldGen       total 68608K, used 23445K [0x0000000080000000, 0x0000000084300000, 0x00000000d5580000)
  object space 68608K, 34% used [0x0000000080000000,0x00000000816e5618,0x0000000084300000)
 Metaspace       used 50249K, committed 51392K, reserved 1114112K
  class space    used 5546K, committed 6016K, reserved 1048576K
}
Event: 11.962 GC heap after
{Heap after GC invocations=22 (full 2):
 PSYoungGen      total 23552K, used 1191K [0x00000000d5580000, 0x00000000d7080000, 0x0000000100000000)
  eden space 22016K, 0% used [0x00000000d5580000,0x00000000d5580000,0x00000000d6b00000)
  from space 1536K, 77% used [0x00000000d6f00000,0x00000000d7029c58,0x00000000d7080000)
  to   space 2048K, 0% used [0x00000000d6c80000,0x00000000d6c80000,0x00000000d6e80000)
 ParOldGen       total 68608K, used 25491K [0x0000000080000000, 0x0000000084300000, 0x00000000d5580000)
  object space 68608K, 37% used [0x0000000080000000,0x00000000818e4e48,0x0000000084300000)
 Metaspace       used 50249K, committed 51392K, reserved 1114112K
  class space    used 5546K, committed 6016K, reserved 1048576K
}
Event: 12.331 GC heap before
{Heap before GC invocations=23 (full 2):
 PSYoungGen      total 23552K, used 23207K [0x00000000d5580000, 0x00000000d7080000, 0x0000000100000000)
  eden space 22016K, 100% used [0x00000000d5580000,0x00000000d6b00000,0x00000000d6b00000)
  from space 1536K, 77% used [0x00000000d6f00000,0x00000000d7029c58,0x00000000d7080000)
  to   space 2048K, 0% used [0x00000000d6c80000,0x00000000d6c80000,0x00000000d6e80000)
 ParOldGen       total 68608K, used 25491K [0x0000000080000000, 0x0000000084300000, 0x00000000d5580000)
  object space 68608K, 37% used [0x0000000080000000,0x00000000818e4e48,0x0000000084300000)
 Metaspace       used 51396K, committed 52544K, reserved 1114112K
  class space    used 5656K, committed 6144K, reserved 1048576K
}
Event: 12.335 GC heap after
{Heap after GC invocations=23 (full 2):
 PSYoungGen      total 23552K, used 1088K [0x00000000d5580000, 0x00000000d6f80000, 0x0000000100000000)
  eden space 22016K, 0% used [0x00000000d5580000,0x00000000d5580000,0x00000000d6b00000)
  from space 1536K, 70% used [0x00000000d6c80000,0x00000000d6d90000,0x00000000d6e00000)
  to   space 1536K, 0% used [0x00000000d6e00000,0x00000000d6e00000,0x00000000d6f80000)
 ParOldGen       total 68608K, used 26422K [0x0000000080000000, 0x0000000084300000, 0x00000000d5580000)
  object space 68608K, 38% used [0x0000000080000000,0x00000000819cdac8,0x0000000084300000)
 Metaspace       used 51396K, committed 52544K, reserved 1114112K
  class space    used 5656K, committed 6144K, reserved 1048576K
}
Event: 12.810 GC heap before
{Heap before GC invocations=24 (full 2):
 PSYoungGen      total 23552K, used 23104K [0x00000000d5580000, 0x00000000d6f80000, 0x0000000100000000)
  eden space 22016K, 100% used [0x00000000d5580000,0x00000000d6b00000,0x00000000d6b00000)
  from space 1536K, 70% used [0x00000000d6c80000,0x00000000d6d90000,0x00000000d6e00000)
  to   space 1536K, 0% used [0x00000000d6e00000,0x00000000d6e00000,0x00000000d6f80000)
 ParOldGen       total 68608K, used 26422K [0x0000000080000000, 0x0000000084300000, 0x00000000d5580000)
  object space 68608K, 38% used [0x0000000080000000,0x00000000819cdac8,0x0000000084300000)
 Metaspace       used 52532K, committed 53696K, reserved 1114112K
  class space    used 5765K, committed 6272K, reserved 1048576K
}
Event: 12.813 GC heap after
{Heap after GC invocations=24 (full 2):
 PSYoungGen      total 22528K, used 1536K [0x00000000d5580000, 0x00000000d7300000, 0x0000000100000000)
  eden space 20992K, 0% used [0x00000000d5580000,0x00000000d5580000,0x00000000d6a00000)
  from space 1536K, 100% used [0x00000000d6e00000,0x00000000d6f80000,0x00000000d6f80000)
  to   space 4096K, 0% used [0x00000000d6a00000,0x00000000d6a00000,0x00000000d6e00000)
 ParOldGen       total 68608K, used 28110K [0x0000000080000000, 0x0000000084300000, 0x00000000d5580000)
  object space 68608K, 40% used [0x0000000080000000,0x0000000081b73ae8,0x0000000084300000)
 Metaspace       used 52532K, committed 53696K, reserved 1114112K
  class space    used 5765K, committed 6272K, reserved 1048576K
}
Event: 12.981 GC heap before
{Heap before GC invocations=25 (full 2):
 PSYoungGen      total 22528K, used 22528K [0x00000000d5580000, 0x00000000d7300000, 0x0000000100000000)
  eden space 20992K, 100% used [0x00000000d5580000,0x00000000d6a00000,0x00000000d6a00000)
  from space 1536K, 100% used [0x00000000d6e00000,0x00000000d6f80000,0x00000000d6f80000)
  to   space 4096K, 0% used [0x00000000d6a00000,0x00000000d6a00000,0x00000000d6e00000)
 ParOldGen       total 68608K, used 28110K [0x0000000080000000, 0x0000000084300000, 0x00000000d5580000)
  object space 68608K, 40% used [0x0000000080000000,0x0000000081b73ae8,0x0000000084300000)
 Metaspace       used 52698K, committed 53888K, reserved 1114112K
  class space    used 5766K, committed 6272K, reserved 1048576K
}
Event: 12.984 GC heap after
{Heap after GC invocations=25 (full 2):
 PSYoungGen      total 23040K, used 1936K [0x00000000d5580000, 0x00000000d6f00000, 0x0000000100000000)
  eden space 20992K, 0% used [0x00000000d5580000,0x00000000d5580000,0x00000000d6a00000)
  from space 2048K, 94% used [0x00000000d6a00000,0x00000000d6be4010,0x00000000d6c00000)
  to   space 2560K, 0% used [0x00000000d6c80000,0x00000000d6c80000,0x00000000d6f00000)
 ParOldGen       total 68608K, used 29534K [0x0000000080000000, 0x0000000084300000, 0x00000000d5580000)
  object space 68608K, 43% used [0x0000000080000000,0x0000000081cd7ae8,0x0000000084300000)
 Metaspace       used 52698K, committed 53888K, reserved 1114112K
  class space    used 5766K, committed 6272K, reserved 1048576K
}

Dll operation events (14 events):
Event: 0.041 Loaded shared library c:\Users\duc.tran5\.antigravity\extensions\redhat.java-1.54.0-win32-x64\jre\21.0.10-win32-x86_64\bin\java.dll
Event: 0.150 Loaded shared library c:\Users\duc.tran5\.antigravity\extensions\redhat.java-1.54.0-win32-x64\jre\21.0.10-win32-x86_64\bin\zip.dll
Event: 0.187 Loaded shared library C:\Users\duc.tran5\.antigravity\extensions\redhat.java-1.54.0-win32-x64\jre\21.0.10-win32-x86_64\bin\instrument.dll
Event: 0.195 Loaded shared library C:\Users\duc.tran5\.antigravity\extensions\redhat.java-1.54.0-win32-x64\jre\21.0.10-win32-x86_64\bin\net.dll
Event: 0.198 Loaded shared library C:\Users\duc.tran5\.antigravity\extensions\redhat.java-1.54.0-win32-x64\jre\21.0.10-win32-x86_64\bin\nio.dll
Event: 0.203 Loaded shared library C:\Users\duc.tran5\.antigravity\extensions\redhat.java-1.54.0-win32-x64\jre\21.0.10-win32-x86_64\bin\zip.dll
Event: 0.230 Loaded shared library C:\Users\duc.tran5\.antigravity\extensions\redhat.java-1.54.0-win32-x64\jre\21.0.10-win32-x86_64\bin\jimage.dll
Event: 0.311 Loaded shared library c:\Users\duc.tran5\.antigravity\extensions\redhat.java-1.54.0-win32-x64\jre\21.0.10-win32-x86_64\bin\verify.dll
Event: 2.399 Loaded shared library C:\Users\duc.tran5\AppData\Roaming\Antigravity\User\globalStorage\redhat.java\1.54.0\config_win\org.eclipse.equinox.launcher\org.eclipse.equinox.launcher.win32.win32.x86_64_1.3.0.v20260203-2149\eclipse_11919.dll
Event: 5.213 Loaded shared library C:\Users\duc.tran5\.antigravity\extensions\redhat.java-1.54.0-win32-x64\jre\21.0.10-win32-x86_64\bin\management.dll
Event: 5.233 Loaded shared library C:\Users\duc.tran5\.antigravity\extensions\redhat.java-1.54.0-win32-x64\jre\21.0.10-win32-x86_64\bin\management_ext.dll
Event: 9.009 Loaded shared library C:\Users\duc.tran5\AppData\Local\Temp\jna-784639854\jna4784058221775766313.dll
Event: 9.788 Loaded shared library C:\Users\duc.tran5\.antigravity\extensions\redhat.java-1.54.0-win32-x64\jre\21.0.10-win32-x86_64\bin\sunmscapi.dll
Event: 9.989 Loaded shared library C:\Users\duc.tran5\.antigravity\extensions\redhat.java-1.54.0-win32-x64\jre\21.0.10-win32-x86_64\bin\extnet.dll

Deoptimization events (20 events):
Event: 13.113 Thread 0x0000016955139710 Uncommon trap: trap_request=0xffffff45 fr.pc=0x0000016907d29a08 relative=0x0000000000000068
Event: 13.113 Thread 0x0000016955139710 Uncommon trap: reason=unstable_if action=reinterpret pc=0x0000016907d29a08 method=java.lang.Thread.getContextClassLoader()Ljava/lang/ClassLoader; @ 6 c2
Event: 13.113 Thread 0x0000016955139710 DEOPT PACKING pc=0x0000016907d29a08 sp=0x0000002ee66fdeb0
Event: 13.113 Thread 0x0000016955139710 DEOPT UNPACKING pc=0x0000016907583aa2 sp=0x0000002ee66fde38 mode 2
Event: 13.118 Thread 0x0000016955139710 Uncommon trap: trap_request=0xffffffde fr.pc=0x0000016907e5e490 relative=0x0000000000000070
Event: 13.118 Thread 0x0000016955139710 Uncommon trap: reason=class_check action=maybe_recompile pc=0x0000016907e5e490 method=com.google.common.cache.LocalCache$Segment.drainRecencyQueue()V @ 4 c2
Event: 13.118 Thread 0x0000016955139710 DEOPT PACKING pc=0x0000016907e5e490 sp=0x0000002ee66fe2a0
Event: 13.118 Thread 0x0000016955139710 DEOPT UNPACKING pc=0x0000016907583aa2 sp=0x0000002ee66fe230 mode 2
Event: 13.121 Thread 0x0000016955139710 Uncommon trap: trap_request=0xffffffde fr.pc=0x0000016907e5e490 relative=0x0000000000000070
Event: 13.121 Thread 0x0000016955139710 Uncommon trap: reason=class_check action=maybe_recompile pc=0x0000016907e5e490 method=com.google.common.cache.LocalCache$Segment.drainRecencyQueue()V @ 4 c2
Event: 13.121 Thread 0x0000016955139710 DEOPT PACKING pc=0x0000016907e5e490 sp=0x0000002ee66fdf00
Event: 13.121 Thread 0x0000016955139710 DEOPT UNPACKING pc=0x0000016907583aa2 sp=0x0000002ee66fde90 mode 2
Event: 13.121 Thread 0x0000016955139710 Uncommon trap: trap_request=0xffffffde fr.pc=0x0000016907e5e490 relative=0x0000000000000070
Event: 13.121 Thread 0x0000016955139710 Uncommon trap: reason=class_check action=maybe_recompile pc=0x0000016907e5e490 method=com.google.common.cache.LocalCache$Segment.drainRecencyQueue()V @ 4 c2
Event: 13.121 Thread 0x0000016955139710 DEOPT PACKING pc=0x0000016907e5e490 sp=0x0000002ee66fdec0
Event: 13.121 Thread 0x0000016955139710 DEOPT UNPACKING pc=0x0000016907583aa2 sp=0x0000002ee66fde50 mode 2
Event: 13.121 Thread 0x0000016955139710 Uncommon trap: trap_request=0xffffffde fr.pc=0x0000016907e5e490 relative=0x0000000000000070
Event: 13.121 Thread 0x0000016955139710 Uncommon trap: reason=class_check action=maybe_recompile pc=0x0000016907e5e490 method=com.google.common.cache.LocalCache$Segment.drainRecencyQueue()V @ 4 c2
Event: 13.121 Thread 0x0000016955139710 DEOPT PACKING pc=0x0000016907e5e490 sp=0x0000002ee66fdf70
Event: 13.121 Thread 0x0000016955139710 DEOPT UNPACKING pc=0x0000016907583aa2 sp=0x0000002ee66fdf00 mode 2

Classes loaded (20 events):
Event: 12.197 Loading class jdk/internal/reflect/MethodHandleShortFieldAccessorImpl
Event: 12.197 Loading class jdk/internal/reflect/MethodHandleShortFieldAccessorImpl done
Event: 12.197 Loading class java/lang/Short$ShortCache
Event: 12.198 Loading class java/lang/Short$ShortCache done
Event: 12.234 Loading class java/util/AbstractList$RandomAccessSubList
Event: 12.234 Loading class java/util/AbstractList$SubList
Event: 12.235 Loading class java/util/AbstractList$SubList done
Event: 12.235 Loading class java/util/AbstractList$RandomAccessSubList done
Event: 12.235 Loading class java/util/AbstractList$SubList$1
Event: 12.235 Loading class java/util/AbstractList$SubList$1 done
Event: 12.235 Loading class java/util/AbstractList$ListItr
Event: 12.235 Loading class java/util/AbstractList$ListItr done
Event: 12.243 Loading class java/util/ImmutableCollections$SubList
Event: 12.244 Loading class java/util/ImmutableCollections$SubList done
Event: 12.488 Loading class java/util/stream/DistinctOps
Event: 12.489 Loading class java/util/stream/DistinctOps done
Event: 12.489 Loading class java/util/stream/DistinctOps$1
Event: 12.489 Loading class java/util/stream/DistinctOps$1 done
Event: 12.491 Loading class java/util/stream/DistinctOps$1$2
Event: 12.491 Loading class java/util/stream/DistinctOps$1$2 done

Classes unloaded (7 events):
Event: 6.020 Thread 0x0000016976e41d80 Unloading class 0x00000169101ab400 'java/lang/invoke/LambdaForm$MH+0x00000169101ab400'
Event: 6.020 Thread 0x0000016976e41d80 Unloading class 0x00000169101ab000 'java/lang/invoke/LambdaForm$MH+0x00000169101ab000'
Event: 6.020 Thread 0x0000016976e41d80 Unloading class 0x00000169101aac00 'java/lang/invoke/LambdaForm$MH+0x00000169101aac00'
Event: 6.020 Thread 0x0000016976e41d80 Unloading class 0x00000169101aa800 'java/lang/invoke/LambdaForm$MH+0x00000169101aa800'
Event: 6.020 Thread 0x0000016976e41d80 Unloading class 0x00000169101aa400 'java/lang/invoke/LambdaForm$BMH+0x00000169101aa400'
Event: 6.020 Thread 0x0000016976e41d80 Unloading class 0x00000169101aa000 'java/lang/invoke/LambdaForm$DMH+0x00000169101aa000'
Event: 6.020 Thread 0x0000016976e41d80 Unloading class 0x00000169101a8c00 'java/lang/invoke/LambdaForm$DMH+0x00000169101a8c00'

Classes redefined (0 events):
No events

Internal exceptions (20 events):
Event: 11.933 Thread 0x0000016955139710 Exception <a 'sun/nio/fs/WindowsException'{0x00000000d69784b8}> (0x00000000d69784b8) 
thrown [s\src\hotspot\share\prims\jni.cpp, line 520]
Event: 11.933 Thread 0x0000016955139710 Exception <a 'sun/nio/fs/WindowsException'{0x00000000d6978b38}> (0x00000000d6978b38) 
thrown [s\src\hotspot\share\prims\jni.cpp, line 520]
Event: 11.933 Thread 0x0000016955139710 Exception <a 'sun/nio/fs/WindowsException'{0x00000000d69791d0}> (0x00000000d69791d0) 
thrown [s\src\hotspot\share\prims\jni.cpp, line 520]
Event: 11.945 Thread 0x0000016955139710 Exception <a 'sun/nio/fs/WindowsException'{0x00000000d69ce360}> (0x00000000d69ce360) 
thrown [s\src\hotspot\share\prims\jni.cpp, line 520]
Event: 11.946 Thread 0x0000016955139710 Exception <a 'sun/nio/fs/WindowsException'{0x00000000d69d4430}> (0x00000000d69d4430) 
thrown [s\src\hotspot\share\prims\jni.cpp, line 520]
Event: 12.113 Thread 0x0000016955139710 Exception <a 'java/lang/NoSuchMethodError'{0x00000000d6545140}: 'long java.lang.invoke.Invokers$Holder.invokeExact_MT(java.lang.Object, java.lang.Object)'> (0x00000000d6545140) 
thrown [s\src\hotspot\share\interpreter\linkResolver.cpp, line 773]
Event: 12.173 Thread 0x0000016955139710 Exception <a 'java/lang/NoSuchMethodError'{0x00000000d670b2b0}: 'java.lang.Object java.lang.invoke.DirectMethodHandle$Holder.invokeStaticInit(java.lang.Object, int)'> (0x00000000d670b2b0) 
thrown [s\src\hotspot\share\interpreter\linkResolver.cpp, line 773]
Event: 12.176 Thread 0x0000016955139710 Exception <a 'sun/nio/fs/WindowsException'{0x00000000d673fb20}> (0x00000000d673fb20) 
thrown [s\src\hotspot\share\prims\jni.cpp, line 520]
Event: 12.209 Thread 0x0000016955139710 Exception <a 'sun/nio/fs/WindowsException'{0x00000000d6828aa0}> (0x00000000d6828aa0) 
thrown [s\src\hotspot\share\prims\jni.cpp, line 520]
Event: 12.215 Thread 0x0000016955139710 Exception <a 'sun/nio/fs/WindowsException'{0x00000000d685abc8}> (0x00000000d685abc8) 
thrown [s\src\hotspot\share\prims\jni.cpp, line 520]
Event: 12.219 Thread 0x0000016955139710 Exception <a 'sun/nio/fs/WindowsException'{0x00000000d6860080}> (0x00000000d6860080) 
thrown [s\src\hotspot\share\prims\jni.cpp, line 520]
Event: 12.441 Thread 0x0000016955139710 Exception <a 'sun/nio/fs/WindowsException'{0x00000000d5857f78}> (0x00000000d5857f78) 
thrown [s\src\hotspot\share\prims\jni.cpp, line 520]
Event: 12.599 Thread 0x0000016955139710 Exception <a 'java/lang/NoSuchMethodError'{0x00000000d5f753e8}: 'void java.lang.invoke.DirectMethodHandle$Holder.invokeStatic(java.lang.Object, java.lang.Object, java.lang.Object, int)'> (0x00000000d5f753e8) 
thrown [s\src\hotspot\share\interpreter\linkResolver.cpp, line 773]
Event: 12.609 Thread 0x0000016955139710 Exception <a 'java/lang/NoSuchMethodError'{0x00000000d5fcba98}: 'void java.lang.invoke.DirectMethodHandle$Holder.invokeVirtual(java.lang.Object, java.lang.Object, int)'> (0x00000000d5fcba98) 
thrown [s\src\hotspot\share\interpreter\linkResolver.cpp, line 773]
Event: 13.106 Thread 0x0000016955139710 Exception <a 'java/lang/NoSuchMethodError'{0x00000000d6377b50}: 'java.lang.Object java.lang.invoke.Invokers$Holder.invoke_MT(java.lang.Object, java.lang.Object, java.lang.Object, java.lang.Object, java.lang.Object, java.lang.Object, java.lang.Object, java.lang.Object, java.lang.Object, java.lang.Object)'> (0x00000000d6377b50) 
thrown [s\src\hotspot\share\interpreter\linkResolver.cpp, line 773]
Event: 13.114 Thread 0x0000016955139710 Exception <a 'java/lang/NoSuchMethodError'{0x00000000d63b4cf0}: 'java.lang.Object java.lang.invoke.Invokers$Holder.invoke_MT(java.lang.Object, java.lang.Object, java.lang.Object, java.lang.Object, java.lang.Object, java.lang.Object, java.lang.Object, java.lang.Object, java.lang.Object, java.lang.Object, java.lang.Object)'> (0x00000000d63b4cf0) 
thrown [s\src\hotspot\share\interpreter\linkResolver.cpp, line 773]
Event: 13.126 Thread 0x0000016955139710 Exception <a 'java/lang/NoSuchMethodError'{0x00000000d642d7f0}: 'java.lang.Object java.lang.invoke.DirectMethodHandle$Holder.newInvokeSpecial(java.lang.Object, java.lang.Object, java.lang.Object, java.lang.Object, java.lang.Object, java.lang.Object, java.lang.Object, java.lang.Object)'> (0x00000000d642d7f0) 
thrown [s\src\hotspot\share\interpreter\linkResolver.cpp, line 773]
Event: 13.128 Thread 0x0000016955139710 Exception <a 'java/lang/NoSuchMethodError'{0x00000000d64415c8}: 'java.lang.Object java.lang.invoke.DirectMethodHandle$Holder.invokeStatic(java.lang.Object, java.lang.Object, int, java.lang.Object, java.lang.Object)'> (0x00000000d64415c8) 
thrown [s\src\hotspot\share\interpreter\linkResolver.cpp, line 773]
Event: 13.129 Thread 0x0000016955139710 Exception <a 'java/lang/NoSuchMethodError'{0x00000000d6447cd0}: 'java.lang.Object java.lang.invoke.DirectMethodHandle$Holder.newInvokeSpecial(java.lang.Object, java.lang.Object, int)'> (0x00000000d6447cd0) 
thrown [s\src\hotspot\share\interpreter\linkResolver.cpp, line 773]
Event: 13.150 Thread 0x0000016955139710 Exception <a 'java/lang/NoSuchMethodError'{0x00000000d64cb668}: 'void java.lang.invoke.DirectMethodHandle$Holder.invokeStatic(java.lang.Object, int)'> (0x00000000d64cb668) 
thrown [s\src\hotspot\share\interpreter\linkResolver.cpp, line 773]

ZGC Phase Switch (0 events):
No events

VM Operations (20 events):
Event: 11.272 Executing safepoint VM operation: ParallelGCFailedAllocation (Allocation Failure) done
Event: 11.291 Executing non-safepoint VM operation: HandshakeAllThreads (Deoptimize)
Event: 11.291 Executing non-safepoint VM operation: HandshakeAllThreads (Deoptimize) done
Event: 11.959 Executing safepoint VM operation: ParallelGCFailedAllocation (Allocation Failure)
Event: 11.962 Executing safepoint VM operation: ParallelGCFailedAllocation (Allocation Failure) done
Event: 12.104 Executing non-safepoint VM operation: HandshakeAllThreads (Deoptimize)
Event: 12.104 Executing non-safepoint VM operation: HandshakeAllThreads (Deoptimize) done
Event: 12.237 Executing non-safepoint VM operation: HandshakeAllThreads (Deoptimize)
Event: 12.237 Executing non-safepoint VM operation: HandshakeAllThreads (Deoptimize) done
Event: 12.331 Executing safepoint VM operation: ParallelGCFailedAllocation (Allocation Failure)
Event: 12.335 Executing safepoint VM operation: ParallelGCFailedAllocation (Allocation Failure) done
Event: 12.491 Executing non-safepoint VM operation: HandshakeAllThreads (Deoptimize)
Event: 12.491 Executing non-safepoint VM operation: HandshakeAllThreads (Deoptimize) done
Event: 12.810 Executing safepoint VM operation: ParallelGCFailedAllocation (Allocation Failure)
Event: 12.813 Executing safepoint VM operation: ParallelGCFailedAllocation (Allocation Failure) done
Event: 12.981 Executing safepoint VM operation: ParallelGCFailedAllocation (Allocation Failure)
Event: 12.984 Executing safepoint VM operation: ParallelGCFailedAllocation (Allocation Failure) done
Event: 13.120 Executing non-safepoint VM operation: HandshakeAllThreads (Deoptimize)
Event: 13.120 Executing non-safepoint VM operation: HandshakeAllThreads (Deoptimize) done
Event: 14.121 Executing safepoint VM operation: Cleanup

Memory protections (0 events):
No events

Nmethod flushes (20 events):
Event: 9.554 Thread 0x0000016976e41d80 flushing  nmethod 0x0000016900633890
Event: 9.554 Thread 0x0000016976e41d80 flushing  nmethod 0x0000016900633d10
Event: 9.554 Thread 0x0000016976e41d80 flushing  nmethod 0x0000016900634210
Event: 9.554 Thread 0x0000016976e41d80 flushing  nmethod 0x0000016900636a10
Event: 9.554 Thread 0x0000016976e41d80 flushing  nmethod 0x0000016900636f10
Event: 9.554 Thread 0x0000016976e41d80 flushing  nmethod 0x0000016900637410
Event: 9.554 Thread 0x0000016976e41d80 flushing  nmethod 0x0000016900638910
Event: 9.554 Thread 0x0000016976e41d80 flushing  nmethod 0x0000016900642d10
Event: 9.554 Thread 0x0000016976e41d80 flushing  nmethod 0x0000016900652690
Event: 9.554 Thread 0x0000016976e41d80 flushing  nmethod 0x0000016900656090
Event: 9.554 Thread 0x0000016976e41d80 flushing  nmethod 0x0000016900671410
Event: 9.554 Thread 0x0000016976e41d80 flushing  nmethod 0x0000016900676390
Event: 9.554 Thread 0x0000016976e41d80 flushing  nmethod 0x000001690067d910
Event: 9.554 Thread 0x0000016976e41d80 flushing  nmethod 0x00000169006c6590
Event: 9.554 Thread 0x0000016976e41d80 flushing  nmethod 0x00000169006de510
Event: 9.554 Thread 0x0000016976e41d80 flushing  nmethod 0x00000169006e0f90
Event: 9.554 Thread 0x0000016976e41d80 flushing  nmethod 0x00000169006f6310
Event: 9.554 Thread 0x0000016976e41d80 flushing  nmethod 0x0000016900719010
Event: 9.554 Thread 0x0000016976e41d80 flushing  nmethod 0x0000016900748c90
Event: 9.554 Thread 0x0000016976e41d80 flushing  nmethod 0x0000016900758290

Events (20 events):
Event: 8.459 Thread 0x0000016976e77820 Thread added: 0x0000016956a535a0
Event: 9.035 Thread 0x0000016950c56b70 Thread added: 0x0000016956a42650
Event: 9.493 Thread 0x00000169551389f0 Thread added: 0x0000016956a43a00
Event: 9.615 Thread 0x0000016956a43a00 Thread added: 0x0000016956a40c10
Event: 9.720 Thread 0x0000016974a812f0 Thread added: 0x0000016956a42ce0
Event: 9.720 Thread 0x0000016974a812f0 Thread added: 0x0000016956a43370
Event: 9.720 Thread 0x0000016974a812f0 Thread added: 0x0000016956a44720
Event: 9.721 Thread 0x0000016974a812f0 Thread added: 0x0000016956a412a0
Event: 9.721 Thread 0x0000016974a812f0 Thread added: 0x0000016956a44db0
Event: 9.721 Thread 0x0000016974a812f0 Thread added: 0x0000016956a41930
Event: 9.721 Thread 0x0000016974a812f0 Thread added: 0x0000016956a48230
Event: 9.721 Thread 0x0000016974a812f0 Thread added: 0x0000016956a467f0
Event: 9.721 Thread 0x0000016974a812f0 Thread added: 0x0000016956a47510
Event: 9.799 Thread 0x0000016974a812f0 Thread added: 0x0000016956a47ba0
Event: 10.179 Thread 0x0000016974a812f0 Thread added: 0x0000016956a45440
Event: 10.179 Thread 0x0000016974a812f0 Thread added: 0x0000016956a45ad0
Event: 10.530 Thread 0x00000169551389f0 Thread added: 0x0000016956a46160
Event: 10.535 Thread 0x0000016956a46160 Thread exited: 0x0000016956a46160
Event: 10.757 Thread 0x00000169551389f0 Thread added: 0x0000016956a46160
Event: 11.763 Thread 0x0000016955139710 Thread added: 0x0000016956a46e80


Dynamic libraries:
0x00007ff6a1320000 - 0x00007ff6a132e000 	c:\Users\duc.tran5\.antigravity\extensions\redhat.java-1.54.0-win32-x64\jre\21.0.10-win32-x86_64\bin\java.exe
0x00007ffaeeae0000 - 0x00007ffaeed47000 	C:\WINDOWS\SYSTEM32\ntdll.dll
0x00007ffaed450000 - 0x00007ffaed519000 	C:\WINDOWS\System32\KERNEL32.DLL
0x00007ffaec3e0000 - 0x00007ffaec7d4000 	C:\WINDOWS\System32\KERNELBASE.dll
0x0000000076060000 - 0x00000000760fe000 	C:\ProgramData\Symantec\Symantec Endpoint Protection\14.3.10148.8000.105\Data\Sysfer\x64\sysfer.dll
0x00007ffaeb520000 - 0x00007ffaeb66b000 	C:\WINDOWS\System32\ucrtbase.dll
0x00007ffaccdd0000 - 0x00007ffaccde8000 	c:\Users\duc.tran5\.antigravity\extensions\redhat.java-1.54.0-win32-x64\jre\21.0.10-win32-x86_64\bin\jli.dll
0x00007ffaed280000 - 0x00007ffaed445000 	C:\WINDOWS\System32\USER32.dll
0x00007ffacd4a0000 - 0x00007ffacd4be000 	c:\Users\duc.tran5\.antigravity\extensions\redhat.java-1.54.0-win32-x64\jre\21.0.10-win32-x86_64\bin\VCRUNTIME140.dll
0x00007ffaec3b0000 - 0x00007ffaec3d7000 	C:\WINDOWS\System32\win32u.dll
0x00007ffad43c0000 - 0x00007ffad4653000 	C:\WINDOWS\WinSxS\amd64_microsoft.windows.common-controls_6595b64144ccf1df_6.0.26100.8115_none_3e075c82e3354f9c\COMCTL32.dll
0x00007ffaecec0000 - 0x00007ffaeceeb000 	C:\WINDOWS\System32\GDI32.dll
0x00007ffaee200000 - 0x00007ffaee2a9000 	C:\WINDOWS\System32\msvcrt.dll
0x00007ffaeb670000 - 0x00007ffaeb79b000 	C:\WINDOWS\System32\gdi32full.dll
0x00007ffaeb910000 - 0x00007ffaeb9b3000 	C:\WINDOWS\System32\msvcp_win.dll
0x00007ffaee2b0000 - 0x00007ffaee2e2000 	C:\WINDOWS\System32\IMM32.DLL
0x00007ffacd510000 - 0x00007ffacd51c000 	c:\Users\duc.tran5\.antigravity\extensions\redhat.java-1.54.0-win32-x64\jre\21.0.10-win32-x86_64\bin\vcruntime140_1.dll
0x00007ffab8b80000 - 0x00007ffab8c0d000 	c:\Users\duc.tran5\.antigravity\extensions\redhat.java-1.54.0-win32-x64\jre\21.0.10-win32-x86_64\bin\msvcp140.dll
0x00007ffa42120000 - 0x00007ffa42ec1000 	c:\Users\duc.tran5\.antigravity\extensions\redhat.java-1.54.0-win32-x64\jre\21.0.10-win32-x86_64\bin\server\jvm.dll
0x00007ffaece00000 - 0x00007ffaeceb6000 	C:\WINDOWS\System32\ADVAPI32.dll
0x00007ffaee9e0000 - 0x00007ffaeea87000 	C:\WINDOWS\System32\sechost.dll
0x00007ffaecff0000 - 0x00007ffaed108000 	C:\WINDOWS\System32\RPCRT4.dll
0x00007ffaee7f0000 - 0x00007ffaee870000 	C:\WINDOWS\System32\WS2_32.dll
0x00007ffaeb210000 - 0x00007ffaeb26e000 	C:\WINDOWS\SYSTEM32\POWRPROF.dll
0x00007ffae30d0000 - 0x00007ffae3106000 	C:\WINDOWS\SYSTEM32\WINMM.dll
0x00007ffad8c50000 - 0x00007ffad8c5b000 	C:\WINDOWS\SYSTEM32\VERSION.dll
0x00007ffaeb1f0000 - 0x00007ffaeb204000 	C:\WINDOWS\SYSTEM32\UMPDC.dll
0x00007ffaea100000 - 0x00007ffaea11b000 	C:\WINDOWS\SYSTEM32\kernel.appcore.dll
0x00007ffacd490000 - 0x00007ffacd49a000 	c:\Users\duc.tran5\.antigravity\extensions\redhat.java-1.54.0-win32-x64\jre\21.0.10-win32-x86_64\bin\jimage.dll
0x00007ffab2f40000 - 0x00007ffab3182000 	C:\WINDOWS\SYSTEM32\DBGHELP.DLL
0x00007ffaee3b0000 - 0x00007ffaee732000 	C:\WINDOWS\System32\combase.dll
0x00007ffaec8f0000 - 0x00007ffaec9c8000 	C:\WINDOWS\System32\OLEAUT32.dll
0x00007ffac3770000 - 0x00007ffac37ab000 	C:\WINDOWS\SYSTEM32\dbgcore.DLL
0x00007ffaeb7a0000 - 0x00007ffaeb845000 	C:\WINDOWS\System32\bcryptPrimitives.dll
0x00007ffacd450000 - 0x00007ffacd45f000 	c:\Users\duc.tran5\.antigravity\extensions\redhat.java-1.54.0-win32-x64\jre\21.0.10-win32-x86_64\bin\instrument.dll
0x00007ffacae50000 - 0x00007ffacae70000 	c:\Users\duc.tran5\.antigravity\extensions\redhat.java-1.54.0-win32-x64\jre\21.0.10-win32-x86_64\bin\java.dll
0x00007ffaed5b0000 - 0x00007ffaedd17000 	C:\WINDOWS\System32\SHELL32.dll
0x00007ffaeb3b0000 - 0x00007ffaeb51a000 	C:\WINDOWS\System32\wintypes.dll
0x00007ffaeb9c0000 - 0x00007ffaec228000 	C:\WINDOWS\System32\windows.storage.dll
0x00007ffaee8e0000 - 0x00007ffaee9d8000 	C:\WINDOWS\System32\SHCORE.dll
0x00007ffaec880000 - 0x00007ffaec8e6000 	C:\WINDOWS\System32\shlwapi.dll
0x00007ffaeb2d0000 - 0x00007ffaeb2f9000 	C:\WINDOWS\SYSTEM32\profapi.dll
0x00007ffaca140000 - 0x00007ffaca158000 	c:\Users\duc.tran5\.antigravity\extensions\redhat.java-1.54.0-win32-x64\jre\21.0.10-win32-x86_64\bin\zip.dll
0x00007ffaccf20000 - 0x00007ffaccf30000 	C:\Users\duc.tran5\.antigravity\extensions\redhat.java-1.54.0-win32-x64\jre\21.0.10-win32-x86_64\bin\net.dll
0x00007ffae5840000 - 0x00007ffae596d000 	C:\WINDOWS\SYSTEM32\WINHTTP.dll
0x00007ffaea650000 - 0x00007ffaea6bc000 	C:\WINDOWS\system32\mswsock.dll
0x00007ffaca8c0000 - 0x00007ffaca8d6000 	C:\Users\duc.tran5\.antigravity\extensions\redhat.java-1.54.0-win32-x64\jre\21.0.10-win32-x86_64\bin\nio.dll
0x00007ffacb220000 - 0x00007ffacb230000 	c:\Users\duc.tran5\.antigravity\extensions\redhat.java-1.54.0-win32-x64\jre\21.0.10-win32-x86_64\bin\verify.dll
0x00007ffab8b30000 - 0x00007ffab8b75000 	C:\Users\duc.tran5\AppData\Roaming\Antigravity\User\globalStorage\redhat.java\1.54.0\config_win\org.eclipse.equinox.launcher\org.eclipse.equinox.launcher.win32.win32.x86_64_1.3.0.v20260203-2149\eclipse_11919.dll
0x00007ffaec9e0000 - 0x00007ffaecb77000 	C:\WINDOWS\System32\ole32.dll
0x00007ffacb130000 - 0x00007ffacb13a000 	C:\Users\duc.tran5\.antigravity\extensions\redhat.java-1.54.0-win32-x64\jre\21.0.10-win32-x86_64\bin\management.dll
0x00007ffacb060000 - 0x00007ffacb06c000 	C:\Users\duc.tran5\.antigravity\extensions\redhat.java-1.54.0-win32-x64\jre\21.0.10-win32-x86_64\bin\management_ext.dll
0x00007ffaec9d0000 - 0x00007ffaec9d8000 	C:\WINDOWS\System32\PSAPI.DLL
0x00007ffaeaa50000 - 0x00007ffaeaa6b000 	C:\WINDOWS\SYSTEM32\CRYPTSP.dll
0x00007ffaea060000 - 0x00007ffaea099000 	C:\WINDOWS\system32\rsaenh.dll
0x00007ffaea700000 - 0x00007ffaea733000 	C:\WINDOWS\SYSTEM32\USERENV.dll
0x00007ffaeb2a0000 - 0x00007ffaeb2ca000 	C:\WINDOWS\SYSTEM32\bcrypt.dll
0x00007ffaea8b0000 - 0x00007ffaea8bc000 	C:\WINDOWS\SYSTEM32\CRYPTBASE.dll
0x00007ffae9860000 - 0x00007ffae9892000 	C:\WINDOWS\SYSTEM32\IPHLPAPI.DLL
0x00007ffaec870000 - 0x00007ffaec87a000 	C:\WINDOWS\System32\NSI.dll
0x00007ffab85f0000 - 0x00007ffab8639000 	C:\Users\duc.tran5\AppData\Local\Temp\jna-784639854\jna4784058221775766313.dll
0x00007ffae5c90000 - 0x00007ffae5cad000 	C:\WINDOWS\SYSTEM32\dhcpcsvc6.DLL
0x00007ffae5c30000 - 0x00007ffae5c55000 	C:\WINDOWS\SYSTEM32\dhcpcsvc.DLL
0x00007ffaca640000 - 0x00007ffaca64e000 	C:\Users\duc.tran5\.antigravity\extensions\redhat.java-1.54.0-win32-x64\jre\21.0.10-win32-x86_64\bin\sunmscapi.dll
0x00007ffaec230000 - 0x00007ffaec3a7000 	C:\WINDOWS\System32\CRYPT32.dll
0x00007ffaeabb0000 - 0x00007ffaeabe0000 	C:\WINDOWS\SYSTEM32\ncrypt.dll
0x00007ffaeab60000 - 0x00007ffaeab9f000 	C:\WINDOWS\SYSTEM32\NTASN1.dll
0x00007ffae98a0000 - 0x00007ffae99d2000 	C:\WINDOWS\SYSTEM32\DNSAPI.dll
0x00007ffadcb00000 - 0x00007ffadcb0b000 	C:\Windows\System32\rasadhlp.dll
0x00007ffae5f10000 - 0x00007ffae5f96000 	C:\WINDOWS\System32\fwpuclnt.dll
0x00007ffaca340000 - 0x00007ffaca349000 	C:\Users\duc.tran5\.antigravity\extensions\redhat.java-1.54.0-win32-x64\jre\21.0.10-win32-x86_64\bin\extnet.dll

JVMTI agents:
c:\Users\duc.tran5\.antigravity\extensions\redhat.java-1.54.0-win32-x64\lombok\lombok-1.18.39-4050.jar path:c:\Users\duc.tran5\.antigravity\extensions\redhat.java-1.54.0-win32-x64\jre\21.0.10-win32-x86_64\bin\instrument.dll, loaded, initialized, instrumentlib options:none

dbghelp: loaded successfully - version: 4.0.5 - missing functions: none
symbol engine: initialized successfully - sym options: 0x614 - pdb path: .;c:\Users\duc.tran5\.antigravity\extensions\redhat.java-1.54.0-win32-x64\jre\21.0.10-win32-x86_64\bin;C:\WINDOWS\SYSTEM32;C:\ProgramData\Symantec\Symantec Endpoint Protection\14.3.10148.8000.105\Data\Sysfer\x64;C:\WINDOWS\WinSxS\amd64_microsoft.windows.common-controls_6595b64144ccf1df_6.0.26100.8115_none_3e075c82e3354f9c;c:\Users\duc.tran5\.antigravity\extensions\redhat.java-1.54.0-win32-x64\jre\21.0.10-win32-x86_64\bin\server;C:\Users\duc.tran5\AppData\Roaming\Antigravity\User\globalStorage\redhat.java\1.54.0\config_win\org.eclipse.equinox.launcher\org.eclipse.equinox.launcher.win32.win32.x86_64_1.3.0.v20260203-2149;C:\Users\duc.tran5\AppData\Local\Temp\jna-784639854

VM Arguments:
jvm_args: --add-modules=ALL-SYSTEM --add-opens=java.base/java.util=ALL-UNNAMED --add-opens=java.base/java.lang=ALL-UNNAMED --add-opens=java.base/sun.nio.fs=ALL-UNNAMED -Declipse.application=org.eclipse.jdt.ls.core.id1 -Dosgi.bundles.defaultStartLevel=4 -Declipse.product=org.eclipse.jdt.ls.core.product -Djava.import.generatesMetadataFilesAtProjectRoot=false -DDetectVMInstallationsJob.disabled=true -Dfile.encoding=utf8 -XX:+UseParallelGC -XX:GCTimeRatio=4 -XX:AdaptiveSizePolicyWeight=90 -Dsun.zip.disableMemoryMapping=true -Xmx2G -Xms100m -Xlog:disable -javaagent:c:\Users\duc.tran5\.antigravity\extensions\redhat.java-1.54.0-win32-x64\lombok\lombok-1.18.39-4050.jar -XX:+HeapDumpOnOutOfMemoryError -XX:HeapDumpPath=c:\Users\duc.tran5\AppData\Roaming\Antigravity\User\workspaceStorage\c0dd5a1957e00520c58bfd4cc7775f38\redhat.java -Daether.dependencyCollector.impl=bf 
java_command: c:\Users\duc.tran5\.antigravity\extensions\redhat.java-1.54.0-win32-x64\server\plugins\org.eclipse.equinox.launcher_1.7.100.v20251111-0406.jar -configuration c:\Users\duc.tran5\AppData\Roaming\Antigravity\User\globalStorage\redhat.java\1.54.0\config_win -data c:\Users\duc.tran5\AppData\Roaming\Antigravity\User\workspaceStorage\c0dd5a1957e00520c58bfd4cc7775f38\redhat.java\jdt_ws --pipe=\\.\pipe\lsp-f5ffb8e771e2d6b9011ea41dad97481c-sock
java_class_path (initial): c:\Users\duc.tran5\.antigravity\extensions\redhat.java-1.54.0-win32-x64\server\plugins\org.eclipse.equinox.launcher_1.7.100.v20251111-0406.jar
Launcher Type: SUN_STANDARD

[Global flags]
    uintx AdaptiveSizePolicyWeight                 = 90                                        {product} {command line}
     intx CICompilerCount                          = 4                                         {product} {ergonomic}
    uintx GCTimeRatio                              = 4                                         {product} {command line}
     bool HeapDumpOnOutOfMemoryError               = true                                   {manageable} {command line}
    ccstr HeapDumpPath                             = c:\Users\duc.tran5\AppData\Roaming\Antigravity\User\workspaceStorage\c0dd5a1957e00520c58bfd4cc7775f38\redhat.java         {manageable} {command line}
   size_t InitialHeapSize                          = 104857600                                 {product} {command line}
   size_t MaxHeapSize                              = 2147483648                                {product} {command line}
   size_t MaxNewSize                               = 715653120                                 {product} {ergonomic}
   size_t MinHeapDeltaBytes                        = 524288                                    {product} {ergonomic}
   size_t MinHeapSize                              = 104857600                                 {product} {command line}
   size_t NewSize                                  = 34603008                                  {product} {ergonomic}
    uintx NonNMethodCodeHeapSize                   = 5839372                                {pd product} {ergonomic}
    uintx NonProfiledCodeHeapSize                  = 122909434                              {pd product} {ergonomic}
   size_t OldSize                                  = 70254592                                  {product} {ergonomic}
    uintx ProfiledCodeHeapSize                     = 122909434                              {pd product} {ergonomic}
    uintx ReservedCodeCacheSize                    = 251658240                              {pd product} {ergonomic}
     bool SegmentedCodeCache                       = true                                      {product} {ergonomic}
   size_t SoftMaxHeapSize                          = 2147483648                             {manageable} {ergonomic}
     bool UseCompressedOops                        = true                           {product lp64_product} {ergonomic}
     bool UseLargePagesIndividualAllocation        = false                                  {pd product} {ergonomic}
     bool UseParallelGC                            = true                                      {product} {command line}

Logging:
Log output configuration:
 #0: stdout all=off uptime,level,tags foldmultilines=false
 #1: stderr all=off uptime,level,tags foldmultilines=false

Release file:
JAVA_VERSION="21.0.10" 
MODULES="java.base java.compiler java.datatransfer java.xml java.prefs java.desktop java.instrument java.logging java.management java.security.sasl java.naming java.rmi java.management.rmi java.net.http java.scripting java.security.jgss java.transaction.xa java.sql java.sql.rowset java.xml.crypto java.se java.smartcardio jdk.accessibility jdk.internal.jvmstat jdk.attach jdk.charsets jdk.internal.opt jdk.zipfs jdk.compiler jdk.crypto.ec jdk.crypto.cryptoki jdk.crypto.mscapi jdk.dynalink jdk.internal.ed jdk.editpad jdk.hotspot.agent jdk.httpserver jdk.internal.le jdk.internal.vm.ci jdk.internal.vm.compiler jdk.internal.vm.compiler.management jdk.jartool jdk.javadoc jdk.jcmd jdk.management jdk.management.agent jdk.jconsole jdk.jdeps jdk.jdwp.agent jdk.jdi jdk.jfr jdk.jshell jdk.jsobject jdk.jstatd jdk.localedata jdk.management.jfr jdk.naming.dns jdk.naming.rmi jdk.net jdk.nio.mapmode jdk.random jdk.sctp jdk.security.auth jdk.security.jgss jdk.unsupported jdk.unsupported.desktop jdk.xml.dom" 

Environment Variables:
JAVA_HOME=C:\Program Files\Java\jdk-11
PATH=C:\Program Files\Java\jdk-11\bin;C:\Program Files\Common Files\Oracle\Java\javapath;C:\WINDOWS\system32;C:\WINDOWS;C:\WINDOWS\System32\Wbem;C:\WINDOWS\System32\WindowsPowerShell\v1.0\;C:\WINDOWS\System32\OpenSSH\;C:\Program Files\Git\cmd;C:\Program Files\Docker\Docker\resources\bin;C:\Program Files\Go\bin;C:\Program Files\nodejs\;C:\Program Files\cursor\resources\app\bin;C:\Program Files\apache-maven-3.9.12\bin;C:\Program Files\terraform;C:\Program Files\Amazon\AWSCLIV2\;C:\Program Files\Cloudflare\Cloudflare WARP\;C:\Program Files\MySQL\MySQL Shell 8.0\bin\;C:\Users\duc.tran5\AppData\Local\Microsoft\WindowsApps;C:\Program Files\JetBrains\IntelliJ IDEA Community Edition 2025.2\bin;C:\Users\duc.tran5\AppData\Local\Programs\Microsoft VS Code\bin;C:\Users\duc.tran5\go\bin;C:\Users\duc.tran5\AppData\Roaming\npm;C:\Users\duc.tran5\AppData\Local\Programs\Antigravity\bin;C:\Program Files\JetBrains\IntelliJ IDEA 2025.3.2\bin;C:\Users\duc.tran5\.local\bin;
USERNAME=duc.tran5
OS=Windows_NT
PROCESSOR_IDENTIFIER=Intel64 Family 6 Model 191 Stepping 5, GenuineIntel
TMP=C:\Users\DUC~1.TRA\AppData\Local\Temp
TEMP=C:\Users\DUC~1.TRA\AppData\Local\Temp




Periodic native trim disabled

---------------  S Y S T E M  ---------------

OS:
 Windows 11 , 64 bit Build 26100 (10.0.26100.8246)
OS uptime: 8 days 0:46 hours
Hyper-V role detected

CPU: total 8 (initial active 8) (4 cores per cpu, 2 threads per core) family 6 model 191 stepping 5 microcode 0x2c, cx8, cmov, fxsr, ht, mmx, 3dnowpref, sse, sse2, sse3, ssse3, sse4.1, sse4.2, popcnt, lzcnt, tsc, tscinvbit, avx, avx2, aes, erms, clmul, bmi1, bmi2, adx, sha, fma, vzeroupper, clflush, clflushopt, clwb, hv, serialize, rdtscp, rdpid, fsrm, f16c, cet_ibt, cet_ss
Processor Information for the first 8 processors :
  Max Mhz: 3500, Current Mhz: 3500, Mhz Limit: 3500

Memory: 4k page, system-wide physical 16125M (874M free)
TotalPageFile size 32509M (AvailPageFile size 3M)
current process WorkingSet (physical memory assigned to process): 238M, peak: 240M
current process commit charge ("private bytes"): 345M, peak: 348M

vm_info: OpenJDK 64-Bit Server VM (21.0.10+7-LTS) for windows-amd64 JRE (21.0.10+7-LTS), built on 2026-01-20T00:00:00Z by "admin" with MS VC++ 17.12 (VS2022)

END.
